[1.492s] Invoking command in '/home/ruslan/ros2_ws/src/magician_ros2/dobot_kinematics': PYTHONPATH=/home/ruslan/ros2_ws/build/dobot_kinematics/prefix_override:/usr/lib/python3/dist-packages/colcon_core/task/python/colcon_distutils_commands:/home/ruslan/ros2_ws/install/dobot_kinematics/lib/python3.10/site-packages:${PYTHONPATH} /usr/bin/python3 -W ignore:setup.py install is deprecated -W ignore:easy_install command is deprecated setup.py egg_info --egg-base ../../../build/dobot_kinematics build --build-base /home/ruslan/ros2_ws/build/dobot_kinematics/build install --record /home/ruslan/ros2_ws/build/dobot_kinematics/install.log --single-version-externally-managed install_data
[1.654s] running egg_info
[1.654s] writing ../../../build/dobot_kinematics/dobot_kinematics.egg-info/PKG-INFO
[1.654s] writing dependency_links to ../../../build/dobot_kinematics/dobot_kinematics.egg-info/dependency_links.txt
[1.654s] writing entry points to ../../../build/dobot_kinematics/dobot_kinematics.egg-info/entry_points.txt
[1.654s] writing requirements to ../../../build/dobot_kinematics/dobot_kinematics.egg-info/requires.txt
[1.655s] writing top-level names to ../../../build/dobot_kinematics/dobot_kinematics.egg-info/top_level.txt
[1.655s] reading manifest file '../../../build/dobot_kinematics/dobot_kinematics.egg-info/SOURCES.txt'
[1.656s] writing manifest file '../../../build/dobot_kinematics/dobot_kinematics.egg-info/SOURCES.txt'
[1.656s] running build
[1.656s] running build_py
[1.656s] running install
[1.656s] running install_lib
[1.657s] running install_data
[1.657s] running install_egg_info
[1.659s] removing '/home/ruslan/ros2_ws/install/dobot_kinematics/lib/python3.10/site-packages/dobot_kinematics-1.0.0-py3.10.egg-info' (and everything under it)
[1.659s] Copying ../../../build/dobot_kinematics/dobot_kinematics.egg-info to /home/ruslan/ros2_ws/install/dobot_kinematics/lib/python3.10/site-packages/dobot_kinematics-1.0.0-py3.10.egg-info
[1.659s] running install_scripts
[1.672s] Installing trajectory_validator_client script to /home/ruslan/ros2_ws/install/dobot_kinematics/lib/dobot_kinematics
[1.672s] Installing trajectory_validator_server script to /home/ruslan/ros2_ws/install/dobot_kinematics/lib/dobot_kinematics
[1.672s] writing list of installed files to '/home/ruslan/ros2_ws/build/dobot_kinematics/install.log'
[1.691s] Invoked command in '/home/ruslan/ros2_ws/src/magician_ros2/dobot_kinematics' returned '0': PYTHONPATH=/home/ruslan/ros2_ws/build/dobot_kinematics/prefix_override:/usr/lib/python3/dist-packages/colcon_core/task/python/colcon_distutils_commands:/home/ruslan/ros2_ws/install/dobot_kinematics/lib/python3.10/site-packages:${PYTHONPATH} /usr/bin/python3 -W ignore:setup.py install is deprecated -W ignore:easy_install command is deprecated setup.py egg_info --egg-base ../../../build/dobot_kinematics build --build-base /home/ruslan/ros2_ws/build/dobot_kinematics/build install --record /home/ruslan/ros2_ws/build/dobot_kinematics/install.log --single-version-externally-managed install_data
