[1.324s] Invoking command in '/home/ruslan/ros2_ws/src/magician_ros2/dobot_motion': AMENT_PREFIX_PATH=/home/ruslan/ros2_ws/install/dobot_msgs:${AMENT_PREFIX_PATH} CMAKE_PREFIX_PATH=/home/ruslan/ros2_ws/install/dobot_msgs LD_LIBRARY_PATH=/home/ruslan/ros2_ws/install/dobot_msgs/lib:${LD_LIBRARY_PATH} PYTHONPATH=/home/ruslan/ros2_ws/build/dobot_motion/prefix_override:/usr/lib/python3/dist-packages/colcon_core/task/python/colcon_distutils_commands:/home/ruslan/ros2_ws/install/dobot_motion/lib/python3.10/site-packages:/home/ruslan/ros2_ws/install/dobot_msgs/local/lib/python3.10/dist-packages:${PYTHONPATH} /usr/bin/python3 -W ignore:setup.py install is deprecated -W ignore:easy_install command is deprecated setup.py egg_info --egg-base ../../../build/dobot_motion build --build-base /home/ruslan/ros2_ws/build/dobot_motion/build install --record /home/ruslan/ros2_ws/build/dobot_motion/install.log --single-version-externally-managed install_data
[1.606s] running egg_info
[1.606s] creating ../../../build/dobot_motion/dobot_motion.egg-info
[1.606s] writing ../../../build/dobot_motion/dobot_motion.egg-info/PKG-INFO
[1.607s] writing dependency_links to ../../../build/dobot_motion/dobot_motion.egg-info/dependency_links.txt
[1.607s] writing entry points to ../../../build/dobot_motion/dobot_motion.egg-info/entry_points.txt
[1.607s] writing requirements to ../../../build/dobot_motion/dobot_motion.egg-info/requires.txt
[1.607s] writing top-level names to ../../../build/dobot_motion/dobot_motion.egg-info/top_level.txt
[1.607s] writing manifest file '../../../build/dobot_motion/dobot_motion.egg-info/SOURCES.txt'
[1.608s] reading manifest file '../../../build/dobot_motion/dobot_motion.egg-info/SOURCES.txt'
[1.609s] writing manifest file '../../../build/dobot_motion/dobot_motion.egg-info/SOURCES.txt'
[1.609s] running build
[1.609s] running build_py
[1.610s] creating /home/ruslan/ros2_ws/build/dobot_motion/build
[1.610s] creating /home/ruslan/ros2_ws/build/dobot_motion/build/lib
[1.610s] creating /home/ruslan/ros2_ws/build/dobot_motion/build/lib/dobot_motion
[1.610s] copying dobot_motion/sliding_rail_server.py -> /home/ruslan/ros2_ws/build/dobot_motion/build/lib/dobot_motion
[1.610s] copying dobot_motion/__init__.py -> /home/ruslan/ros2_ws/build/dobot_motion/build/lib/dobot_motion
[1.610s] copying dobot_motion/PTP_server.py -> /home/ruslan/ros2_ws/build/dobot_motion/build/lib/dobot_motion
[1.610s] copying dobot_motion/PTP_params_class.py -> /home/ruslan/ros2_ws/build/dobot_motion/build/lib/dobot_motion
[1.611s] running install
[1.611s] running install_lib
[1.611s] creating /home/ruslan/ros2_ws/install/dobot_motion/lib/python3.10/site-packages/dobot_motion
[1.611s] copying /home/ruslan/ros2_ws/build/dobot_motion/build/lib/dobot_motion/sliding_rail_server.py -> /home/ruslan/ros2_ws/install/dobot_motion/lib/python3.10/site-packages/dobot_motion
[1.611s] copying /home/ruslan/ros2_ws/build/dobot_motion/build/lib/dobot_motion/__init__.py -> /home/ruslan/ros2_ws/install/dobot_motion/lib/python3.10/site-packages/dobot_motion
[1.611s] copying /home/ruslan/ros2_ws/build/dobot_motion/build/lib/dobot_motion/PTP_server.py -> /home/ruslan/ros2_ws/install/dobot_motion/lib/python3.10/site-packages/dobot_motion
[1.611s] copying /home/ruslan/ros2_ws/build/dobot_motion/build/lib/dobot_motion/PTP_params_class.py -> /home/ruslan/ros2_ws/install/dobot_motion/lib/python3.10/site-packages/dobot_motion
[1.612s] byte-compiling /home/ruslan/ros2_ws/install/dobot_motion/lib/python3.10/site-packages/dobot_motion/sliding_rail_server.py to sliding_rail_server.cpython-310.pyc
[1.613s] byte-compiling /home/ruslan/ros2_ws/install/dobot_motion/lib/python3.10/site-packages/dobot_motion/__init__.py to __init__.cpython-310.pyc
[1.613s] byte-compiling /home/ruslan/ros2_ws/install/dobot_motion/lib/python3.10/site-packages/dobot_motion/PTP_server.py to PTP_server.cpython-310.pyc
[1.615s] byte-compiling /home/ruslan/ros2_ws/install/dobot_motion/lib/python3.10/site-packages/dobot_motion/PTP_params_class.py to PTP_params_class.cpython-310.pyc
[1.616s] running install_data
[1.616s] creating /home/ruslan/ros2_ws/install/dobot_motion/share/ament_index
[1.616s] creating /home/ruslan/ros2_ws/install/dobot_motion/share/ament_index/resource_index
[1.616s] creating /home/ruslan/ros2_ws/install/dobot_motion/share/ament_index/resource_index/packages
[1.616s] copying resource/dobot_motion -> /home/ruslan/ros2_ws/install/dobot_motion/share/ament_index/resource_index/packages
[1.616s] copying package.xml -> /home/ruslan/ros2_ws/install/dobot_motion/share/dobot_motion
[1.616s] copying launch/dobot_PTP.launch.py -> /home/ruslan/ros2_ws/install/dobot_motion/share/dobot_motion
[1.616s] copying launch/dobot_rail.launch.py -> /home/ruslan/ros2_ws/install/dobot_motion/share/dobot_motion
[1.616s] creating /home/ruslan/ros2_ws/install/dobot_motion/share/dobot_motion/config
[1.616s] copying config/PTP_motion_params.yaml -> /home/ruslan/ros2_ws/install/dobot_motion/share/dobot_motion/config
[1.616s] copying config/sliding_rail_params.yaml -> /home/ruslan/ros2_ws/install/dobot_motion/share/dobot_motion/config
[1.616s] running install_egg_info
[1.618s] Copying ../../../build/dobot_motion/dobot_motion.egg-info to /home/ruslan/ros2_ws/install/dobot_motion/lib/python3.10/site-packages/dobot_motion-1.0.0-py3.10.egg-info
[1.619s] running install_scripts
[1.636s] Installing PTP_server script to /home/ruslan/ros2_ws/install/dobot_motion/lib/dobot_motion
[1.636s] Installing sliding_rail_server script to /home/ruslan/ros2_ws/install/dobot_motion/lib/dobot_motion
[1.636s] writing list of installed files to '/home/ruslan/ros2_ws/build/dobot_motion/install.log'
[1.654s] Invoked command in '/home/ruslan/ros2_ws/src/magician_ros2/dobot_motion' returned '0': AMENT_PREFIX_PATH=/home/ruslan/ros2_ws/install/dobot_msgs:${AMENT_PREFIX_PATH} CMAKE_PREFIX_PATH=/home/ruslan/ros2_ws/install/dobot_msgs LD_LIBRARY_PATH=/home/ruslan/ros2_ws/install/dobot_msgs/lib:${LD_LIBRARY_PATH} PYTHONPATH=/home/ruslan/ros2_ws/build/dobot_motion/prefix_override:/usr/lib/python3/dist-packages/colcon_core/task/python/colcon_distutils_commands:/home/ruslan/ros2_ws/install/dobot_motion/lib/python3.10/site-packages:/home/ruslan/ros2_ws/install/dobot_msgs/local/lib/python3.10/dist-packages:${PYTHONPATH} /usr/bin/python3 -W ignore:setup.py install is deprecated -W ignore:easy_install command is deprecated setup.py egg_info --egg-base ../../../build/dobot_motion build --build-base /home/ruslan/ros2_ws/build/dobot_motion/build install --record /home/ruslan/ros2_ws/build/dobot_motion/install.log --single-version-externally-managed install_data
