[0.699s] Invoking command in '/home/ruslan/ros2_ws/src/webcam_publisher': PYTHONPATH=/home/ruslan/ros2_ws/build/webcam_publisher/prefix_override:/usr/lib/python3/dist-packages/colcon_core/task/python/colcon_distutils_commands:/home/ruslan/ros2_ws/install/webcam_publisher/lib/python3.10/site-packages:${PYTHONPATH} /usr/bin/python3 -W ignore:setup.py install is deprecated -W ignore:easy_install command is deprecated setup.py egg_info --egg-base ../../build/webcam_publisher build --build-base /home/ruslan/ros2_ws/build/webcam_publisher/build install --record /home/ruslan/ros2_ws/build/webcam_publisher/install.log --single-version-externally-managed install_data
[0.836s] running egg_info
[0.837s] creating ../../build/webcam_publisher/webcam_publisher.egg-info
[0.837s] writing ../../build/webcam_publisher/webcam_publisher.egg-info/PKG-INFO
[0.837s] writing dependency_links to ../../build/webcam_publisher/webcam_publisher.egg-info/dependency_links.txt
[0.837s] writing entry points to ../../build/webcam_publisher/webcam_publisher.egg-info/entry_points.txt
[0.837s] writing requirements to ../../build/webcam_publisher/webcam_publisher.egg-info/requires.txt
[0.837s] writing top-level names to ../../build/webcam_publisher/webcam_publisher.egg-info/top_level.txt
[0.837s] writing manifest file '../../build/webcam_publisher/webcam_publisher.egg-info/SOURCES.txt'
[0.838s] reading manifest file '../../build/webcam_publisher/webcam_publisher.egg-info/SOURCES.txt'
[0.838s] writing manifest file '../../build/webcam_publisher/webcam_publisher.egg-info/SOURCES.txt'
[0.838s] running build
[0.838s] running build_py
[0.838s] creating /home/ruslan/ros2_ws/build/webcam_publisher/build
[0.839s] creating /home/ruslan/ros2_ws/build/webcam_publisher/build/lib
[0.839s] creating /home/ruslan/ros2_ws/build/webcam_publisher/build/lib/webcam_publisher
[0.839s] copying webcam_publisher/webcam_publisher.py -> /home/ruslan/ros2_ws/build/webcam_publisher/build/lib/webcam_publisher
[0.839s] copying webcam_publisher/__init__.py -> /home/ruslan/ros2_ws/build/webcam_publisher/build/lib/webcam_publisher
[0.839s] running install
[0.839s] running install_lib
[0.839s] creating /home/ruslan/ros2_ws/install/webcam_publisher/lib/python3.10/site-packages/webcam_publisher
[0.839s] copying /home/ruslan/ros2_ws/build/webcam_publisher/build/lib/webcam_publisher/webcam_publisher.py -> /home/ruslan/ros2_ws/install/webcam_publisher/lib/python3.10/site-packages/webcam_publisher
[0.839s] copying /home/ruslan/ros2_ws/build/webcam_publisher/build/lib/webcam_publisher/__init__.py -> /home/ruslan/ros2_ws/install/webcam_publisher/lib/python3.10/site-packages/webcam_publisher
[0.839s] byte-compiling /home/ruslan/ros2_ws/install/webcam_publisher/lib/python3.10/site-packages/webcam_publisher/webcam_publisher.py to webcam_publisher.cpython-310.pyc
[0.840s] byte-compiling /home/ruslan/ros2_ws/install/webcam_publisher/lib/python3.10/site-packages/webcam_publisher/__init__.py to __init__.cpython-310.pyc
[0.840s] running install_data
[0.840s] creating /home/ruslan/ros2_ws/install/webcam_publisher/share/ament_index
[0.840s] creating /home/ruslan/ros2_ws/install/webcam_publisher/share/ament_index/resource_index
[0.840s] creating /home/ruslan/ros2_ws/install/webcam_publisher/share/ament_index/resource_index/packages
[0.840s] copying resource/webcam_publisher -> /home/ruslan/ros2_ws/install/webcam_publisher/share/ament_index/resource_index/packages
[0.840s] copying package.xml -> /home/ruslan/ros2_ws/install/webcam_publisher/share/webcam_publisher
[0.840s] running install_egg_info
[0.841s] Copying ../../build/webcam_publisher/webcam_publisher.egg-info to /home/ruslan/ros2_ws/install/webcam_publisher/lib/python3.10/site-packages/webcam_publisher-0.0.0-py3.10.egg-info
[0.841s] running install_scripts
[0.853s] Installing webcam_publisher script to /home/ruslan/ros2_ws/install/webcam_publisher/lib/webcam_publisher
[0.854s] writing list of installed files to '/home/ruslan/ros2_ws/build/webcam_publisher/install.log'
[0.880s] Invoked command in '/home/ruslan/ros2_ws/src/webcam_publisher' returned '0': PYTHONPATH=/home/ruslan/ros2_ws/build/webcam_publisher/prefix_override:/usr/lib/python3/dist-packages/colcon_core/task/python/colcon_distutils_commands:/home/ruslan/ros2_ws/install/webcam_publisher/lib/python3.10/site-packages:${PYTHONPATH} /usr/bin/python3 -W ignore:setup.py install is deprecated -W ignore:easy_install command is deprecated setup.py egg_info --egg-base ../../build/webcam_publisher build --build-base /home/ruslan/ros2_ws/build/webcam_publisher/build install --record /home/ruslan/ros2_ws/build/webcam_publisher/install.log --single-version-externally-managed install_data
