[1.201s] Invoking command in '/home/ruslan/ros2_ws/src/webcam_publisher': PYTHONPATH=/home/ruslan/ros2_ws/build/webcam_publisher/prefix_override:/usr/lib/python3/dist-packages/colcon_core/task/python/colcon_distutils_commands:/home/ruslan/ros2_ws/install/webcam_publisher/lib/python3.10/site-packages:${PYTHONPATH} /usr/bin/python3 -W ignore:setup.py install is deprecated -W ignore:easy_install command is deprecated setup.py egg_info --egg-base ../../build/webcam_publisher build --build-base /home/ruslan/ros2_ws/build/webcam_publisher/build install --record /home/ruslan/ros2_ws/build/webcam_publisher/install.log --single-version-externally-managed install_data
[1.372s] running egg_info
[1.373s] writing ../../build/webcam_publisher/webcam_publisher.egg-info/PKG-INFO
[1.373s] writing dependency_links to ../../build/webcam_publisher/webcam_publisher.egg-info/dependency_links.txt
[1.373s] writing entry points to ../../build/webcam_publisher/webcam_publisher.egg-info/entry_points.txt
[1.373s] writing requirements to ../../build/webcam_publisher/webcam_publisher.egg-info/requires.txt
[1.374s] writing top-level names to ../../build/webcam_publisher/webcam_publisher.egg-info/top_level.txt
[1.375s] reading manifest file '../../build/webcam_publisher/webcam_publisher.egg-info/SOURCES.txt'
[1.375s] writing manifest file '../../build/webcam_publisher/webcam_publisher.egg-info/SOURCES.txt'
[1.375s] running build
[1.375s] running build_py
[1.376s] running install
[1.376s] running install_lib
[1.376s] running install_data
[1.376s] running install_egg_info
[1.377s] removing '/home/ruslan/ros2_ws/install/webcam_publisher/lib/python3.10/site-packages/webcam_publisher-0.0.0-py3.10.egg-info' (and everything under it)
[1.377s] Copying ../../build/webcam_publisher/webcam_publisher.egg-info to /home/ruslan/ros2_ws/install/webcam_publisher/lib/python3.10/site-packages/webcam_publisher-0.0.0-py3.10.egg-info
[1.378s] running install_scripts
[1.391s] Installing webcam_publisher script to /home/ruslan/ros2_ws/install/webcam_publisher/lib/webcam_publisher
[1.391s] writing list of installed files to '/home/ruslan/ros2_ws/build/webcam_publisher/install.log'
[1.418s] Invoked command in '/home/ruslan/ros2_ws/src/webcam_publisher' returned '0': PYTHONPATH=/home/ruslan/ros2_ws/build/webcam_publisher/prefix_override:/usr/lib/python3/dist-packages/colcon_core/task/python/colcon_distutils_commands:/home/ruslan/ros2_ws/install/webcam_publisher/lib/python3.10/site-packages:${PYTHONPATH} /usr/bin/python3 -W ignore:setup.py install is deprecated -W ignore:easy_install command is deprecated setup.py egg_info --egg-base ../../build/webcam_publisher build --build-base /home/ruslan/ros2_ws/build/webcam_publisher/build install --record /home/ruslan/ros2_ws/build/webcam_publisher/install.log --single-version-externally-managed install_data
