running egg_info
writing ../../../build/dobot_kinematics/dobot_kinematics.egg-info/PKG-INFO
writing dependency_links to ../../../build/dobot_kinematics/dobot_kinematics.egg-info/dependency_links.txt
writing entry points to ../../../build/dobot_kinematics/dobot_kinematics.egg-info/entry_points.txt
writing requirements to ../../../build/dobot_kinematics/dobot_kinematics.egg-info/requires.txt
writing top-level names to ../../../build/dobot_kinematics/dobot_kinematics.egg-info/top_level.txt
reading manifest file '../../../build/dobot_kinematics/dobot_kinematics.egg-info/SOURCES.txt'
writing manifest file '../../../build/dobot_kinematics/dobot_kinematics.egg-info/SOURCES.txt'
running build
running build_py
running install
running install_lib
running install_data
running install_egg_info
removing '/home/ruslan/ros2_ws/install/dobot_kinematics/lib/python3.10/site-packages/dobot_kinematics-1.0.0-py3.10.egg-info' (and everything under it)
Copying ../../../build/dobot_kinematics/dobot_kinematics.egg-info to /home/ruslan/ros2_ws/install/dobot_kinematics/lib/python3.10/site-packages/dobot_kinematics-1.0.0-py3.10.egg-info
running install_scripts
Installing trajectory_validator_client script to /home/ruslan/ros2_ws/install/dobot_kinematics/lib/dobot_kinematics
Installing trajectory_validator_server script to /home/ruslan/ros2_ws/install/dobot_kinematics/lib/dobot_kinematics
writing list of installed files to '/home/ruslan/ros2_ws/build/dobot_kinematics/install.log'
