[1.411s] Invoking command in '/home/ruslan/ros2_ws/src/magician_ros2/dobot_kinematics': AMENT_PREFIX_PATH=/home/ruslan/ros2_ws/install/dobot_msgs:${AMENT_PREFIX_PATH} CMAKE_PREFIX_PATH=/home/ruslan/ros2_ws/install/dobot_msgs LD_LIBRARY_PATH=/home/ruslan/ros2_ws/install/dobot_msgs/lib:${LD_LIBRARY_PATH} PYTHONPATH=/home/ruslan/ros2_ws/build/dobot_kinematics/prefix_override:/usr/lib/python3/dist-packages/colcon_core/task/python/colcon_distutils_commands:/home/ruslan/ros2_ws/install/dobot_kinematics/lib/python3.10/site-packages:/home/ruslan/ros2_ws/install/dobot_msgs/local/lib/python3.10/dist-packages:${PYTHONPATH} /usr/bin/python3 -W ignore:setup.py install is deprecated -W ignore:easy_install command is deprecated setup.py egg_info --egg-base ../../../build/dobot_kinematics build --build-base /home/ruslan/ros2_ws/build/dobot_kinematics/build install --record /home/ruslan/ros2_ws/build/dobot_kinematics/install.log --single-version-externally-managed install_data
[1.590s] running egg_info
[1.590s] writing ../../../build/dobot_kinematics/dobot_kinematics.egg-info/PKG-INFO
[1.590s] writing dependency_links to ../../../build/dobot_kinematics/dobot_kinematics.egg-info/dependency_links.txt
[1.590s] writing entry points to ../../../build/dobot_kinematics/dobot_kinematics.egg-info/entry_points.txt
[1.590s] writing requirements to ../../../build/dobot_kinematics/dobot_kinematics.egg-info/requires.txt
[1.591s] writing top-level names to ../../../build/dobot_kinematics/dobot_kinematics.egg-info/top_level.txt
[1.591s] reading manifest file '../../../build/dobot_kinematics/dobot_kinematics.egg-info/SOURCES.txt'
[1.592s] writing manifest file '../../../build/dobot_kinematics/dobot_kinematics.egg-info/SOURCES.txt'
[1.592s] running build
[1.592s] running build_py
[1.592s] running install
[1.592s] running install_lib
[1.593s] running install_data
[1.593s] running install_egg_info
[1.594s] removing '/home/ruslan/ros2_ws/install/dobot_kinematics/lib/python3.10/site-packages/dobot_kinematics-1.0.0-py3.10.egg-info' (and everything under it)
[1.594s] Copying ../../../build/dobot_kinematics/dobot_kinematics.egg-info to /home/ruslan/ros2_ws/install/dobot_kinematics/lib/python3.10/site-packages/dobot_kinematics-1.0.0-py3.10.egg-info
[1.595s] running install_scripts
[1.607s] Installing trajectory_validator_client script to /home/ruslan/ros2_ws/install/dobot_kinematics/lib/dobot_kinematics
[1.607s] Installing trajectory_validator_server script to /home/ruslan/ros2_ws/install/dobot_kinematics/lib/dobot_kinematics
[1.608s] writing list of installed files to '/home/ruslan/ros2_ws/build/dobot_kinematics/install.log'
[1.625s] Invoked command in '/home/ruslan/ros2_ws/src/magician_ros2/dobot_kinematics' returned '0': AMENT_PREFIX_PATH=/home/ruslan/ros2_ws/install/dobot_msgs:${AMENT_PREFIX_PATH} CMAKE_PREFIX_PATH=/home/ruslan/ros2_ws/install/dobot_msgs LD_LIBRARY_PATH=/home/ruslan/ros2_ws/install/dobot_msgs/lib:${LD_LIBRARY_PATH} PYTHONPATH=/home/ruslan/ros2_ws/build/dobot_kinematics/prefix_override:/usr/lib/python3/dist-packages/colcon_core/task/python/colcon_distutils_commands:/home/ruslan/ros2_ws/install/dobot_kinematics/lib/python3.10/site-packages:/home/ruslan/ros2_ws/install/dobot_msgs/local/lib/python3.10/dist-packages:${PYTHONPATH} /usr/bin/python3 -W ignore:setup.py install is deprecated -W ignore:easy_install command is deprecated setup.py egg_info --egg-base ../../../build/dobot_kinematics build --build-base /home/ruslan/ros2_ws/build/dobot_kinematics/build install --record /home/ruslan/ros2_ws/build/dobot_kinematics/install.log --single-version-externally-managed install_data
