[2.166s] Invoking command in '/home/ruslan/ros2_ws/src/hand_tracker': PYTHONPATH=/home/ruslan/ros2_ws/build/hand_tracker/prefix_override:/usr/lib/python3/dist-packages/colcon_core/task/python/colcon_distutils_commands:/home/ruslan/ros2_ws/install/hand_tracker/lib/python3.10/site-packages:${PYTHONPATH} /usr/bin/python3 -W ignore:setup.py install is deprecated -W ignore:easy_install command is deprecated setup.py egg_info --egg-base ../../build/hand_tracker build --build-base /home/ruslan/ros2_ws/build/hand_tracker/build install --record /home/ruslan/ros2_ws/build/hand_tracker/install.log --single-version-externally-managed install_data
[2.399s] running egg_info
[2.400s] writing ../../build/hand_tracker/hand_tracker.egg-info/PKG-INFO
[2.400s] writing dependency_links to ../../build/hand_tracker/hand_tracker.egg-info/dependency_links.txt
[2.400s] writing entry points to ../../build/hand_tracker/hand_tracker.egg-info/entry_points.txt
[2.400s] writing requirements to ../../build/hand_tracker/hand_tracker.egg-info/requires.txt
[2.400s] writing top-level names to ../../build/hand_tracker/hand_tracker.egg-info/top_level.txt
[2.401s] reading manifest file '../../build/hand_tracker/hand_tracker.egg-info/SOURCES.txt'
[2.402s] writing manifest file '../../build/hand_tracker/hand_tracker.egg-info/SOURCES.txt'
[2.402s] running build
[2.402s] running build_py
[2.402s] running install
[2.402s] running install_lib
[2.403s] running install_data
[2.403s] running install_egg_info
[2.404s] removing '/home/ruslan/ros2_ws/install/hand_tracker/lib/python3.10/site-packages/hand_tracker-0.0.0-py3.10.egg-info' (and everything under it)
[2.404s] Copying ../../build/hand_tracker/hand_tracker.egg-info to /home/ruslan/ros2_ws/install/hand_tracker/lib/python3.10/site-packages/hand_tracker-0.0.0-py3.10.egg-info
[2.404s] running install_scripts
[2.417s] Installing dobot_controller_node script to /home/ruslan/ros2_ws/install/hand_tracker/lib/hand_tracker
[2.418s] Installing hand_tracker_node script to /home/ruslan/ros2_ws/install/hand_tracker/lib/hand_tracker
[2.418s] writing list of installed files to '/home/ruslan/ros2_ws/build/hand_tracker/install.log'
[2.439s] Invoked command in '/home/ruslan/ros2_ws/src/hand_tracker' returned '0': PYTHONPATH=/home/ruslan/ros2_ws/build/hand_tracker/prefix_override:/usr/lib/python3/dist-packages/colcon_core/task/python/colcon_distutils_commands:/home/ruslan/ros2_ws/install/hand_tracker/lib/python3.10/site-packages:${PYTHONPATH} /usr/bin/python3 -W ignore:setup.py install is deprecated -W ignore:easy_install command is deprecated setup.py egg_info --egg-base ../../build/hand_tracker build --build-base /home/ruslan/ros2_ws/build/hand_tracker/build install --record /home/ruslan/ros2_ws/build/hand_tracker/install.log --single-version-externally-managed install_data
