[0.063s] DEBUG:colcon:Command line arguments: ['/usr/bin/colcon', 'build']
[0.063s] DEBUG:colcon:Parsed command line arguments: Namespace(log_base=None, log_level=None, verb_name='build', build_base='build', install_base='install', merge_install=False, symlink_install=False, test_result_base=None, continue_on_error=False, executor='parallel', parallel_workers=16, event_handlers=None, ignore_user_meta=False, metas=['./colcon.meta'], base_paths=['.'], packages_ignore=None, packages_ignore_regex=None, paths=None, packages_up_to=None, packages_up_to_regex=None, packages_above=None, packages_above_and_dependencies=None, packages_above_depth=None, packages_select_by_dep=None, packages_skip_by_dep=None, packages_skip_up_to=None, packages_select_build_failed=False, packages_skip_build_finished=False, packages_select_test_failures=False, packages_skip_test_passed=False, packages_select=None, packages_skip=None, packages_select_regex=None, packages_skip_regex=None, packages_start=None, packages_end=None, allow_overriding=[], cmake_args=None, cmake_target=None, cmake_target_skip_unavailable=False, cmake_clean_cache=False, cmake_clean_first=False, cmake_force_configure=False, ament_cmake_args=None, catkin_cmake_args=None, catkin_skip_building_tests=False, mixin_files=None, mixin=None, verb_parser=<colcon_mixin.mixin.mixin_argument.MixinArgumentDecorator object at 0x76cb2905a980>, verb_extension=<colcon_core.verb.build.BuildVerb object at 0x76cb2905a410>, main=<bound method BuildVerb.main of <colcon_core.verb.build.BuildVerb object at 0x76cb2905a410>>, mixin_verb=('build',))
[0.162s] Level 1:colcon.colcon_core.package_discovery:discover_packages(colcon_meta) check parameters
[0.162s] Level 1:colcon.colcon_core.package_discovery:discover_packages(recursive) check parameters
[0.162s] Level 1:colcon.colcon_core.package_discovery:discover_packages(ignore) check parameters
[0.162s] Level 1:colcon.colcon_core.package_discovery:discover_packages(path) check parameters
[0.162s] Level 1:colcon.colcon_core.package_discovery:discover_packages(colcon_meta) discover
[0.162s] Level 1:colcon.colcon_core.package_discovery:discover_packages(recursive) discover
[0.162s] INFO:colcon.colcon_core.package_discovery:Crawling recursively for packages in '/home/ruslan/ros2_ws'
[0.162s] Level 1:colcon.colcon_core.package_identification:_identify(.) by extensions ['ignore', 'ignore_ament_install']
[0.162s] Level 1:colcon.colcon_core.package_identification:_identify(.) by extension 'ignore'
[0.162s] Level 1:colcon.colcon_core.package_identification:_identify(.) by extension 'ignore_ament_install'
[0.162s] Level 1:colcon.colcon_core.package_identification:_identify(.) by extensions ['colcon_pkg']
[0.162s] Level 1:colcon.colcon_core.package_identification:_identify(.) by extension 'colcon_pkg'
[0.162s] Level 1:colcon.colcon_core.package_identification:_identify(.) by extensions ['colcon_meta']
[0.162s] Level 1:colcon.colcon_core.package_identification:_identify(.) by extension 'colcon_meta'
[0.162s] Level 1:colcon.colcon_core.package_identification:_identify(.) by extensions ['ros']
[0.162s] Level 1:colcon.colcon_core.package_identification:_identify(.) by extension 'ros'
[0.174s] Level 1:colcon.colcon_core.package_identification:_identify(.) by extensions ['cmake', 'python']
[0.174s] Level 1:colcon.colcon_core.package_identification:_identify(.) by extension 'cmake'
[0.174s] Level 1:colcon.colcon_core.package_identification:_identify(.) by extension 'python'
[0.174s] Level 1:colcon.colcon_core.package_identification:_identify(.) by extensions ['python_setup_py']
[0.174s] Level 1:colcon.colcon_core.package_identification:_identify(.) by extension 'python_setup_py'
[0.174s] Level 1:colcon.colcon_core.package_identification:_identify(build) by extensions ['ignore', 'ignore_ament_install']
[0.174s] Level 1:colcon.colcon_core.package_identification:_identify(build) by extension 'ignore'
[0.174s] Level 1:colcon.colcon_core.package_identification:_identify(build) ignored
[0.174s] Level 1:colcon.colcon_core.package_identification:_identify(install) by extensions ['ignore', 'ignore_ament_install']
[0.174s] Level 1:colcon.colcon_core.package_identification:_identify(install) by extension 'ignore'
[0.174s] Level 1:colcon.colcon_core.package_identification:_identify(install) ignored
[0.174s] Level 1:colcon.colcon_core.package_identification:_identify(log) by extensions ['ignore', 'ignore_ament_install']
[0.174s] Level 1:colcon.colcon_core.package_identification:_identify(log) by extension 'ignore'
[0.174s] Level 1:colcon.colcon_core.package_identification:_identify(log) ignored
[0.174s] Level 1:colcon.colcon_core.package_identification:_identify(src) by extensions ['ignore', 'ignore_ament_install']
[0.174s] Level 1:colcon.colcon_core.package_identification:_identify(src) by extension 'ignore'
[0.174s] Level 1:colcon.colcon_core.package_identification:_identify(src) by extension 'ignore_ament_install'
[0.174s] Level 1:colcon.colcon_core.package_identification:_identify(src) by extensions ['colcon_pkg']
[0.174s] Level 1:colcon.colcon_core.package_identification:_identify(src) by extension 'colcon_pkg'
[0.174s] Level 1:colcon.colcon_core.package_identification:_identify(src) by extensions ['colcon_meta']
[0.175s] Level 1:colcon.colcon_core.package_identification:_identify(src) by extension 'colcon_meta'
[0.175s] Level 1:colcon.colcon_core.package_identification:_identify(src) by extensions ['ros']
[0.175s] Level 1:colcon.colcon_core.package_identification:_identify(src) by extension 'ros'
[0.175s] Level 1:colcon.colcon_core.package_identification:_identify(src) by extensions ['cmake', 'python']
[0.175s] Level 1:colcon.colcon_core.package_identification:_identify(src) by extension 'cmake'
[0.175s] Level 1:colcon.colcon_core.package_identification:_identify(src) by extension 'python'
[0.175s] Level 1:colcon.colcon_core.package_identification:_identify(src) by extensions ['python_setup_py']
[0.175s] Level 1:colcon.colcon_core.package_identification:_identify(src) by extension 'python_setup_py'
[0.175s] Level 1:colcon.colcon_core.package_identification:_identify(src/dobot_controller) by extensions ['ignore', 'ignore_ament_install']
[0.175s] Level 1:colcon.colcon_core.package_identification:_identify(src/dobot_controller) by extension 'ignore'
[0.175s] Level 1:colcon.colcon_core.package_identification:_identify(src/dobot_controller) by extension 'ignore_ament_install'
[0.175s] Level 1:colcon.colcon_core.package_identification:_identify(src/dobot_controller) by extensions ['colcon_pkg']
[0.175s] Level 1:colcon.colcon_core.package_identification:_identify(src/dobot_controller) by extension 'colcon_pkg'
[0.175s] Level 1:colcon.colcon_core.package_identification:_identify(src/dobot_controller) by extensions ['colcon_meta']
[0.175s] Level 1:colcon.colcon_core.package_identification:_identify(src/dobot_controller) by extension 'colcon_meta'
[0.175s] Level 1:colcon.colcon_core.package_identification:_identify(src/dobot_controller) by extensions ['ros']
[0.175s] Level 1:colcon.colcon_core.package_identification:_identify(src/dobot_controller) by extension 'ros'
[0.176s] DEBUG:colcon.colcon_core.package_identification:Package 'src/dobot_controller' with type 'ros.ament_python' and name 'dobot_controller'
[0.176s] Level 1:colcon.colcon_core.package_identification:_identify(src/hand_tracker) by extensions ['ignore', 'ignore_ament_install']
[0.177s] Level 1:colcon.colcon_core.package_identification:_identify(src/hand_tracker) by extension 'ignore'
[0.177s] Level 1:colcon.colcon_core.package_identification:_identify(src/hand_tracker) by extension 'ignore_ament_install'
[0.177s] Level 1:colcon.colcon_core.package_identification:_identify(src/hand_tracker) by extensions ['colcon_pkg']
[0.177s] Level 1:colcon.colcon_core.package_identification:_identify(src/hand_tracker) by extension 'colcon_pkg'
[0.177s] Level 1:colcon.colcon_core.package_identification:_identify(src/hand_tracker) by extensions ['colcon_meta']
[0.177s] Level 1:colcon.colcon_core.package_identification:_identify(src/hand_tracker) by extension 'colcon_meta'
[0.177s] Level 1:colcon.colcon_core.package_identification:_identify(src/hand_tracker) by extensions ['ros']
[0.177s] Level 1:colcon.colcon_core.package_identification:_identify(src/hand_tracker) by extension 'ros'
[0.177s] DEBUG:colcon.colcon_core.package_identification:Package 'src/hand_tracker' with type 'ros.ament_python' and name 'hand_tracker'
[0.177s] Level 1:colcon.colcon_core.package_identification:_identify(src/webcam_publisher) by extensions ['ignore', 'ignore_ament_install']
[0.177s] Level 1:colcon.colcon_core.package_identification:_identify(src/webcam_publisher) by extension 'ignore'
[0.177s] Level 1:colcon.colcon_core.package_identification:_identify(src/webcam_publisher) by extension 'ignore_ament_install'
[0.177s] Level 1:colcon.colcon_core.package_identification:_identify(src/webcam_publisher) by extensions ['colcon_pkg']
[0.177s] Level 1:colcon.colcon_core.package_identification:_identify(src/webcam_publisher) by extension 'colcon_pkg'
[0.177s] Level 1:colcon.colcon_core.package_identification:_identify(src/webcam_publisher) by extensions ['colcon_meta']
[0.177s] Level 1:colcon.colcon_core.package_identification:_identify(src/webcam_publisher) by extension 'colcon_meta'
[0.177s] Level 1:colcon.colcon_core.package_identification:_identify(src/webcam_publisher) by extensions ['ros']
[0.177s] Level 1:colcon.colcon_core.package_identification:_identify(src/webcam_publisher) by extension 'ros'
[0.178s] DEBUG:colcon.colcon_core.package_identification:Package 'src/webcam_publisher' with type 'ros.ament_python' and name 'webcam_publisher'
[0.178s] Level 1:colcon.colcon_core.package_discovery:discover_packages(recursive) using defaults
[0.178s] Level 1:colcon.colcon_core.package_discovery:discover_packages(ignore) discover
[0.178s] Level 1:colcon.colcon_core.package_discovery:discover_packages(ignore) using defaults
[0.178s] Level 1:colcon.colcon_core.package_discovery:discover_packages(path) discover
[0.178s] Level 1:colcon.colcon_core.package_discovery:discover_packages(path) using defaults
[0.190s] Level 1:colcon.colcon_core.package_discovery:discover_packages(prefix_path) check parameters
[0.190s] Level 1:colcon.colcon_core.package_discovery:discover_packages(prefix_path) discover
[0.191s] DEBUG:colcon.colcon_installed_package_information.package_discovery:Found 3 installed packages in /home/ruslan/ros2_ws/install
[0.192s] DEBUG:colcon.colcon_installed_package_information.package_discovery:Found 277 installed packages in /opt/ros/humble
[0.193s] Level 1:colcon.colcon_core.package_discovery:discover_packages(prefix_path) using defaults
[0.212s] Level 5:colcon.colcon_core.verb:set package 'dobot_controller' build argument 'cmake_args' from command line to 'None'
[0.212s] Level 5:colcon.colcon_core.verb:set package 'dobot_controller' build argument 'cmake_target' from command line to 'None'
[0.212s] Level 5:colcon.colcon_core.verb:set package 'dobot_controller' build argument 'cmake_target_skip_unavailable' from command line to 'False'
[0.212s] Level 5:colcon.colcon_core.verb:set package 'dobot_controller' build argument 'cmake_clean_cache' from command line to 'False'
[0.212s] Level 5:colcon.colcon_core.verb:set package 'dobot_controller' build argument 'cmake_clean_first' from command line to 'False'
[0.212s] Level 5:colcon.colcon_core.verb:set package 'dobot_controller' build argument 'cmake_force_configure' from command line to 'False'
[0.212s] Level 5:colcon.colcon_core.verb:set package 'dobot_controller' build argument 'ament_cmake_args' from command line to 'None'
[0.212s] Level 5:colcon.colcon_core.verb:set package 'dobot_controller' build argument 'catkin_cmake_args' from command line to 'None'
[0.212s] Level 5:colcon.colcon_core.verb:set package 'dobot_controller' build argument 'catkin_skip_building_tests' from command line to 'False'
[0.212s] DEBUG:colcon.colcon_core.verb:Building package 'dobot_controller' with the following arguments: {'ament_cmake_args': None, 'build_base': '/home/ruslan/ros2_ws/build/dobot_controller', 'catkin_cmake_args': None, 'catkin_skip_building_tests': False, 'cmake_args': None, 'cmake_clean_cache': False, 'cmake_clean_first': False, 'cmake_force_configure': False, 'cmake_target': None, 'cmake_target_skip_unavailable': False, 'install_base': '/home/ruslan/ros2_ws/install/dobot_controller', 'merge_install': False, 'path': '/home/ruslan/ros2_ws/src/dobot_controller', 'symlink_install': False, 'test_result_base': None}
[0.213s] Level 5:colcon.colcon_core.verb:set package 'hand_tracker' build argument 'cmake_args' from command line to 'None'
[0.213s] Level 5:colcon.colcon_core.verb:set package 'hand_tracker' build argument 'cmake_target' from command line to 'None'
[0.213s] Level 5:colcon.colcon_core.verb:set package 'hand_tracker' build argument 'cmake_target_skip_unavailable' from command line to 'False'
[0.213s] Level 5:colcon.colcon_core.verb:set package 'hand_tracker' build argument 'cmake_clean_cache' from command line to 'False'
[0.213s] Level 5:colcon.colcon_core.verb:set package 'hand_tracker' build argument 'cmake_clean_first' from command line to 'False'
[0.213s] Level 5:colcon.colcon_core.verb:set package 'hand_tracker' build argument 'cmake_force_configure' from command line to 'False'
[0.213s] Level 5:colcon.colcon_core.verb:set package 'hand_tracker' build argument 'ament_cmake_args' from command line to 'None'
[0.213s] Level 5:colcon.colcon_core.verb:set package 'hand_tracker' build argument 'catkin_cmake_args' from command line to 'None'
[0.213s] Level 5:colcon.colcon_core.verb:set package 'hand_tracker' build argument 'catkin_skip_building_tests' from command line to 'False'
[0.213s] DEBUG:colcon.colcon_core.verb:Building package 'hand_tracker' with the following arguments: {'ament_cmake_args': None, 'build_base': '/home/ruslan/ros2_ws/build/hand_tracker', 'catkin_cmake_args': None, 'catkin_skip_building_tests': False, 'cmake_args': None, 'cmake_clean_cache': False, 'cmake_clean_first': False, 'cmake_force_configure': False, 'cmake_target': None, 'cmake_target_skip_unavailable': False, 'install_base': '/home/ruslan/ros2_ws/install/hand_tracker', 'merge_install': False, 'path': '/home/ruslan/ros2_ws/src/hand_tracker', 'symlink_install': False, 'test_result_base': None}
[0.213s] Level 5:colcon.colcon_core.verb:set package 'webcam_publisher' build argument 'cmake_args' from command line to 'None'
[0.213s] Level 5:colcon.colcon_core.verb:set package 'webcam_publisher' build argument 'cmake_target' from command line to 'None'
[0.213s] Level 5:colcon.colcon_core.verb:set package 'webcam_publisher' build argument 'cmake_target_skip_unavailable' from command line to 'False'
[0.213s] Level 5:colcon.colcon_core.verb:set package 'webcam_publisher' build argument 'cmake_clean_cache' from command line to 'False'
[0.213s] Level 5:colcon.colcon_core.verb:set package 'webcam_publisher' build argument 'cmake_clean_first' from command line to 'False'
[0.213s] Level 5:colcon.colcon_core.verb:set package 'webcam_publisher' build argument 'cmake_force_configure' from command line to 'False'
[0.213s] Level 5:colcon.colcon_core.verb:set package 'webcam_publisher' build argument 'ament_cmake_args' from command line to 'None'
[0.213s] Level 5:colcon.colcon_core.verb:set package 'webcam_publisher' build argument 'catkin_cmake_args' from command line to 'None'
[0.213s] Level 5:colcon.colcon_core.verb:set package 'webcam_publisher' build argument 'catkin_skip_building_tests' from command line to 'False'
[0.213s] DEBUG:colcon.colcon_core.verb:Building package 'webcam_publisher' with the following arguments: {'ament_cmake_args': None, 'build_base': '/home/ruslan/ros2_ws/build/webcam_publisher', 'catkin_cmake_args': None, 'catkin_skip_building_tests': False, 'cmake_args': None, 'cmake_clean_cache': False, 'cmake_clean_first': False, 'cmake_force_configure': False, 'cmake_target': None, 'cmake_target_skip_unavailable': False, 'install_base': '/home/ruslan/ros2_ws/install/webcam_publisher', 'merge_install': False, 'path': '/home/ruslan/ros2_ws/src/webcam_publisher', 'symlink_install': False, 'test_result_base': None}
[0.213s] INFO:colcon.colcon_core.executor:Executing jobs using 'parallel' executor
[0.214s] DEBUG:colcon.colcon_parallel_executor.executor.parallel:run_until_complete
[0.214s] INFO:colcon.colcon_ros.task.ament_python.build:Building ROS package in '/home/ruslan/ros2_ws/src/dobot_controller' with build type 'ament_python'
[0.214s] Level 1:colcon.colcon_core.shell:create_environment_hook('dobot_controller', 'ament_prefix_path')
[0.215s] INFO:colcon.colcon_core.plugin_system:Skipping extension 'colcon_core.shell.bat': Not used on non-Windows systems
[0.215s] INFO:colcon.colcon_core.shell:Creating environment hook '/home/ruslan/ros2_ws/install/dobot_controller/share/dobot_controller/hook/ament_prefix_path.ps1'
[0.216s] INFO:colcon.colcon_core.shell:Creating environment descriptor '/home/ruslan/ros2_ws/install/dobot_controller/share/dobot_controller/hook/ament_prefix_path.dsv'
[0.216s] INFO:colcon.colcon_core.shell:Creating environment hook '/home/ruslan/ros2_ws/install/dobot_controller/share/dobot_controller/hook/ament_prefix_path.sh'
[0.217s] INFO:colcon.colcon_core.shell:Skip shell extension 'powershell' for command environment: Not usable outside of PowerShell
[0.217s] DEBUG:colcon.colcon_core.shell:Skip shell extension 'dsv' for command environment
[0.218s] INFO:colcon.colcon_ros.task.ament_python.build:Building ROS package in '/home/ruslan/ros2_ws/src/hand_tracker' with build type 'ament_python'
[0.219s] Level 1:colcon.colcon_core.shell:create_environment_hook('hand_tracker', 'ament_prefix_path')
[0.219s] INFO:colcon.colcon_core.shell:Creating environment hook '/home/ruslan/ros2_ws/install/hand_tracker/share/hand_tracker/hook/ament_prefix_path.ps1'
[0.219s] INFO:colcon.colcon_core.shell:Creating environment descriptor '/home/ruslan/ros2_ws/install/hand_tracker/share/hand_tracker/hook/ament_prefix_path.dsv'
[0.219s] INFO:colcon.colcon_core.shell:Creating environment hook '/home/ruslan/ros2_ws/install/hand_tracker/share/hand_tracker/hook/ament_prefix_path.sh'
[0.220s] INFO:colcon.colcon_core.shell:Skip shell extension 'powershell' for command environment: Not usable outside of PowerShell
[0.220s] DEBUG:colcon.colcon_core.shell:Skip shell extension 'dsv' for command environment
[0.222s] INFO:colcon.colcon_ros.task.ament_python.build:Building ROS package in '/home/ruslan/ros2_ws/src/webcam_publisher' with build type 'ament_python'
[0.223s] Level 1:colcon.colcon_core.shell:create_environment_hook('webcam_publisher', 'ament_prefix_path')
[0.223s] INFO:colcon.colcon_core.shell:Creating environment hook '/home/ruslan/ros2_ws/install/webcam_publisher/share/webcam_publisher/hook/ament_prefix_path.ps1'
[0.224s] INFO:colcon.colcon_core.shell:Creating environment descriptor '/home/ruslan/ros2_ws/install/webcam_publisher/share/webcam_publisher/hook/ament_prefix_path.dsv'
[0.225s] INFO:colcon.colcon_core.shell:Creating environment hook '/home/ruslan/ros2_ws/install/webcam_publisher/share/webcam_publisher/hook/ament_prefix_path.sh'
[0.225s] INFO:colcon.colcon_core.shell:Skip shell extension 'powershell' for command environment: Not usable outside of PowerShell
[0.225s] DEBUG:colcon.colcon_core.shell:Skip shell extension 'dsv' for command environment
[0.378s] INFO:colcon.colcon_core.task.python.build:Building Python package in '/home/ruslan/ros2_ws/src/dobot_controller'
[0.378s] INFO:colcon.colcon_core.shell:Skip shell extension 'powershell' for command environment: Not usable outside of PowerShell
[0.378s] DEBUG:colcon.colcon_core.shell:Skip shell extension 'dsv' for command environment
[0.530s] INFO:colcon.colcon_core.task.python.build:Building Python package in '/home/ruslan/ros2_ws/src/hand_tracker'
[0.530s] INFO:colcon.colcon_core.shell:Skip shell extension 'powershell' for command environment: Not usable outside of PowerShell
[0.530s] DEBUG:colcon.colcon_core.shell:Skip shell extension 'dsv' for command environment
[0.684s] INFO:colcon.colcon_core.task.python.build:Building Python package in '/home/ruslan/ros2_ws/src/webcam_publisher'
[0.684s] INFO:colcon.colcon_core.shell:Skip shell extension 'powershell' for command environment: Not usable outside of PowerShell
[0.684s] DEBUG:colcon.colcon_core.shell:Skip shell extension 'dsv' for command environment
[0.890s] DEBUG:colcon.colcon_core.event_handler.log_command:Invoking command in '/home/ruslan/ros2_ws/src/dobot_controller': PYTHONPATH=/home/ruslan/ros2_ws/build/dobot_controller/prefix_override:/usr/lib/python3/dist-packages/colcon_core/task/python/colcon_distutils_commands:/home/ruslan/ros2_ws/install/dobot_controller/lib/python3.10/site-packages:${PYTHONPATH} /usr/bin/python3 -W ignore:setup.py install is deprecated -W ignore:easy_install command is deprecated setup.py egg_info --egg-base ../../build/dobot_controller build --build-base /home/ruslan/ros2_ws/build/dobot_controller/build install --record /home/ruslan/ros2_ws/build/dobot_controller/install.log --single-version-externally-managed install_data
[0.892s] DEBUG:colcon.colcon_core.event_handler.log_command:Invoking command in '/home/ruslan/ros2_ws/src/hand_tracker': PYTHONPATH=/home/ruslan/ros2_ws/build/hand_tracker/prefix_override:/usr/lib/python3/dist-packages/colcon_core/task/python/colcon_distutils_commands:/home/ruslan/ros2_ws/install/hand_tracker/lib/python3.10/site-packages:${PYTHONPATH} /usr/bin/python3 -W ignore:setup.py install is deprecated -W ignore:easy_install command is deprecated setup.py egg_info --egg-base ../../build/hand_tracker build --build-base /home/ruslan/ros2_ws/build/hand_tracker/build install --record /home/ruslan/ros2_ws/build/hand_tracker/install.log --single-version-externally-managed install_data
[0.892s] DEBUG:colcon.colcon_core.event_handler.log_command:Invoking command in '/home/ruslan/ros2_ws/src/webcam_publisher': PYTHONPATH=/home/ruslan/ros2_ws/build/webcam_publisher/prefix_override:/usr/lib/python3/dist-packages/colcon_core/task/python/colcon_distutils_commands:/home/ruslan/ros2_ws/install/webcam_publisher/lib/python3.10/site-packages:${PYTHONPATH} /usr/bin/python3 -W ignore:setup.py install is deprecated -W ignore:easy_install command is deprecated setup.py egg_info --egg-base ../../build/webcam_publisher build --build-base /home/ruslan/ros2_ws/build/webcam_publisher/build install --record /home/ruslan/ros2_ws/build/webcam_publisher/install.log --single-version-externally-managed install_data
[1.063s] DEBUG:colcon.colcon_core.event_handler.log_command:Invoked command in '/home/ruslan/ros2_ws/src/dobot_controller' returned '0': PYTHONPATH=/home/ruslan/ros2_ws/build/dobot_controller/prefix_override:/usr/lib/python3/dist-packages/colcon_core/task/python/colcon_distutils_commands:/home/ruslan/ros2_ws/install/dobot_controller/lib/python3.10/site-packages:${PYTHONPATH} /usr/bin/python3 -W ignore:setup.py install is deprecated -W ignore:easy_install command is deprecated setup.py egg_info --egg-base ../../build/dobot_controller build --build-base /home/ruslan/ros2_ws/build/dobot_controller/build install --record /home/ruslan/ros2_ws/build/dobot_controller/install.log --single-version-externally-managed install_data
[1.065s] Level 1:colcon.colcon_core.environment:checking '/home/ruslan/ros2_ws/install/dobot_controller' for CMake module files
[1.066s] Level 1:colcon.colcon_core.environment:checking '/home/ruslan/ros2_ws/install/dobot_controller' for CMake config files
[1.066s] Level 1:colcon.colcon_core.environment:checking '/home/ruslan/ros2_ws/install/dobot_controller/lib'
[1.066s] Level 1:colcon.colcon_core.environment:checking '/home/ruslan/ros2_ws/install/dobot_controller/bin'
[1.067s] Level 1:colcon.colcon_core.environment:checking '/home/ruslan/ros2_ws/install/dobot_controller/lib/pkgconfig/dobot_controller.pc'
[1.067s] Level 1:colcon.colcon_core.environment:checking '/home/ruslan/ros2_ws/install/dobot_controller/lib/python3.10/site-packages'
[1.067s] Level 1:colcon.colcon_core.shell:create_environment_hook('dobot_controller', 'pythonpath')
[1.067s] INFO:colcon.colcon_core.shell:Creating environment hook '/home/ruslan/ros2_ws/install/dobot_controller/share/dobot_controller/hook/pythonpath.ps1'
[1.068s] INFO:colcon.colcon_core.shell:Creating environment descriptor '/home/ruslan/ros2_ws/install/dobot_controller/share/dobot_controller/hook/pythonpath.dsv'
[1.068s] INFO:colcon.colcon_core.shell:Creating environment hook '/home/ruslan/ros2_ws/install/dobot_controller/share/dobot_controller/hook/pythonpath.sh'
[1.069s] Level 1:colcon.colcon_core.environment:checking '/home/ruslan/ros2_ws/install/dobot_controller/bin'
[1.069s] Level 1:colcon.colcon_core.environment:create_environment_scripts_only(dobot_controller)
[1.069s] INFO:colcon.colcon_core.shell:Creating package script '/home/ruslan/ros2_ws/install/dobot_controller/share/dobot_controller/package.ps1'
[1.070s] INFO:colcon.colcon_core.shell:Creating package descriptor '/home/ruslan/ros2_ws/install/dobot_controller/share/dobot_controller/package.dsv'
[1.071s] INFO:colcon.colcon_core.shell:Creating package script '/home/ruslan/ros2_ws/install/dobot_controller/share/dobot_controller/package.sh'
[1.071s] INFO:colcon.colcon_core.shell:Creating package script '/home/ruslan/ros2_ws/install/dobot_controller/share/dobot_controller/package.bash'
[1.072s] INFO:colcon.colcon_core.shell:Creating package script '/home/ruslan/ros2_ws/install/dobot_controller/share/dobot_controller/package.zsh'
[1.072s] Level 1:colcon.colcon_core.environment:create_file_with_runtime_dependencies(/home/ruslan/ros2_ws/install/dobot_controller/share/colcon-core/packages/dobot_controller)
[1.075s] Level 1:colcon.colcon_core.environment:checking '/home/ruslan/ros2_ws/install/hand_tracker' for CMake module files
[1.075s] DEBUG:colcon.colcon_core.event_handler.log_command:Invoked command in '/home/ruslan/ros2_ws/src/hand_tracker' returned '0': PYTHONPATH=/home/ruslan/ros2_ws/build/hand_tracker/prefix_override:/usr/lib/python3/dist-packages/colcon_core/task/python/colcon_distutils_commands:/home/ruslan/ros2_ws/install/hand_tracker/lib/python3.10/site-packages:${PYTHONPATH} /usr/bin/python3 -W ignore:setup.py install is deprecated -W ignore:easy_install command is deprecated setup.py egg_info --egg-base ../../build/hand_tracker build --build-base /home/ruslan/ros2_ws/build/hand_tracker/build install --record /home/ruslan/ros2_ws/build/hand_tracker/install.log --single-version-externally-managed install_data
[1.076s] Level 1:colcon.colcon_core.environment:checking '/home/ruslan/ros2_ws/install/hand_tracker' for CMake config files
[1.076s] Level 1:colcon.colcon_core.environment:checking '/home/ruslan/ros2_ws/install/hand_tracker/lib'
[1.076s] Level 1:colcon.colcon_core.environment:checking '/home/ruslan/ros2_ws/install/hand_tracker/bin'
[1.076s] Level 1:colcon.colcon_core.environment:checking '/home/ruslan/ros2_ws/install/hand_tracker/lib/pkgconfig/hand_tracker.pc'
[1.076s] Level 1:colcon.colcon_core.environment:checking '/home/ruslan/ros2_ws/install/hand_tracker/lib/python3.10/site-packages'
[1.076s] Level 1:colcon.colcon_core.shell:create_environment_hook('hand_tracker', 'pythonpath')
[1.077s] INFO:colcon.colcon_core.shell:Creating environment hook '/home/ruslan/ros2_ws/install/hand_tracker/share/hand_tracker/hook/pythonpath.ps1'
[1.077s] INFO:colcon.colcon_core.shell:Creating environment descriptor '/home/ruslan/ros2_ws/install/hand_tracker/share/hand_tracker/hook/pythonpath.dsv'
[1.077s] INFO:colcon.colcon_core.shell:Creating environment hook '/home/ruslan/ros2_ws/install/hand_tracker/share/hand_tracker/hook/pythonpath.sh'
[1.078s] Level 1:colcon.colcon_core.environment:checking '/home/ruslan/ros2_ws/install/hand_tracker/bin'
[1.078s] Level 1:colcon.colcon_core.environment:create_environment_scripts_only(hand_tracker)
[1.078s] INFO:colcon.colcon_core.shell:Creating package script '/home/ruslan/ros2_ws/install/hand_tracker/share/hand_tracker/package.ps1'
[1.078s] INFO:colcon.colcon_core.shell:Creating package descriptor '/home/ruslan/ros2_ws/install/hand_tracker/share/hand_tracker/package.dsv'
[1.079s] INFO:colcon.colcon_core.shell:Creating package script '/home/ruslan/ros2_ws/install/hand_tracker/share/hand_tracker/package.sh'
[1.079s] INFO:colcon.colcon_core.shell:Creating package script '/home/ruslan/ros2_ws/install/hand_tracker/share/hand_tracker/package.bash'
[1.079s] INFO:colcon.colcon_core.shell:Creating package script '/home/ruslan/ros2_ws/install/hand_tracker/share/hand_tracker/package.zsh'
[1.079s] Level 1:colcon.colcon_core.environment:create_file_with_runtime_dependencies(/home/ruslan/ros2_ws/install/hand_tracker/share/colcon-core/packages/hand_tracker)
[1.080s] Level 1:colcon.colcon_core.environment:checking '/home/ruslan/ros2_ws/install/webcam_publisher' for CMake module files
[1.080s] DEBUG:colcon.colcon_core.event_handler.log_command:Invoked command in '/home/ruslan/ros2_ws/src/webcam_publisher' returned '0': PYTHONPATH=/home/ruslan/ros2_ws/build/webcam_publisher/prefix_override:/usr/lib/python3/dist-packages/colcon_core/task/python/colcon_distutils_commands:/home/ruslan/ros2_ws/install/webcam_publisher/lib/python3.10/site-packages:${PYTHONPATH} /usr/bin/python3 -W ignore:setup.py install is deprecated -W ignore:easy_install command is deprecated setup.py egg_info --egg-base ../../build/webcam_publisher build --build-base /home/ruslan/ros2_ws/build/webcam_publisher/build install --record /home/ruslan/ros2_ws/build/webcam_publisher/install.log --single-version-externally-managed install_data
[1.080s] Level 1:colcon.colcon_core.environment:checking '/home/ruslan/ros2_ws/install/webcam_publisher' for CMake config files
[1.081s] Level 1:colcon.colcon_core.environment:checking '/home/ruslan/ros2_ws/install/webcam_publisher/lib'
[1.081s] Level 1:colcon.colcon_core.environment:checking '/home/ruslan/ros2_ws/install/webcam_publisher/bin'
[1.081s] Level 1:colcon.colcon_core.environment:checking '/home/ruslan/ros2_ws/install/webcam_publisher/lib/pkgconfig/webcam_publisher.pc'
[1.081s] Level 1:colcon.colcon_core.environment:checking '/home/ruslan/ros2_ws/install/webcam_publisher/lib/python3.10/site-packages'
[1.081s] Level 1:colcon.colcon_core.shell:create_environment_hook('webcam_publisher', 'pythonpath')
[1.081s] INFO:colcon.colcon_core.shell:Creating environment hook '/home/ruslan/ros2_ws/install/webcam_publisher/share/webcam_publisher/hook/pythonpath.ps1'
[1.081s] INFO:colcon.colcon_core.shell:Creating environment descriptor '/home/ruslan/ros2_ws/install/webcam_publisher/share/webcam_publisher/hook/pythonpath.dsv'
[1.081s] INFO:colcon.colcon_core.shell:Creating environment hook '/home/ruslan/ros2_ws/install/webcam_publisher/share/webcam_publisher/hook/pythonpath.sh'
[1.082s] Level 1:colcon.colcon_core.environment:checking '/home/ruslan/ros2_ws/install/webcam_publisher/bin'
[1.082s] Level 1:colcon.colcon_core.environment:create_environment_scripts_only(webcam_publisher)
[1.082s] INFO:colcon.colcon_core.shell:Creating package script '/home/ruslan/ros2_ws/install/webcam_publisher/share/webcam_publisher/package.ps1'
[1.082s] INFO:colcon.colcon_core.shell:Creating package descriptor '/home/ruslan/ros2_ws/install/webcam_publisher/share/webcam_publisher/package.dsv'
[1.082s] INFO:colcon.colcon_core.shell:Creating package script '/home/ruslan/ros2_ws/install/webcam_publisher/share/webcam_publisher/package.sh'
[1.083s] INFO:colcon.colcon_core.shell:Creating package script '/home/ruslan/ros2_ws/install/webcam_publisher/share/webcam_publisher/package.bash'
[1.083s] INFO:colcon.colcon_core.shell:Creating package script '/home/ruslan/ros2_ws/install/webcam_publisher/share/webcam_publisher/package.zsh'
[1.083s] Level 1:colcon.colcon_core.environment:create_file_with_runtime_dependencies(/home/ruslan/ros2_ws/install/webcam_publisher/share/colcon-core/packages/webcam_publisher)
[1.083s] DEBUG:colcon.colcon_parallel_executor.executor.parallel:closing loop
[1.083s] DEBUG:colcon.colcon_parallel_executor.executor.parallel:loop closed
[1.083s] DEBUG:colcon.colcon_parallel_executor.executor.parallel:run_until_complete finished with '0'
[1.083s] DEBUG:colcon.colcon_core.event_reactor:joining thread
[1.086s] INFO:colcon.colcon_core.plugin_system:Skipping extension 'colcon_notification.desktop_notification.terminal_notifier': Not used on non-Darwin systems
[1.086s] INFO:colcon.colcon_core.plugin_system:Skipping extension 'colcon_notification.desktop_notification.win32': Not used on non-Windows systems
[1.086s] INFO:colcon.colcon_notification.desktop_notification:Sending desktop notification using 'notify2'
[1.092s] DEBUG:colcon.colcon_core.event_reactor:joined thread
[1.092s] INFO:colcon.colcon_core.shell:Creating prefix script '/home/ruslan/ros2_ws/install/local_setup.ps1'
[1.093s] INFO:colcon.colcon_core.shell:Creating prefix util module '/home/ruslan/ros2_ws/install/_local_setup_util_ps1.py'
[1.094s] INFO:colcon.colcon_core.shell:Creating prefix chain script '/home/ruslan/ros2_ws/install/setup.ps1'
[1.094s] INFO:colcon.colcon_core.shell:Creating prefix script '/home/ruslan/ros2_ws/install/local_setup.sh'
[1.095s] INFO:colcon.colcon_core.shell:Creating prefix util module '/home/ruslan/ros2_ws/install/_local_setup_util_sh.py'
[1.095s] INFO:colcon.colcon_core.shell:Creating prefix chain script '/home/ruslan/ros2_ws/install/setup.sh'
[1.095s] INFO:colcon.colcon_core.shell:Creating prefix script '/home/ruslan/ros2_ws/install/local_setup.bash'
[1.096s] INFO:colcon.colcon_core.shell:Creating prefix chain script '/home/ruslan/ros2_ws/install/setup.bash'
[1.096s] INFO:colcon.colcon_core.shell:Creating prefix script '/home/ruslan/ros2_ws/install/local_setup.zsh'
[1.097s] INFO:colcon.colcon_core.shell:Creating prefix chain script '/home/ruslan/ros2_ws/install/setup.zsh'
