[1.628s] Invoking command in '/home/ruslan/ros2_ws/src/magician_ros2/dobot_homing': PYTHONPATH=/home/ruslan/ros2_ws/build/dobot_homing/prefix_override:/usr/lib/python3/dist-packages/colcon_core/task/python/colcon_distutils_commands:/home/ruslan/ros2_ws/install/dobot_homing/lib/python3.10/site-packages:${PYTHONPATH} /usr/bin/python3 -W ignore:setup.py install is deprecated -W ignore:easy_install command is deprecated setup.py egg_info --egg-base ../../../build/dobot_homing build --build-base /home/ruslan/ros2_ws/build/dobot_homing/build install --record /home/ruslan/ros2_ws/build/dobot_homing/install.log --single-version-externally-managed install_data
[1.782s] running egg_info
[1.782s] writing ../../../build/dobot_homing/dobot_homing.egg-info/PKG-INFO
[1.782s] writing dependency_links to ../../../build/dobot_homing/dobot_homing.egg-info/dependency_links.txt
[1.782s] writing entry points to ../../../build/dobot_homing/dobot_homing.egg-info/entry_points.txt
[1.782s] writing requirements to ../../../build/dobot_homing/dobot_homing.egg-info/requires.txt
[1.782s] writing top-level names to ../../../build/dobot_homing/dobot_homing.egg-info/top_level.txt
[1.783s] reading manifest file '../../../build/dobot_homing/dobot_homing.egg-info/SOURCES.txt'
[1.784s] writing manifest file '../../../build/dobot_homing/dobot_homing.egg-info/SOURCES.txt'
[1.784s] running build
[1.784s] running build_py
[1.784s] running install
[1.784s] running install_lib
[1.785s] running install_data
[1.785s] running install_egg_info
[1.786s] removing '/home/ruslan/ros2_ws/install/dobot_homing/lib/python3.10/site-packages/dobot_homing-1.0.0-py3.10.egg-info' (and everything under it)
[1.786s] Copying ../../../build/dobot_homing/dobot_homing.egg-info to /home/ruslan/ros2_ws/install/dobot_homing/lib/python3.10/site-packages/dobot_homing-1.0.0-py3.10.egg-info
[1.786s] running install_scripts
[1.799s] Installing homing_server script to /home/ruslan/ros2_ws/install/dobot_homing/lib/dobot_homing
[1.799s] writing list of installed files to '/home/ruslan/ros2_ws/build/dobot_homing/install.log'
[1.818s] Invoked command in '/home/ruslan/ros2_ws/src/magician_ros2/dobot_homing' returned '0': PYTHONPATH=/home/ruslan/ros2_ws/build/dobot_homing/prefix_override:/usr/lib/python3/dist-packages/colcon_core/task/python/colcon_distutils_commands:/home/ruslan/ros2_ws/install/dobot_homing/lib/python3.10/site-packages:${PYTHONPATH} /usr/bin/python3 -W ignore:setup.py install is deprecated -W ignore:easy_install command is deprecated setup.py egg_info --egg-base ../../../build/dobot_homing build --build-base /home/ruslan/ros2_ws/build/dobot_homing/build install --record /home/ruslan/ros2_ws/build/dobot_homing/install.log --single-version-externally-managed install_data
