[1.488s] Invoking command in '/home/ruslan/ros2_ws/src/magician_ros2/dobot_motion': AMENT_PREFIX_PATH=/home/ruslan/ros2_ws/install/dobot_msgs:${AMENT_PREFIX_PATH} CMAKE_PREFIX_PATH=/home/ruslan/ros2_ws/install/dobot_msgs LD_LIBRARY_PATH=/home/ruslan/ros2_ws/install/dobot_msgs/lib:${LD_LIBRARY_PATH} PYTHONPATH=/home/ruslan/ros2_ws/build/dobot_motion/prefix_override:/usr/lib/python3/dist-packages/colcon_core/task/python/colcon_distutils_commands:/home/ruslan/ros2_ws/install/dobot_motion/lib/python3.10/site-packages:/home/ruslan/ros2_ws/install/dobot_msgs/local/lib/python3.10/dist-packages:${PYTHONPATH} /usr/bin/python3 -W ignore:setup.py install is deprecated -W ignore:easy_install command is deprecated setup.py egg_info --egg-base ../../../build/dobot_motion build --build-base /home/ruslan/ros2_ws/build/dobot_motion/build install --record /home/ruslan/ros2_ws/build/dobot_motion/install.log --single-version-externally-managed install_data
[1.689s] running egg_info
[1.690s] writing ../../../build/dobot_motion/dobot_motion.egg-info/PKG-INFO
[1.690s] writing dependency_links to ../../../build/dobot_motion/dobot_motion.egg-info/dependency_links.txt
[1.690s] writing entry points to ../../../build/dobot_motion/dobot_motion.egg-info/entry_points.txt
[1.690s] writing requirements to ../../../build/dobot_motion/dobot_motion.egg-info/requires.txt
[1.690s] writing top-level names to ../../../build/dobot_motion/dobot_motion.egg-info/top_level.txt
[1.692s] reading manifest file '../../../build/dobot_motion/dobot_motion.egg-info/SOURCES.txt'
[1.692s] writing manifest file '../../../build/dobot_motion/dobot_motion.egg-info/SOURCES.txt'
[1.692s] running build
[1.692s] running build_py
[1.692s] running install
[1.692s] running install_lib
[1.693s] running install_data
[1.694s] running install_egg_info
[1.695s] removing '/home/ruslan/ros2_ws/install/dobot_motion/lib/python3.10/site-packages/dobot_motion-1.0.0-py3.10.egg-info' (and everything under it)
[1.695s] Copying ../../../build/dobot_motion/dobot_motion.egg-info to /home/ruslan/ros2_ws/install/dobot_motion/lib/python3.10/site-packages/dobot_motion-1.0.0-py3.10.egg-info
[1.696s] running install_scripts
[1.707s] Installing PTP_server script to /home/ruslan/ros2_ws/install/dobot_motion/lib/dobot_motion
[1.707s] Installing sliding_rail_server script to /home/ruslan/ros2_ws/install/dobot_motion/lib/dobot_motion
[1.708s] writing list of installed files to '/home/ruslan/ros2_ws/build/dobot_motion/install.log'
[1.724s] Invoked command in '/home/ruslan/ros2_ws/src/magician_ros2/dobot_motion' returned '0': AMENT_PREFIX_PATH=/home/ruslan/ros2_ws/install/dobot_msgs:${AMENT_PREFIX_PATH} CMAKE_PREFIX_PATH=/home/ruslan/ros2_ws/install/dobot_msgs LD_LIBRARY_PATH=/home/ruslan/ros2_ws/install/dobot_msgs/lib:${LD_LIBRARY_PATH} PYTHONPATH=/home/ruslan/ros2_ws/build/dobot_motion/prefix_override:/usr/lib/python3/dist-packages/colcon_core/task/python/colcon_distutils_commands:/home/ruslan/ros2_ws/install/dobot_motion/lib/python3.10/site-packages:/home/ruslan/ros2_ws/install/dobot_msgs/local/lib/python3.10/dist-packages:${PYTHONPATH} /usr/bin/python3 -W ignore:setup.py install is deprecated -W ignore:easy_install command is deprecated setup.py egg_info --egg-base ../../../build/dobot_motion build --build-base /home/ruslan/ros2_ws/build/dobot_motion/build install --record /home/ruslan/ros2_ws/build/dobot_motion/install.log --single-version-externally-managed install_data
