[2.169s] Invoking command in '/home/ruslan/ros2_ws/src/webcam_publisher': PYTHONPATH=/home/ruslan/ros2_ws/build/webcam_publisher/prefix_override:/usr/lib/python3/dist-packages/colcon_core/task/python/colcon_distutils_commands:/home/ruslan/ros2_ws/install/webcam_publisher/lib/python3.10/site-packages:${PYTHONPATH} /usr/bin/python3 -W ignore:setup.py install is deprecated -W ignore:easy_install command is deprecated setup.py egg_info --egg-base ../../build/webcam_publisher build --build-base /home/ruslan/ros2_ws/build/webcam_publisher/build install --record /home/ruslan/ros2_ws/build/webcam_publisher/install.log --single-version-externally-managed install_data
[2.313s] running egg_info
[2.313s] writing ../../build/webcam_publisher/webcam_publisher.egg-info/PKG-INFO
[2.313s] writing dependency_links to ../../build/webcam_publisher/webcam_publisher.egg-info/dependency_links.txt
[2.313s] writing entry points to ../../build/webcam_publisher/webcam_publisher.egg-info/entry_points.txt
[2.313s] writing requirements to ../../build/webcam_publisher/webcam_publisher.egg-info/requires.txt
[2.313s] writing top-level names to ../../build/webcam_publisher/webcam_publisher.egg-info/top_level.txt
[2.314s] reading manifest file '../../build/webcam_publisher/webcam_publisher.egg-info/SOURCES.txt'
[2.314s] writing manifest file '../../build/webcam_publisher/webcam_publisher.egg-info/SOURCES.txt'
[2.314s] running build
[2.314s] running build_py
[2.314s] running install
[2.314s] running install_lib
[2.315s] running install_data
[2.315s] running install_egg_info
[2.316s] removing '/home/ruslan/ros2_ws/install/webcam_publisher/lib/python3.10/site-packages/webcam_publisher-0.0.0-py3.10.egg-info' (and everything under it)
[2.316s] Copying ../../build/webcam_publisher/webcam_publisher.egg-info to /home/ruslan/ros2_ws/install/webcam_publisher/lib/python3.10/site-packages/webcam_publisher-0.0.0-py3.10.egg-info
[2.317s] running install_scripts
[2.330s] Installing webcam_publisher script to /home/ruslan/ros2_ws/install/webcam_publisher/lib/webcam_publisher
[2.330s] writing list of installed files to '/home/ruslan/ros2_ws/build/webcam_publisher/install.log'
[2.353s] Invoked command in '/home/ruslan/ros2_ws/src/webcam_publisher' returned '0': PYTHONPATH=/home/ruslan/ros2_ws/build/webcam_publisher/prefix_override:/usr/lib/python3/dist-packages/colcon_core/task/python/colcon_distutils_commands:/home/ruslan/ros2_ws/install/webcam_publisher/lib/python3.10/site-packages:${PYTHONPATH} /usr/bin/python3 -W ignore:setup.py install is deprecated -W ignore:easy_install command is deprecated setup.py egg_info --egg-base ../../build/webcam_publisher build --build-base /home/ruslan/ros2_ws/build/webcam_publisher/build install --record /home/ruslan/ros2_ws/build/webcam_publisher/install.log --single-version-externally-managed install_data
