[0.030s] Invoking command in '/home/ruslan/ros2_ws/build/dobot_msgs': CMAKE_PREFIX_PATH=/home/ruslan/ros2_ws/install/webcam_publisher:/home/ruslan/ros2_ws/install/hand_tracker:/home/ruslan/ros2_ws/install/dobot_controller:/opt/ros/humble /usr/bin/cmake --build /home/ruslan/ros2_ws/build/dobot_msgs -- -j16 -l16
[0.832s] [35m[1mConsolidate compiler generated dependencies of target dobot_msgs__rosidl_generator_c[0m
[0.832s] [  1%] Built target dobot_msgs__cpp
[0.832s] [ 12%] Built target dobot_msgs__rosidl_generator_c
[0.832s] [35m[1mConsolidate compiler generated dependencies of target dobot_msgs__rosidl_typesupport_cpp[0m
[0.832s] [35m[1mConsolidate compiler generated dependencies of target dobot_msgs__rosidl_typesupport_introspection_cpp[0m
[0.832s] [35m[1mConsolidate compiler generated dependencies of target dobot_msgs__rosidl_typesupport_fastrtps_cpp[0m
[0.832s] [ 12%] Built target ament_cmake_python_copy_dobot_msgs
[0.832s] [35m[1mConsolidate compiler generated dependencies of target dobot_msgs__rosidl_typesupport_fastrtps_c[0m
[0.832s] [35m[1mConsolidate compiler generated dependencies of target dobot_msgs__rosidl_typesupport_c[0m
[0.832s] [35m[1mConsolidate compiler generated dependencies of target dobot_msgs__rosidl_typesupport_introspection_c[0m
[0.832s] [ 24%] Built target dobot_msgs__rosidl_typesupport_cpp
[0.832s] [ 35%] Built target dobot_msgs__rosidl_typesupport_introspection_cpp
[0.832s] [ 47%] Built target dobot_msgs__rosidl_typesupport_fastrtps_cpp
[0.832s] [ 58%] Built target dobot_msgs__rosidl_typesupport_c
[0.832s] [ 70%] Built target dobot_msgs__rosidl_typesupport_fastrtps_c
[0.832s] [ 81%] Built target dobot_msgs__rosidl_typesupport_introspection_c
[0.832s] [ 81%] Built target dobot_msgs
[0.832s] [ 82%] Built target dobot_msgs__py
[0.832s] [35m[1mConsolidate compiler generated dependencies of target dobot_msgs__rosidl_generator_py[0m
[0.832s] [ 93%] Built target dobot_msgs__rosidl_generator_py
[0.832s] [35m[1mConsolidate compiler generated dependencies of target dobot_msgs__rosidl_typesupport_introspection_c__pyext[0m
[0.832s] [35m[1mConsolidate compiler generated dependencies of target dobot_msgs__rosidl_typesupport_c__pyext[0m
[0.832s] [35m[1mConsolidate compiler generated dependencies of target dobot_msgs__rosidl_typesupport_fastrtps_c__pyext[0m
[0.832s] [100%] Built target dobot_msgs__rosidl_typesupport_introspection_c__pyext
[0.832s] [100%] Built target dobot_msgs__rosidl_typesupport_fastrtps_c__pyext
[0.833s] [100%] Built target dobot_msgs__rosidl_typesupport_c__pyext
[0.833s] running egg_info
[0.833s] writing dobot_msgs.egg-info/PKG-INFO
[0.833s] writing dependency_links to dobot_msgs.egg-info/dependency_links.txt
[0.833s] writing top-level names to dobot_msgs.egg-info/top_level.txt
[0.833s] reading manifest file 'dobot_msgs.egg-info/SOURCES.txt'
[0.833s] writing manifest file 'dobot_msgs.egg-info/SOURCES.txt'
[0.833s] [100%] Built target ament_cmake_python_build_dobot_msgs_egg
[0.986s] Invoked command in '/home/ruslan/ros2_ws/build/dobot_msgs' returned '0': CMAKE_PREFIX_PATH=/home/ruslan/ros2_ws/install/webcam_publisher:/home/ruslan/ros2_ws/install/hand_tracker:/home/ruslan/ros2_ws/install/dobot_controller:/opt/ros/humble /usr/bin/cmake --build /home/ruslan/ros2_ws/build/dobot_msgs -- -j16 -l16
[0.994s] Invoking command in '/home/ruslan/ros2_ws/build/dobot_msgs': CMAKE_PREFIX_PATH=/home/ruslan/ros2_ws/install/webcam_publisher:/home/ruslan/ros2_ws/install/hand_tracker:/home/ruslan/ros2_ws/install/dobot_controller:/opt/ros/humble /usr/bin/cmake --install /home/ruslan/ros2_ws/build/dobot_msgs
[1.003s] -- Install configuration: ""
[1.004s] -- Up-to-date: /home/ruslan/ros2_ws/install/dobot_msgs/share/ament_index/resource_index/rosidl_interfaces/dobot_msgs
[1.004s] -- Up-to-date: /home/ruslan/ros2_ws/install/dobot_msgs/include/dobot_msgs/dobot_msgs
[1.004s] -- Up-to-date: /home/ruslan/ros2_ws/install/dobot_msgs/include/dobot_msgs/dobot_msgs/srv
[1.004s] -- Up-to-date: /home/ruslan/ros2_ws/install/dobot_msgs/include/dobot_msgs/dobot_msgs/srv/gripper_control.h
[1.004s] -- Up-to-date: /home/ruslan/ros2_ws/install/dobot_msgs/include/dobot_msgs/dobot_msgs/srv/detail
[1.004s] -- Up-to-date: /home/ruslan/ros2_ws/install/dobot_msgs/include/dobot_msgs/dobot_msgs/srv/detail/execute_homing_procedure__struct.h
[1.004s] -- Up-to-date: /home/ruslan/ros2_ws/install/dobot_msgs/include/dobot_msgs/dobot_msgs/srv/detail/suction_cup_control__struct.h
[1.005s] -- Up-to-date: /home/ruslan/ros2_ws/install/dobot_msgs/include/dobot_msgs/dobot_msgs/srv/detail/evaluate_ptp_trajectory__type_support.h
[1.005s] -- Up-to-date: /home/ruslan/ros2_ws/install/dobot_msgs/include/dobot_msgs/dobot_msgs/srv/detail/suction_cup_control__functions.c
[1.005s] -- Up-to-date: /home/ruslan/ros2_ws/install/dobot_msgs/include/dobot_msgs/dobot_msgs/srv/detail/gripper_control__type_support.h
[1.005s] -- Up-to-date: /home/ruslan/ros2_ws/install/dobot_msgs/include/dobot_msgs/dobot_msgs/srv/detail/suction_cup_control__type_support.h
[1.005s] -- Up-to-date: /home/ruslan/ros2_ws/install/dobot_msgs/include/dobot_msgs/dobot_msgs/srv/detail/execute_homing_procedure__functions.h
[1.006s] -- Up-to-date: /home/ruslan/ros2_ws/install/dobot_msgs/include/dobot_msgs/dobot_msgs/srv/detail/evaluate_ptp_trajectory__functions.c
[1.006s] -- Up-to-date: /home/ruslan/ros2_ws/install/dobot_msgs/include/dobot_msgs/dobot_msgs/srv/detail/evaluate_ptp_trajectory__struct.h
[1.007s] -- Up-to-date: /home/ruslan/ros2_ws/install/dobot_msgs/include/dobot_msgs/dobot_msgs/srv/detail/evaluate_ptp_trajectory__functions.h
[1.008s] -- Up-to-date: /home/ruslan/ros2_ws/install/dobot_msgs/include/dobot_msgs/dobot_msgs/srv/detail/suction_cup_control__functions.h
[1.008s] -- Up-to-date: /home/ruslan/ros2_ws/install/dobot_msgs/include/dobot_msgs/dobot_msgs/srv/detail/gripper_control__struct.h
[1.008s] -- Up-to-date: /home/ruslan/ros2_ws/install/dobot_msgs/include/dobot_msgs/dobot_msgs/srv/detail/gripper_control__functions.h
[1.009s] -- Up-to-date: /home/ruslan/ros2_ws/install/dobot_msgs/include/dobot_msgs/dobot_msgs/srv/detail/execute_homing_procedure__type_support.h
[1.009s] -- Up-to-date: /home/ruslan/ros2_ws/install/dobot_msgs/include/dobot_msgs/dobot_msgs/srv/detail/gripper_control__functions.c
[1.009s] -- Up-to-date: /home/ruslan/ros2_ws/install/dobot_msgs/include/dobot_msgs/dobot_msgs/srv/detail/execute_homing_procedure__functions.c
[1.009s] -- Up-to-date: /home/ruslan/ros2_ws/install/dobot_msgs/include/dobot_msgs/dobot_msgs/srv/execute_homing_procedure.h
[1.009s] -- Up-to-date: /home/ruslan/ros2_ws/install/dobot_msgs/include/dobot_msgs/dobot_msgs/srv/evaluate_ptp_trajectory.h
[1.009s] -- Up-to-date: /home/ruslan/ros2_ws/install/dobot_msgs/include/dobot_msgs/dobot_msgs/srv/suction_cup_control.h
[1.010s] -- Up-to-date: /home/ruslan/ros2_ws/install/dobot_msgs/include/dobot_msgs/dobot_msgs/action
[1.011s] -- Up-to-date: /home/ruslan/ros2_ws/install/dobot_msgs/include/dobot_msgs/dobot_msgs/action/detail
[1.011s] -- Up-to-date: /home/ruslan/ros2_ws/install/dobot_msgs/include/dobot_msgs/dobot_msgs/action/detail/sliding_rail__struct.h
[1.011s] -- Up-to-date: /home/ruslan/ros2_ws/install/dobot_msgs/include/dobot_msgs/dobot_msgs/action/detail/point_to_point__functions.c
[1.011s] -- Up-to-date: /home/ruslan/ros2_ws/install/dobot_msgs/include/dobot_msgs/dobot_msgs/action/detail/sliding_rail__type_support.h
[1.011s] -- Up-to-date: /home/ruslan/ros2_ws/install/dobot_msgs/include/dobot_msgs/dobot_msgs/action/detail/sliding_rail__functions.h
[1.011s] -- Up-to-date: /home/ruslan/ros2_ws/install/dobot_msgs/include/dobot_msgs/dobot_msgs/action/detail/point_to_point__struct.h
[1.011s] -- Up-to-date: /home/ruslan/ros2_ws/install/dobot_msgs/include/dobot_msgs/dobot_msgs/action/detail/point_to_point__functions.h
[1.011s] -- Up-to-date: /home/ruslan/ros2_ws/install/dobot_msgs/include/dobot_msgs/dobot_msgs/action/detail/sliding_rail__functions.c
[1.011s] -- Up-to-date: /home/ruslan/ros2_ws/install/dobot_msgs/include/dobot_msgs/dobot_msgs/action/detail/point_to_point__type_support.h
[1.011s] -- Up-to-date: /home/ruslan/ros2_ws/install/dobot_msgs/include/dobot_msgs/dobot_msgs/action/point_to_point.h
[1.012s] -- Up-to-date: /home/ruslan/ros2_ws/install/dobot_msgs/include/dobot_msgs/dobot_msgs/action/sliding_rail.h
[1.012s] -- Up-to-date: /home/ruslan/ros2_ws/install/dobot_msgs/include/dobot_msgs/dobot_msgs/msg
[1.012s] -- Up-to-date: /home/ruslan/ros2_ws/install/dobot_msgs/include/dobot_msgs/dobot_msgs/msg/gripper_status.h
[1.012s] -- Up-to-date: /home/ruslan/ros2_ws/install/dobot_msgs/include/dobot_msgs/dobot_msgs/msg/rosidl_generator_c__visibility_control.h
[1.012s] -- Up-to-date: /home/ruslan/ros2_ws/install/dobot_msgs/include/dobot_msgs/dobot_msgs/msg/detail
[1.012s] -- Up-to-date: /home/ruslan/ros2_ws/install/dobot_msgs/include/dobot_msgs/dobot_msgs/msg/detail/gripper_status__type_support.h
[1.012s] -- Up-to-date: /home/ruslan/ros2_ws/install/dobot_msgs/include/dobot_msgs/dobot_msgs/msg/detail/dobot_alarm_codes__struct.h
[1.012s] -- Up-to-date: /home/ruslan/ros2_ws/install/dobot_msgs/include/dobot_msgs/dobot_msgs/msg/detail/gripper_status__functions.h
[1.013s] -- Up-to-date: /home/ruslan/ros2_ws/install/dobot_msgs/include/dobot_msgs/dobot_msgs/msg/detail/gripper_status__functions.c
[1.013s] -- Up-to-date: /home/ruslan/ros2_ws/install/dobot_msgs/include/dobot_msgs/dobot_msgs/msg/detail/dobot_alarm_codes__type_support.h
[1.013s] -- Up-to-date: /home/ruslan/ros2_ws/install/dobot_msgs/include/dobot_msgs/dobot_msgs/msg/detail/dobot_alarm_codes__functions.c
[1.013s] -- Up-to-date: /home/ruslan/ros2_ws/install/dobot_msgs/include/dobot_msgs/dobot_msgs/msg/detail/dobot_alarm_codes__functions.h
[1.013s] -- Up-to-date: /home/ruslan/ros2_ws/install/dobot_msgs/include/dobot_msgs/dobot_msgs/msg/detail/gripper_status__struct.h
[1.014s] -- Up-to-date: /home/ruslan/ros2_ws/install/dobot_msgs/include/dobot_msgs/dobot_msgs/msg/dobot_alarm_codes.h
[1.014s] -- Up-to-date: /home/ruslan/ros2_ws/install/dobot_msgs/share/dobot_msgs/environment/library_path.sh
[1.014s] -- Up-to-date: /home/ruslan/ros2_ws/install/dobot_msgs/share/dobot_msgs/environment/library_path.dsv
[1.014s] -- Up-to-date: /home/ruslan/ros2_ws/install/dobot_msgs/lib/libdobot_msgs__rosidl_generator_c.so
[1.014s] -- Up-to-date: /home/ruslan/ros2_ws/install/dobot_msgs/include/dobot_msgs/dobot_msgs
[1.014s] -- Up-to-date: /home/ruslan/ros2_ws/install/dobot_msgs/include/dobot_msgs/dobot_msgs/srv
[1.014s] -- Up-to-date: /home/ruslan/ros2_ws/install/dobot_msgs/include/dobot_msgs/dobot_msgs/srv/detail
[1.014s] -- Up-to-date: /home/ruslan/ros2_ws/install/dobot_msgs/include/dobot_msgs/dobot_msgs/srv/detail/evaluate_ptp_trajectory__rosidl_typesupport_fastrtps_c.h
[1.014s] -- Up-to-date: /home/ruslan/ros2_ws/install/dobot_msgs/include/dobot_msgs/dobot_msgs/srv/detail/execute_homing_procedure__rosidl_typesupport_fastrtps_c.h
[1.014s] -- Up-to-date: /home/ruslan/ros2_ws/install/dobot_msgs/include/dobot_msgs/dobot_msgs/srv/detail/gripper_control__rosidl_typesupport_fastrtps_c.h
[1.015s] -- Up-to-date: /home/ruslan/ros2_ws/install/dobot_msgs/include/dobot_msgs/dobot_msgs/srv/detail/suction_cup_control__rosidl_typesupport_fastrtps_c.h
[1.015s] -- Up-to-date: /home/ruslan/ros2_ws/install/dobot_msgs/include/dobot_msgs/dobot_msgs/action
[1.015s] -- Up-to-date: /home/ruslan/ros2_ws/install/dobot_msgs/include/dobot_msgs/dobot_msgs/action/detail
[1.015s] -- Up-to-date: /home/ruslan/ros2_ws/install/dobot_msgs/include/dobot_msgs/dobot_msgs/action/detail/point_to_point__rosidl_typesupport_fastrtps_c.h
[1.015s] -- Up-to-date: /home/ruslan/ros2_ws/install/dobot_msgs/include/dobot_msgs/dobot_msgs/action/detail/sliding_rail__rosidl_typesupport_fastrtps_c.h
[1.015s] -- Up-to-date: /home/ruslan/ros2_ws/install/dobot_msgs/include/dobot_msgs/dobot_msgs/msg
[1.015s] -- Up-to-date: /home/ruslan/ros2_ws/install/dobot_msgs/include/dobot_msgs/dobot_msgs/msg/detail
[1.015s] -- Up-to-date: /home/ruslan/ros2_ws/install/dobot_msgs/include/dobot_msgs/dobot_msgs/msg/detail/gripper_status__rosidl_typesupport_fastrtps_c.h
[1.015s] -- Up-to-date: /home/ruslan/ros2_ws/install/dobot_msgs/include/dobot_msgs/dobot_msgs/msg/detail/dobot_alarm_codes__rosidl_typesupport_fastrtps_c.h
[1.015s] -- Up-to-date: /home/ruslan/ros2_ws/install/dobot_msgs/include/dobot_msgs/dobot_msgs/msg/rosidl_typesupport_fastrtps_c__visibility_control.h
[1.016s] -- Up-to-date: /home/ruslan/ros2_ws/install/dobot_msgs/lib/libdobot_msgs__rosidl_typesupport_fastrtps_c.so
[1.016s] -- Up-to-date: /home/ruslan/ros2_ws/install/dobot_msgs/include/dobot_msgs/dobot_msgs
[1.016s] -- Up-to-date: /home/ruslan/ros2_ws/install/dobot_msgs/include/dobot_msgs/dobot_msgs/srv
[1.016s] -- Up-to-date: /home/ruslan/ros2_ws/install/dobot_msgs/include/dobot_msgs/dobot_msgs/srv/detail
[1.016s] -- Up-to-date: /home/ruslan/ros2_ws/install/dobot_msgs/include/dobot_msgs/dobot_msgs/srv/detail/evaluate_ptp_trajectory__rosidl_typesupport_introspection_c.h
[1.016s] -- Up-to-date: /home/ruslan/ros2_ws/install/dobot_msgs/include/dobot_msgs/dobot_msgs/srv/detail/suction_cup_control__rosidl_typesupport_introspection_c.h
[1.016s] -- Up-to-date: /home/ruslan/ros2_ws/install/dobot_msgs/include/dobot_msgs/dobot_msgs/srv/detail/execute_homing_procedure__type_support.c
[1.016s] -- Up-to-date: /home/ruslan/ros2_ws/install/dobot_msgs/include/dobot_msgs/dobot_msgs/srv/detail/gripper_control__rosidl_typesupport_introspection_c.h
[1.017s] -- Up-to-date: /home/ruslan/ros2_ws/install/dobot_msgs/include/dobot_msgs/dobot_msgs/srv/detail/gripper_control__type_support.c
[1.017s] -- Up-to-date: /home/ruslan/ros2_ws/install/dobot_msgs/include/dobot_msgs/dobot_msgs/srv/detail/execute_homing_procedure__rosidl_typesupport_introspection_c.h
[1.017s] -- Up-to-date: /home/ruslan/ros2_ws/install/dobot_msgs/include/dobot_msgs/dobot_msgs/srv/detail/evaluate_ptp_trajectory__type_support.c
[1.017s] -- Up-to-date: /home/ruslan/ros2_ws/install/dobot_msgs/include/dobot_msgs/dobot_msgs/srv/detail/suction_cup_control__type_support.c
[1.017s] -- Up-to-date: /home/ruslan/ros2_ws/install/dobot_msgs/include/dobot_msgs/dobot_msgs/action
[1.017s] -- Up-to-date: /home/ruslan/ros2_ws/install/dobot_msgs/include/dobot_msgs/dobot_msgs/action/detail
[1.017s] -- Up-to-date: /home/ruslan/ros2_ws/install/dobot_msgs/include/dobot_msgs/dobot_msgs/action/detail/sliding_rail__rosidl_typesupport_introspection_c.h
[1.017s] -- Up-to-date: /home/ruslan/ros2_ws/install/dobot_msgs/include/dobot_msgs/dobot_msgs/action/detail/point_to_point__type_support.c
[1.017s] -- Up-to-date: /home/ruslan/ros2_ws/install/dobot_msgs/include/dobot_msgs/dobot_msgs/action/detail/point_to_point__rosidl_typesupport_introspection_c.h
[1.017s] -- Up-to-date: /home/ruslan/ros2_ws/install/dobot_msgs/include/dobot_msgs/dobot_msgs/action/detail/sliding_rail__type_support.c
[1.017s] -- Up-to-date: /home/ruslan/ros2_ws/install/dobot_msgs/include/dobot_msgs/dobot_msgs/msg
[1.018s] -- Up-to-date: /home/ruslan/ros2_ws/install/dobot_msgs/include/dobot_msgs/dobot_msgs/msg/detail
[1.018s] -- Up-to-date: /home/ruslan/ros2_ws/install/dobot_msgs/include/dobot_msgs/dobot_msgs/msg/detail/dobot_alarm_codes__type_support.c
[1.018s] -- Up-to-date: /home/ruslan/ros2_ws/install/dobot_msgs/include/dobot_msgs/dobot_msgs/msg/detail/gripper_status__type_support.c
[1.018s] -- Up-to-date: /home/ruslan/ros2_ws/install/dobot_msgs/include/dobot_msgs/dobot_msgs/msg/detail/dobot_alarm_codes__rosidl_typesupport_introspection_c.h
[1.018s] -- Up-to-date: /home/ruslan/ros2_ws/install/dobot_msgs/include/dobot_msgs/dobot_msgs/msg/detail/gripper_status__rosidl_typesupport_introspection_c.h
[1.018s] -- Up-to-date: /home/ruslan/ros2_ws/install/dobot_msgs/include/dobot_msgs/dobot_msgs/msg/rosidl_typesupport_introspection_c__visibility_control.h
[1.018s] -- Up-to-date: /home/ruslan/ros2_ws/install/dobot_msgs/lib/libdobot_msgs__rosidl_typesupport_introspection_c.so
[1.019s] -- Up-to-date: /home/ruslan/ros2_ws/install/dobot_msgs/lib/libdobot_msgs__rosidl_typesupport_c.so
[1.019s] -- Up-to-date: /home/ruslan/ros2_ws/install/dobot_msgs/include/dobot_msgs/dobot_msgs
[1.019s] -- Up-to-date: /home/ruslan/ros2_ws/install/dobot_msgs/include/dobot_msgs/dobot_msgs/srv
[1.019s] -- Up-to-date: /home/ruslan/ros2_ws/install/dobot_msgs/include/dobot_msgs/dobot_msgs/srv/detail
[1.019s] -- Up-to-date: /home/ruslan/ros2_ws/install/dobot_msgs/include/dobot_msgs/dobot_msgs/srv/detail/gripper_control__struct.hpp
[1.019s] -- Up-to-date: /home/ruslan/ros2_ws/install/dobot_msgs/include/dobot_msgs/dobot_msgs/srv/detail/suction_cup_control__traits.hpp
[1.019s] -- Up-to-date: /home/ruslan/ros2_ws/install/dobot_msgs/include/dobot_msgs/dobot_msgs/srv/detail/evaluate_ptp_trajectory__traits.hpp
[1.019s] -- Up-to-date: /home/ruslan/ros2_ws/install/dobot_msgs/include/dobot_msgs/dobot_msgs/srv/detail/gripper_control__traits.hpp
[1.019s] -- Up-to-date: /home/ruslan/ros2_ws/install/dobot_msgs/include/dobot_msgs/dobot_msgs/srv/detail/evaluate_ptp_trajectory__builder.hpp
[1.019s] -- Up-to-date: /home/ruslan/ros2_ws/install/dobot_msgs/include/dobot_msgs/dobot_msgs/srv/detail/suction_cup_control__struct.hpp
[1.019s] -- Up-to-date: /home/ruslan/ros2_ws/install/dobot_msgs/include/dobot_msgs/dobot_msgs/srv/detail/evaluate_ptp_trajectory__type_support.hpp
[1.019s] -- Up-to-date: /home/ruslan/ros2_ws/install/dobot_msgs/include/dobot_msgs/dobot_msgs/srv/detail/execute_homing_procedure__traits.hpp
[1.019s] -- Up-to-date: /home/ruslan/ros2_ws/install/dobot_msgs/include/dobot_msgs/dobot_msgs/srv/detail/gripper_control__builder.hpp
[1.020s] -- Up-to-date: /home/ruslan/ros2_ws/install/dobot_msgs/include/dobot_msgs/dobot_msgs/srv/detail/evaluate_ptp_trajectory__struct.hpp
[1.020s] -- Up-to-date: /home/ruslan/ros2_ws/install/dobot_msgs/include/dobot_msgs/dobot_msgs/srv/detail/suction_cup_control__builder.hpp
[1.020s] -- Up-to-date: /home/ruslan/ros2_ws/install/dobot_msgs/include/dobot_msgs/dobot_msgs/srv/detail/execute_homing_procedure__type_support.hpp
[1.021s] -- Up-to-date: /home/ruslan/ros2_ws/install/dobot_msgs/include/dobot_msgs/dobot_msgs/srv/detail/suction_cup_control__type_support.hpp
[1.021s] -- Up-to-date: /home/ruslan/ros2_ws/install/dobot_msgs/include/dobot_msgs/dobot_msgs/srv/detail/execute_homing_procedure__struct.hpp
[1.021s] -- Up-to-date: /home/ruslan/ros2_ws/install/dobot_msgs/include/dobot_msgs/dobot_msgs/srv/detail/execute_homing_procedure__builder.hpp
[1.021s] -- Up-to-date: /home/ruslan/ros2_ws/install/dobot_msgs/include/dobot_msgs/dobot_msgs/srv/detail/gripper_control__type_support.hpp
[1.021s] -- Up-to-date: /home/ruslan/ros2_ws/install/dobot_msgs/include/dobot_msgs/dobot_msgs/srv/execute_homing_procedure.hpp
[1.021s] -- Up-to-date: /home/ruslan/ros2_ws/install/dobot_msgs/include/dobot_msgs/dobot_msgs/srv/suction_cup_control.hpp
[1.021s] -- Up-to-date: /home/ruslan/ros2_ws/install/dobot_msgs/include/dobot_msgs/dobot_msgs/srv/evaluate_ptp_trajectory.hpp
[1.021s] -- Up-to-date: /home/ruslan/ros2_ws/install/dobot_msgs/include/dobot_msgs/dobot_msgs/srv/gripper_control.hpp
[1.021s] -- Up-to-date: /home/ruslan/ros2_ws/install/dobot_msgs/include/dobot_msgs/dobot_msgs/action
[1.021s] -- Up-to-date: /home/ruslan/ros2_ws/install/dobot_msgs/include/dobot_msgs/dobot_msgs/action/detail
[1.021s] -- Up-to-date: /home/ruslan/ros2_ws/install/dobot_msgs/include/dobot_msgs/dobot_msgs/action/detail/sliding_rail__type_support.hpp
[1.022s] -- Up-to-date: /home/ruslan/ros2_ws/install/dobot_msgs/include/dobot_msgs/dobot_msgs/action/detail/sliding_rail__struct.hpp
[1.022s] -- Up-to-date: /home/ruslan/ros2_ws/install/dobot_msgs/include/dobot_msgs/dobot_msgs/action/detail/sliding_rail__builder.hpp
[1.022s] -- Up-to-date: /home/ruslan/ros2_ws/install/dobot_msgs/include/dobot_msgs/dobot_msgs/action/detail/sliding_rail__traits.hpp
[1.022s] -- Up-to-date: /home/ruslan/ros2_ws/install/dobot_msgs/include/dobot_msgs/dobot_msgs/action/detail/point_to_point__traits.hpp
[1.022s] -- Up-to-date: /home/ruslan/ros2_ws/install/dobot_msgs/include/dobot_msgs/dobot_msgs/action/detail/point_to_point__struct.hpp
[1.022s] -- Up-to-date: /home/ruslan/ros2_ws/install/dobot_msgs/include/dobot_msgs/dobot_msgs/action/detail/point_to_point__type_support.hpp
[1.022s] -- Up-to-date: /home/ruslan/ros2_ws/install/dobot_msgs/include/dobot_msgs/dobot_msgs/action/detail/point_to_point__builder.hpp
[1.022s] -- Up-to-date: /home/ruslan/ros2_ws/install/dobot_msgs/include/dobot_msgs/dobot_msgs/action/point_to_point.hpp
[1.022s] -- Up-to-date: /home/ruslan/ros2_ws/install/dobot_msgs/include/dobot_msgs/dobot_msgs/action/sliding_rail.hpp
[1.022s] -- Up-to-date: /home/ruslan/ros2_ws/install/dobot_msgs/include/dobot_msgs/dobot_msgs/msg
[1.023s] -- Up-to-date: /home/ruslan/ros2_ws/install/dobot_msgs/include/dobot_msgs/dobot_msgs/msg/detail
[1.023s] -- Up-to-date: /home/ruslan/ros2_ws/install/dobot_msgs/include/dobot_msgs/dobot_msgs/msg/detail/gripper_status__builder.hpp
[1.023s] -- Up-to-date: /home/ruslan/ros2_ws/install/dobot_msgs/include/dobot_msgs/dobot_msgs/msg/detail/dobot_alarm_codes__type_support.hpp
[1.023s] -- Up-to-date: /home/ruslan/ros2_ws/install/dobot_msgs/include/dobot_msgs/dobot_msgs/msg/detail/dobot_alarm_codes__traits.hpp
[1.023s] -- Up-to-date: /home/ruslan/ros2_ws/install/dobot_msgs/include/dobot_msgs/dobot_msgs/msg/detail/dobot_alarm_codes__builder.hpp
[1.023s] -- Up-to-date: /home/ruslan/ros2_ws/install/dobot_msgs/include/dobot_msgs/dobot_msgs/msg/detail/gripper_status__traits.hpp
[1.023s] -- Up-to-date: /home/ruslan/ros2_ws/install/dobot_msgs/include/dobot_msgs/dobot_msgs/msg/detail/gripper_status__struct.hpp
[1.023s] -- Up-to-date: /home/ruslan/ros2_ws/install/dobot_msgs/include/dobot_msgs/dobot_msgs/msg/detail/gripper_status__type_support.hpp
[1.023s] -- Up-to-date: /home/ruslan/ros2_ws/install/dobot_msgs/include/dobot_msgs/dobot_msgs/msg/detail/dobot_alarm_codes__struct.hpp
[1.023s] -- Up-to-date: /home/ruslan/ros2_ws/install/dobot_msgs/include/dobot_msgs/dobot_msgs/msg/gripper_status.hpp
[1.023s] -- Up-to-date: /home/ruslan/ros2_ws/install/dobot_msgs/include/dobot_msgs/dobot_msgs/msg/rosidl_generator_cpp__visibility_control.hpp
[1.023s] -- Up-to-date: /home/ruslan/ros2_ws/install/dobot_msgs/include/dobot_msgs/dobot_msgs/msg/dobot_alarm_codes.hpp
[1.023s] -- Up-to-date: /home/ruslan/ros2_ws/install/dobot_msgs/include/dobot_msgs/dobot_msgs
[1.023s] -- Up-to-date: /home/ruslan/ros2_ws/install/dobot_msgs/include/dobot_msgs/dobot_msgs/srv
[1.024s] -- Up-to-date: /home/ruslan/ros2_ws/install/dobot_msgs/include/dobot_msgs/dobot_msgs/srv/detail
[1.024s] -- Up-to-date: /home/ruslan/ros2_ws/install/dobot_msgs/include/dobot_msgs/dobot_msgs/srv/detail/execute_homing_procedure__rosidl_typesupport_fastrtps_cpp.hpp
[1.024s] -- Up-to-date: /home/ruslan/ros2_ws/install/dobot_msgs/include/dobot_msgs/dobot_msgs/srv/detail/evaluate_ptp_trajectory__rosidl_typesupport_fastrtps_cpp.hpp
[1.024s] -- Up-to-date: /home/ruslan/ros2_ws/install/dobot_msgs/include/dobot_msgs/dobot_msgs/srv/detail/dds_fastrtps
[1.024s] -- Up-to-date: /home/ruslan/ros2_ws/install/dobot_msgs/include/dobot_msgs/dobot_msgs/srv/detail/gripper_control__rosidl_typesupport_fastrtps_cpp.hpp
[1.024s] -- Up-to-date: /home/ruslan/ros2_ws/install/dobot_msgs/include/dobot_msgs/dobot_msgs/srv/detail/suction_cup_control__rosidl_typesupport_fastrtps_cpp.hpp
[1.024s] -- Up-to-date: /home/ruslan/ros2_ws/install/dobot_msgs/include/dobot_msgs/dobot_msgs/action
[1.024s] -- Up-to-date: /home/ruslan/ros2_ws/install/dobot_msgs/include/dobot_msgs/dobot_msgs/action/detail
[1.024s] -- Up-to-date: /home/ruslan/ros2_ws/install/dobot_msgs/include/dobot_msgs/dobot_msgs/action/detail/sliding_rail__rosidl_typesupport_fastrtps_cpp.hpp
[1.024s] -- Up-to-date: /home/ruslan/ros2_ws/install/dobot_msgs/include/dobot_msgs/dobot_msgs/action/detail/dds_fastrtps
[1.024s] -- Up-to-date: /home/ruslan/ros2_ws/install/dobot_msgs/include/dobot_msgs/dobot_msgs/action/detail/point_to_point__rosidl_typesupport_fastrtps_cpp.hpp
[1.025s] -- Up-to-date: /home/ruslan/ros2_ws/install/dobot_msgs/include/dobot_msgs/dobot_msgs/msg
[1.025s] -- Up-to-date: /home/ruslan/ros2_ws/install/dobot_msgs/include/dobot_msgs/dobot_msgs/msg/detail
[1.025s] -- Up-to-date: /home/ruslan/ros2_ws/install/dobot_msgs/include/dobot_msgs/dobot_msgs/msg/detail/dds_fastrtps
[1.025s] -- Up-to-date: /home/ruslan/ros2_ws/install/dobot_msgs/include/dobot_msgs/dobot_msgs/msg/detail/dobot_alarm_codes__rosidl_typesupport_fastrtps_cpp.hpp
[1.025s] -- Up-to-date: /home/ruslan/ros2_ws/install/dobot_msgs/include/dobot_msgs/dobot_msgs/msg/detail/gripper_status__rosidl_typesupport_fastrtps_cpp.hpp
[1.025s] -- Up-to-date: /home/ruslan/ros2_ws/install/dobot_msgs/include/dobot_msgs/dobot_msgs/msg/rosidl_typesupport_fastrtps_cpp__visibility_control.h
[1.025s] -- Up-to-date: /home/ruslan/ros2_ws/install/dobot_msgs/lib/libdobot_msgs__rosidl_typesupport_fastrtps_cpp.so
[1.025s] -- Up-to-date: /home/ruslan/ros2_ws/install/dobot_msgs/include/dobot_msgs/dobot_msgs
[1.025s] -- Up-to-date: /home/ruslan/ros2_ws/install/dobot_msgs/include/dobot_msgs/dobot_msgs/srv
[1.026s] -- Up-to-date: /home/ruslan/ros2_ws/install/dobot_msgs/include/dobot_msgs/dobot_msgs/srv/detail
[1.026s] -- Up-to-date: /home/ruslan/ros2_ws/install/dobot_msgs/include/dobot_msgs/dobot_msgs/srv/detail/suction_cup_control__rosidl_typesupport_introspection_cpp.hpp
[1.026s] -- Up-to-date: /home/ruslan/ros2_ws/install/dobot_msgs/include/dobot_msgs/dobot_msgs/srv/detail/evaluate_ptp_trajectory__type_support.cpp
[1.026s] -- Up-to-date: /home/ruslan/ros2_ws/install/dobot_msgs/include/dobot_msgs/dobot_msgs/srv/detail/execute_homing_procedure__rosidl_typesupport_introspection_cpp.hpp
[1.026s] -- Up-to-date: /home/ruslan/ros2_ws/install/dobot_msgs/include/dobot_msgs/dobot_msgs/srv/detail/gripper_control__type_support.cpp
[1.026s] -- Up-to-date: /home/ruslan/ros2_ws/install/dobot_msgs/include/dobot_msgs/dobot_msgs/srv/detail/suction_cup_control__type_support.cpp
[1.026s] -- Up-to-date: /home/ruslan/ros2_ws/install/dobot_msgs/include/dobot_msgs/dobot_msgs/srv/detail/gripper_control__rosidl_typesupport_introspection_cpp.hpp
[1.026s] -- Up-to-date: /home/ruslan/ros2_ws/install/dobot_msgs/include/dobot_msgs/dobot_msgs/srv/detail/evaluate_ptp_trajectory__rosidl_typesupport_introspection_cpp.hpp
[1.026s] -- Up-to-date: /home/ruslan/ros2_ws/install/dobot_msgs/include/dobot_msgs/dobot_msgs/srv/detail/execute_homing_procedure__type_support.cpp
[1.026s] -- Up-to-date: /home/ruslan/ros2_ws/install/dobot_msgs/include/dobot_msgs/dobot_msgs/action
[1.026s] -- Up-to-date: /home/ruslan/ros2_ws/install/dobot_msgs/include/dobot_msgs/dobot_msgs/action/detail
[1.026s] -- Up-to-date: /home/ruslan/ros2_ws/install/dobot_msgs/include/dobot_msgs/dobot_msgs/action/detail/point_to_point__rosidl_typesupport_introspection_cpp.hpp
[1.026s] -- Up-to-date: /home/ruslan/ros2_ws/install/dobot_msgs/include/dobot_msgs/dobot_msgs/action/detail/sliding_rail__rosidl_typesupport_introspection_cpp.hpp
[1.027s] -- Up-to-date: /home/ruslan/ros2_ws/install/dobot_msgs/include/dobot_msgs/dobot_msgs/action/detail/point_to_point__type_support.cpp
[1.027s] -- Up-to-date: /home/ruslan/ros2_ws/install/dobot_msgs/include/dobot_msgs/dobot_msgs/action/detail/sliding_rail__type_support.cpp
[1.027s] -- Up-to-date: /home/ruslan/ros2_ws/install/dobot_msgs/include/dobot_msgs/dobot_msgs/msg
[1.027s] -- Up-to-date: /home/ruslan/ros2_ws/install/dobot_msgs/include/dobot_msgs/dobot_msgs/msg/detail
[1.027s] -- Up-to-date: /home/ruslan/ros2_ws/install/dobot_msgs/include/dobot_msgs/dobot_msgs/msg/detail/dobot_alarm_codes__type_support.cpp
[1.028s] -- Up-to-date: /home/ruslan/ros2_ws/install/dobot_msgs/include/dobot_msgs/dobot_msgs/msg/detail/dobot_alarm_codes__rosidl_typesupport_introspection_cpp.hpp
[1.028s] -- Up-to-date: /home/ruslan/ros2_ws/install/dobot_msgs/include/dobot_msgs/dobot_msgs/msg/detail/gripper_status__rosidl_typesupport_introspection_cpp.hpp
[1.028s] -- Up-to-date: /home/ruslan/ros2_ws/install/dobot_msgs/include/dobot_msgs/dobot_msgs/msg/detail/gripper_status__type_support.cpp
[1.028s] -- Up-to-date: /home/ruslan/ros2_ws/install/dobot_msgs/lib/libdobot_msgs__rosidl_typesupport_introspection_cpp.so
[1.028s] -- Up-to-date: /home/ruslan/ros2_ws/install/dobot_msgs/lib/libdobot_msgs__rosidl_typesupport_cpp.so
[1.028s] -- Up-to-date: /home/ruslan/ros2_ws/install/dobot_msgs/share/dobot_msgs/environment/pythonpath.sh
[1.028s] -- Up-to-date: /home/ruslan/ros2_ws/install/dobot_msgs/share/dobot_msgs/environment/pythonpath.dsv
[1.028s] -- Up-to-date: /home/ruslan/ros2_ws/install/dobot_msgs/local/lib/python3.10/dist-packages/dobot_msgs-1.0.0-py3.10.egg-info
[1.028s] -- Installing: /home/ruslan/ros2_ws/install/dobot_msgs/local/lib/python3.10/dist-packages/dobot_msgs-1.0.0-py3.10.egg-info/dependency_links.txt
[1.029s] -- Installing: /home/ruslan/ros2_ws/install/dobot_msgs/local/lib/python3.10/dist-packages/dobot_msgs-1.0.0-py3.10.egg-info/SOURCES.txt
[1.029s] -- Installing: /home/ruslan/ros2_ws/install/dobot_msgs/local/lib/python3.10/dist-packages/dobot_msgs-1.0.0-py3.10.egg-info/PKG-INFO
[1.030s] -- Installing: /home/ruslan/ros2_ws/install/dobot_msgs/local/lib/python3.10/dist-packages/dobot_msgs-1.0.0-py3.10.egg-info/top_level.txt
[1.030s] -- Up-to-date: /home/ruslan/ros2_ws/install/dobot_msgs/local/lib/python3.10/dist-packages/dobot_msgs
[1.030s] -- Up-to-date: /home/ruslan/ros2_ws/install/dobot_msgs/local/lib/python3.10/dist-packages/dobot_msgs/_dobot_msgs_s.ep.rosidl_typesupport_introspection_c.c
[1.030s] -- Up-to-date: /home/ruslan/ros2_ws/install/dobot_msgs/local/lib/python3.10/dist-packages/dobot_msgs/dobot_msgs_s__rosidl_typesupport_c.cpython-310-x86_64-linux-gnu.so
[1.030s] -- Up-to-date: /home/ruslan/ros2_ws/install/dobot_msgs/local/lib/python3.10/dist-packages/dobot_msgs/srv
[1.030s] -- Up-to-date: /home/ruslan/ros2_ws/install/dobot_msgs/local/lib/python3.10/dist-packages/dobot_msgs/srv/_gripper_control.py
[1.030s] -- Up-to-date: /home/ruslan/ros2_ws/install/dobot_msgs/local/lib/python3.10/dist-packages/dobot_msgs/srv/_gripper_control_s.c
[1.031s] -- Up-to-date: /home/ruslan/ros2_ws/install/dobot_msgs/local/lib/python3.10/dist-packages/dobot_msgs/srv/__init__.py
[1.031s] -- Up-to-date: /home/ruslan/ros2_ws/install/dobot_msgs/local/lib/python3.10/dist-packages/dobot_msgs/srv/_execute_homing_procedure_s.c
[1.031s] -- Up-to-date: /home/ruslan/ros2_ws/install/dobot_msgs/local/lib/python3.10/dist-packages/dobot_msgs/srv/_execute_homing_procedure.py
[1.031s] -- Up-to-date: /home/ruslan/ros2_ws/install/dobot_msgs/local/lib/python3.10/dist-packages/dobot_msgs/srv/_suction_cup_control.py
[1.031s] -- Up-to-date: /home/ruslan/ros2_ws/install/dobot_msgs/local/lib/python3.10/dist-packages/dobot_msgs/srv/_evaluate_ptp_trajectory_s.c
[1.031s] -- Up-to-date: /home/ruslan/ros2_ws/install/dobot_msgs/local/lib/python3.10/dist-packages/dobot_msgs/srv/_evaluate_ptp_trajectory.py
[1.031s] -- Up-to-date: /home/ruslan/ros2_ws/install/dobot_msgs/local/lib/python3.10/dist-packages/dobot_msgs/srv/_suction_cup_control_s.c
[1.031s] -- Up-to-date: /home/ruslan/ros2_ws/install/dobot_msgs/local/lib/python3.10/dist-packages/dobot_msgs/action
[1.031s] -- Up-to-date: /home/ruslan/ros2_ws/install/dobot_msgs/local/lib/python3.10/dist-packages/dobot_msgs/action/__init__.py
[1.032s] -- Up-to-date: /home/ruslan/ros2_ws/install/dobot_msgs/local/lib/python3.10/dist-packages/dobot_msgs/action/_sliding_rail_s.c
[1.032s] -- Up-to-date: /home/ruslan/ros2_ws/install/dobot_msgs/local/lib/python3.10/dist-packages/dobot_msgs/action/_sliding_rail.py
[1.032s] -- Up-to-date: /home/ruslan/ros2_ws/install/dobot_msgs/local/lib/python3.10/dist-packages/dobot_msgs/action/_point_to_point.py
[1.032s] -- Up-to-date: /home/ruslan/ros2_ws/install/dobot_msgs/local/lib/python3.10/dist-packages/dobot_msgs/action/_point_to_point_s.c
[1.032s] -- Up-to-date: /home/ruslan/ros2_ws/install/dobot_msgs/local/lib/python3.10/dist-packages/dobot_msgs/__init__.py
[1.032s] -- Up-to-date: /home/ruslan/ros2_ws/install/dobot_msgs/local/lib/python3.10/dist-packages/dobot_msgs/dobot_msgs_s__rosidl_typesupport_fastrtps_c.cpython-310-x86_64-linux-gnu.so
[1.032s] -- Up-to-date: /home/ruslan/ros2_ws/install/dobot_msgs/local/lib/python3.10/dist-packages/dobot_msgs/_dobot_msgs_s.ep.rosidl_typesupport_c.c
[1.032s] -- Up-to-date: /home/ruslan/ros2_ws/install/dobot_msgs/local/lib/python3.10/dist-packages/dobot_msgs/dobot_msgs_s__rosidl_typesupport_introspection_c.cpython-310-x86_64-linux-gnu.so
[1.032s] -- Up-to-date: /home/ruslan/ros2_ws/install/dobot_msgs/local/lib/python3.10/dist-packages/dobot_msgs/msg
[1.032s] -- Up-to-date: /home/ruslan/ros2_ws/install/dobot_msgs/local/lib/python3.10/dist-packages/dobot_msgs/msg/__init__.py
[1.032s] -- Up-to-date: /home/ruslan/ros2_ws/install/dobot_msgs/local/lib/python3.10/dist-packages/dobot_msgs/msg/_dobot_alarm_codes_s.c
[1.032s] -- Up-to-date: /home/ruslan/ros2_ws/install/dobot_msgs/local/lib/python3.10/dist-packages/dobot_msgs/msg/_dobot_alarm_codes.py
[1.032s] -- Up-to-date: /home/ruslan/ros2_ws/install/dobot_msgs/local/lib/python3.10/dist-packages/dobot_msgs/msg/_gripper_status.py
[1.032s] -- Up-to-date: /home/ruslan/ros2_ws/install/dobot_msgs/local/lib/python3.10/dist-packages/dobot_msgs/msg/_gripper_status_s.c
[1.032s] -- Up-to-date: /home/ruslan/ros2_ws/install/dobot_msgs/local/lib/python3.10/dist-packages/dobot_msgs/libdobot_msgs__rosidl_generator_py.so
[1.032s] -- Up-to-date: /home/ruslan/ros2_ws/install/dobot_msgs/local/lib/python3.10/dist-packages/dobot_msgs/_dobot_msgs_s.ep.rosidl_typesupport_fastrtps_c.c
[1.037s] Listing '/home/ruslan/ros2_ws/install/dobot_msgs/local/lib/python3.10/dist-packages/dobot_msgs'...
[1.037s] Listing '/home/ruslan/ros2_ws/install/dobot_msgs/local/lib/python3.10/dist-packages/dobot_msgs/action'...
[1.037s] Listing '/home/ruslan/ros2_ws/install/dobot_msgs/local/lib/python3.10/dist-packages/dobot_msgs/msg'...
[1.037s] Listing '/home/ruslan/ros2_ws/install/dobot_msgs/local/lib/python3.10/dist-packages/dobot_msgs/srv'...
[1.039s] -- Up-to-date: /home/ruslan/ros2_ws/install/dobot_msgs/local/lib/python3.10/dist-packages/dobot_msgs/dobot_msgs_s__rosidl_typesupport_fastrtps_c.cpython-310-x86_64-linux-gnu.so
[1.039s] -- Up-to-date: /home/ruslan/ros2_ws/install/dobot_msgs/local/lib/python3.10/dist-packages/dobot_msgs/dobot_msgs_s__rosidl_typesupport_introspection_c.cpython-310-x86_64-linux-gnu.so
[1.039s] -- Up-to-date: /home/ruslan/ros2_ws/install/dobot_msgs/local/lib/python3.10/dist-packages/dobot_msgs/dobot_msgs_s__rosidl_typesupport_c.cpython-310-x86_64-linux-gnu.so
[1.039s] -- Up-to-date: /home/ruslan/ros2_ws/install/dobot_msgs/lib/libdobot_msgs__rosidl_generator_py.so
[1.039s] -- Up-to-date: /home/ruslan/ros2_ws/install/dobot_msgs/share/dobot_msgs/action/PointToPoint.idl
[1.039s] -- Up-to-date: /home/ruslan/ros2_ws/install/dobot_msgs/share/dobot_msgs/action/SlidingRail.idl
[1.039s] -- Up-to-date: /home/ruslan/ros2_ws/install/dobot_msgs/share/dobot_msgs/msg/DobotAlarmCodes.idl
[1.039s] -- Up-to-date: /home/ruslan/ros2_ws/install/dobot_msgs/share/dobot_msgs/msg/GripperStatus.idl
[1.039s] -- Up-to-date: /home/ruslan/ros2_ws/install/dobot_msgs/share/dobot_msgs/srv/EvaluatePTPTrajectory.idl
[1.039s] -- Up-to-date: /home/ruslan/ros2_ws/install/dobot_msgs/share/dobot_msgs/srv/ExecuteHomingProcedure.idl
[1.039s] -- Up-to-date: /home/ruslan/ros2_ws/install/dobot_msgs/share/dobot_msgs/srv/GripperControl.idl
[1.039s] -- Up-to-date: /home/ruslan/ros2_ws/install/dobot_msgs/share/dobot_msgs/srv/SuctionCupControl.idl
[1.039s] -- Up-to-date: /home/ruslan/ros2_ws/install/dobot_msgs/share/dobot_msgs/action/PointToPoint.action
[1.039s] -- Up-to-date: /home/ruslan/ros2_ws/install/dobot_msgs/share/dobot_msgs/action/SlidingRail.action
[1.039s] -- Up-to-date: /home/ruslan/ros2_ws/install/dobot_msgs/share/dobot_msgs/msg/DobotAlarmCodes.msg
[1.039s] -- Up-to-date: /home/ruslan/ros2_ws/install/dobot_msgs/share/dobot_msgs/msg/GripperStatus.msg
[1.039s] -- Up-to-date: /home/ruslan/ros2_ws/install/dobot_msgs/share/dobot_msgs/srv/EvaluatePTPTrajectory.srv
[1.040s] -- Up-to-date: /home/ruslan/ros2_ws/install/dobot_msgs/share/dobot_msgs/srv/EvaluatePTPTrajectory_Request.msg
[1.040s] -- Up-to-date: /home/ruslan/ros2_ws/install/dobot_msgs/share/dobot_msgs/srv/EvaluatePTPTrajectory_Response.msg
[1.040s] -- Up-to-date: /home/ruslan/ros2_ws/install/dobot_msgs/share/dobot_msgs/srv/ExecuteHomingProcedure.srv
[1.040s] -- Up-to-date: /home/ruslan/ros2_ws/install/dobot_msgs/share/dobot_msgs/srv/ExecuteHomingProcedure_Request.msg
[1.040s] -- Up-to-date: /home/ruslan/ros2_ws/install/dobot_msgs/share/dobot_msgs/srv/ExecuteHomingProcedure_Response.msg
[1.041s] -- Up-to-date: /home/ruslan/ros2_ws/install/dobot_msgs/share/dobot_msgs/srv/GripperControl.srv
[1.041s] -- Up-to-date: /home/ruslan/ros2_ws/install/dobot_msgs/share/dobot_msgs/srv/GripperControl_Request.msg
[1.041s] -- Up-to-date: /home/ruslan/ros2_ws/install/dobot_msgs/share/dobot_msgs/srv/GripperControl_Response.msg
[1.041s] -- Up-to-date: /home/ruslan/ros2_ws/install/dobot_msgs/share/dobot_msgs/srv/SuctionCupControl.srv
[1.041s] -- Up-to-date: /home/ruslan/ros2_ws/install/dobot_msgs/share/dobot_msgs/srv/SuctionCupControl_Request.msg
[1.041s] -- Up-to-date: /home/ruslan/ros2_ws/install/dobot_msgs/share/dobot_msgs/srv/SuctionCupControl_Response.msg
[1.041s] -- Up-to-date: /home/ruslan/ros2_ws/install/dobot_msgs/share/ament_index/resource_index/package_run_dependencies/dobot_msgs
[1.041s] -- Up-to-date: /home/ruslan/ros2_ws/install/dobot_msgs/share/ament_index/resource_index/parent_prefix_path/dobot_msgs
[1.041s] -- Up-to-date: /home/ruslan/ros2_ws/install/dobot_msgs/share/dobot_msgs/environment/ament_prefix_path.sh
[1.041s] -- Up-to-date: /home/ruslan/ros2_ws/install/dobot_msgs/share/dobot_msgs/environment/ament_prefix_path.dsv
[1.041s] -- Up-to-date: /home/ruslan/ros2_ws/install/dobot_msgs/share/dobot_msgs/environment/path.sh
[1.041s] -- Up-to-date: /home/ruslan/ros2_ws/install/dobot_msgs/share/dobot_msgs/environment/path.dsv
[1.041s] -- Up-to-date: /home/ruslan/ros2_ws/install/dobot_msgs/share/dobot_msgs/local_setup.bash
[1.041s] -- Up-to-date: /home/ruslan/ros2_ws/install/dobot_msgs/share/dobot_msgs/local_setup.sh
[1.042s] -- Up-to-date: /home/ruslan/ros2_ws/install/dobot_msgs/share/dobot_msgs/local_setup.zsh
[1.042s] -- Up-to-date: /home/ruslan/ros2_ws/install/dobot_msgs/share/dobot_msgs/local_setup.dsv
[1.042s] -- Installing: /home/ruslan/ros2_ws/install/dobot_msgs/share/dobot_msgs/package.dsv
[1.042s] -- Up-to-date: /home/ruslan/ros2_ws/install/dobot_msgs/share/ament_index/resource_index/packages/dobot_msgs
[1.042s] -- Up-to-date: /home/ruslan/ros2_ws/install/dobot_msgs/share/dobot_msgs/cmake/export_dobot_msgs__rosidl_generator_cExport.cmake
[1.042s] -- Up-to-date: /home/ruslan/ros2_ws/install/dobot_msgs/share/dobot_msgs/cmake/export_dobot_msgs__rosidl_generator_cExport-noconfig.cmake
[1.042s] -- Up-to-date: /home/ruslan/ros2_ws/install/dobot_msgs/share/dobot_msgs/cmake/export_dobot_msgs__rosidl_typesupport_fastrtps_cExport.cmake
[1.042s] -- Up-to-date: /home/ruslan/ros2_ws/install/dobot_msgs/share/dobot_msgs/cmake/export_dobot_msgs__rosidl_typesupport_fastrtps_cExport-noconfig.cmake
[1.042s] -- Up-to-date: /home/ruslan/ros2_ws/install/dobot_msgs/share/dobot_msgs/cmake/dobot_msgs__rosidl_typesupport_introspection_cExport.cmake
[1.042s] -- Up-to-date: /home/ruslan/ros2_ws/install/dobot_msgs/share/dobot_msgs/cmake/dobot_msgs__rosidl_typesupport_introspection_cExport-noconfig.cmake
[1.042s] -- Up-to-date: /home/ruslan/ros2_ws/install/dobot_msgs/share/dobot_msgs/cmake/dobot_msgs__rosidl_typesupport_cExport.cmake
[1.042s] -- Up-to-date: /home/ruslan/ros2_ws/install/dobot_msgs/share/dobot_msgs/cmake/dobot_msgs__rosidl_typesupport_cExport-noconfig.cmake
[1.042s] -- Up-to-date: /home/ruslan/ros2_ws/install/dobot_msgs/share/dobot_msgs/cmake/export_dobot_msgs__rosidl_generator_cppExport.cmake
[1.042s] -- Up-to-date: /home/ruslan/ros2_ws/install/dobot_msgs/share/dobot_msgs/cmake/export_dobot_msgs__rosidl_typesupport_fastrtps_cppExport.cmake
[1.042s] -- Up-to-date: /home/ruslan/ros2_ws/install/dobot_msgs/share/dobot_msgs/cmake/export_dobot_msgs__rosidl_typesupport_fastrtps_cppExport-noconfig.cmake
[1.042s] -- Up-to-date: /home/ruslan/ros2_ws/install/dobot_msgs/share/dobot_msgs/cmake/dobot_msgs__rosidl_typesupport_introspection_cppExport.cmake
[1.042s] -- Up-to-date: /home/ruslan/ros2_ws/install/dobot_msgs/share/dobot_msgs/cmake/dobot_msgs__rosidl_typesupport_introspection_cppExport-noconfig.cmake
[1.042s] -- Up-to-date: /home/ruslan/ros2_ws/install/dobot_msgs/share/dobot_msgs/cmake/dobot_msgs__rosidl_typesupport_cppExport.cmake
[1.042s] -- Up-to-date: /home/ruslan/ros2_ws/install/dobot_msgs/share/dobot_msgs/cmake/dobot_msgs__rosidl_typesupport_cppExport-noconfig.cmake
[1.042s] -- Up-to-date: /home/ruslan/ros2_ws/install/dobot_msgs/share/dobot_msgs/cmake/export_dobot_msgs__rosidl_generator_pyExport.cmake
[1.042s] -- Up-to-date: /home/ruslan/ros2_ws/install/dobot_msgs/share/dobot_msgs/cmake/export_dobot_msgs__rosidl_generator_pyExport-noconfig.cmake
[1.042s] -- Up-to-date: /home/ruslan/ros2_ws/install/dobot_msgs/share/dobot_msgs/cmake/rosidl_cmake-extras.cmake
[1.042s] -- Up-to-date: /home/ruslan/ros2_ws/install/dobot_msgs/share/dobot_msgs/cmake/ament_cmake_export_dependencies-extras.cmake
[1.042s] -- Up-to-date: /home/ruslan/ros2_ws/install/dobot_msgs/share/dobot_msgs/cmake/ament_cmake_export_include_directories-extras.cmake
[1.042s] -- Up-to-date: /home/ruslan/ros2_ws/install/dobot_msgs/share/dobot_msgs/cmake/ament_cmake_export_libraries-extras.cmake
[1.042s] -- Up-to-date: /home/ruslan/ros2_ws/install/dobot_msgs/share/dobot_msgs/cmake/ament_cmake_export_targets-extras.cmake
[1.042s] -- Up-to-date: /home/ruslan/ros2_ws/install/dobot_msgs/share/dobot_msgs/cmake/rosidl_cmake_export_typesupport_targets-extras.cmake
[1.042s] -- Up-to-date: /home/ruslan/ros2_ws/install/dobot_msgs/share/dobot_msgs/cmake/rosidl_cmake_export_typesupport_libraries-extras.cmake
[1.042s] -- Up-to-date: /home/ruslan/ros2_ws/install/dobot_msgs/share/dobot_msgs/cmake/dobot_msgsConfig.cmake
[1.042s] -- Up-to-date: /home/ruslan/ros2_ws/install/dobot_msgs/share/dobot_msgs/cmake/dobot_msgsConfig-version.cmake
[1.042s] -- Up-to-date: /home/ruslan/ros2_ws/install/dobot_msgs/share/dobot_msgs/package.xml
[1.059s] Invoked command in '/home/ruslan/ros2_ws/build/dobot_msgs' returned '0': CMAKE_PREFIX_PATH=/home/ruslan/ros2_ws/install/webcam_publisher:/home/ruslan/ros2_ws/install/hand_tracker:/home/ruslan/ros2_ws/install/dobot_controller:/opt/ros/humble /usr/bin/cmake --install /home/ruslan/ros2_ws/build/dobot_msgs
