running egg_info
writing ../../../build/dobot_visualization_tools/dobot_visualization_tools.egg-info/PKG-INFO
writing dependency_links to ../../../build/dobot_visualization_tools/dobot_visualization_tools.egg-info/dependency_links.txt
writing entry points to ../../../build/dobot_visualization_tools/dobot_visualization_tools.egg-info/entry_points.txt
writing requirements to ../../../build/dobot_visualization_tools/dobot_visualization_tools.egg-info/requires.txt
writing top-level names to ../../../build/dobot_visualization_tools/dobot_visualization_tools.egg-info/top_level.txt
reading manifest file '../../../build/dobot_visualization_tools/dobot_visualization_tools.egg-info/SOURCES.txt'
writing manifest file '../../../build/dobot_visualization_tools/dobot_visualization_tools.egg-info/SOURCES.txt'
running build
running build_py
running install
running install_lib
running install_data
running install_egg_info
removing '/home/ruslan/ros2_ws/install/dobot_visualization_tools/lib/python3.10/site-packages/dobot_visualization_tools-1.0.0-py3.10.egg-info' (and everything under it)
Copying ../../../build/dobot_visualization_tools/dobot_visualization_tools.egg-info to /home/ruslan/ros2_ws/install/dobot_visualization_tools/lib/python3.10/site-packages/dobot_visualization_tools-1.0.0-py3.10.egg-info
running install_scripts
Installing int_marker script to /home/ruslan/ros2_ws/install/dobot_visualization_tools/lib/dobot_visualization_tools
Installing show_camera_FOV script to /home/ruslan/ros2_ws/install/dobot_visualization_tools/lib/dobot_visualization_tools
Installing show_dobot_range script to /home/ruslan/ros2_ws/install/dobot_visualization_tools/lib/dobot_visualization_tools
Installing show_trajectory script to /home/ruslan/ros2_ws/install/dobot_visualization_tools/lib/dobot_visualization_tools
writing list of installed files to '/home/ruslan/ros2_ws/build/dobot_visualization_tools/install.log'
