[2.168s] Invoking command in '/home/ruslan/ros2_ws/src/magician_ros2/dobot_visualization_tools': PYTHONPATH=/home/ruslan/ros2_ws/build/dobot_visualization_tools/prefix_override:/usr/lib/python3/dist-packages/colcon_core/task/python/colcon_distutils_commands:/home/ruslan/ros2_ws/install/dobot_visualization_tools/lib/python3.10/site-packages:${PYTHONPATH} /usr/bin/python3 -W ignore:setup.py install is deprecated -W ignore:easy_install command is deprecated setup.py egg_info --egg-base ../../../build/dobot_visualization_tools build --build-base /home/ruslan/ros2_ws/build/dobot_visualization_tools/build install --record /home/ruslan/ros2_ws/build/dobot_visualization_tools/install.log --single-version-externally-managed install_data
[2.312s] running egg_info
[2.312s] writing ../../../build/dobot_visualization_tools/dobot_visualization_tools.egg-info/PKG-INFO
[2.313s] writing dependency_links to ../../../build/dobot_visualization_tools/dobot_visualization_tools.egg-info/dependency_links.txt
[2.313s] writing entry points to ../../../build/dobot_visualization_tools/dobot_visualization_tools.egg-info/entry_points.txt
[2.313s] writing requirements to ../../../build/dobot_visualization_tools/dobot_visualization_tools.egg-info/requires.txt
[2.313s] writing top-level names to ../../../build/dobot_visualization_tools/dobot_visualization_tools.egg-info/top_level.txt
[2.314s] reading manifest file '../../../build/dobot_visualization_tools/dobot_visualization_tools.egg-info/SOURCES.txt'
[2.315s] writing manifest file '../../../build/dobot_visualization_tools/dobot_visualization_tools.egg-info/SOURCES.txt'
[2.315s] running build
[2.316s] running build_py
[2.316s] running install
[2.316s] running install_lib
[2.318s] running install_data
[2.318s] running install_egg_info
[2.318s] removing '/home/ruslan/ros2_ws/install/dobot_visualization_tools/lib/python3.10/site-packages/dobot_visualization_tools-1.0.0-py3.10.egg-info' (and everything under it)
[2.319s] Copying ../../../build/dobot_visualization_tools/dobot_visualization_tools.egg-info to /home/ruslan/ros2_ws/install/dobot_visualization_tools/lib/python3.10/site-packages/dobot_visualization_tools-1.0.0-py3.10.egg-info
[2.319s] running install_scripts
[2.330s] Installing int_marker script to /home/ruslan/ros2_ws/install/dobot_visualization_tools/lib/dobot_visualization_tools
[2.330s] Installing show_camera_FOV script to /home/ruslan/ros2_ws/install/dobot_visualization_tools/lib/dobot_visualization_tools
[2.330s] Installing show_dobot_range script to /home/ruslan/ros2_ws/install/dobot_visualization_tools/lib/dobot_visualization_tools
[2.330s] Installing show_trajectory script to /home/ruslan/ros2_ws/install/dobot_visualization_tools/lib/dobot_visualization_tools
[2.330s] writing list of installed files to '/home/ruslan/ros2_ws/build/dobot_visualization_tools/install.log'
[2.351s] Invoked command in '/home/ruslan/ros2_ws/src/magician_ros2/dobot_visualization_tools' returned '0': PYTHONPATH=/home/ruslan/ros2_ws/build/dobot_visualization_tools/prefix_override:/usr/lib/python3/dist-packages/colcon_core/task/python/colcon_distutils_commands:/home/ruslan/ros2_ws/install/dobot_visualization_tools/lib/python3.10/site-packages:${PYTHONPATH} /usr/bin/python3 -W ignore:setup.py install is deprecated -W ignore:easy_install command is deprecated setup.py egg_info --egg-base ../../../build/dobot_visualization_tools build --build-base /home/ruslan/ros2_ws/build/dobot_visualization_tools/build install --record /home/ruslan/ros2_ws/build/dobot_visualization_tools/install.log --single-version-externally-managed install_data
