[0.482s] Invoking command in '/home/ruslan/ros2_ws/build/dobot_driver': CMAKE_PREFIX_PATH=/home/ruslan/ros2_ws/install/webcam_publisher:/home/ruslan/ros2_ws/install/hand_tracker:/home/ruslan/ros2_ws/install/dobot_controller:/opt/ros/humble /usr/bin/cmake /home/ruslan/ros2_ws/src/magician_ros2/dobot_driver -DCMAKE_INSTALL_PREFIX=/home/ruslan/ros2_ws/install/dobot_driver
[0.805s] -- The C compiler identification is GNU 11.4.0
[0.805s] -- The CXX compiler identification is GNU 11.4.0
[0.805s] -- Detecting C compiler ABI info
[0.805s] -- Detecting C compiler ABI info - done
[0.805s] -- Check for working C compiler: /usr/bin/cc - skipped
[0.806s] -- Detecting C compile features
[0.806s] -- Detecting C compile features - done
[0.806s] -- Detecting CXX compiler ABI info
[0.806s] -- Detecting CXX compiler ABI info - done
[0.806s] -- Check for working CXX compiler: /usr/bin/c++ - skipped
[0.806s] -- Detecting CXX compile features
[0.806s] -- Detecting CXX compile features - done
[0.806s] -- Found ament_cmake: 1.3.11 (/opt/ros/humble/share/ament_cmake/cmake)
[0.806s] -- Found Python3: /usr/bin/python3 (found version "3.10.12") found components: Interpreter 
[0.910s] -- Found ament_lint_auto: 0.12.12 (/opt/ros/humble/share/ament_lint_auto/cmake)
[0.972s] -- Added test 'copyright' to check source files copyright and LICENSE
[0.974s] -- Added test 'flake8' to check Python code syntax and style conventions
[0.974s] -- Added test 'lint_cmake' to check CMake code style
[0.975s] -- Added test 'pep257' to check Python code against some of the docstring style conventions in PEP 257
[0.976s] -- Added test 'xmllint' to check XML markup files
[0.977s] -- Configuring done
[0.981s] -- Generating done
[0.984s] -- Build files have been written to: /home/ruslan/ros2_ws/build/dobot_driver
[0.988s] Invoked command in '/home/ruslan/ros2_ws/build/dobot_driver' returned '0': CMAKE_PREFIX_PATH=/home/ruslan/ros2_ws/install/webcam_publisher:/home/ruslan/ros2_ws/install/hand_tracker:/home/ruslan/ros2_ws/install/dobot_controller:/opt/ros/humble /usr/bin/cmake /home/ruslan/ros2_ws/src/magician_ros2/dobot_driver -DCMAKE_INSTALL_PREFIX=/home/ruslan/ros2_ws/install/dobot_driver
[0.989s] Invoking command in '/home/ruslan/ros2_ws/build/dobot_driver': CMAKE_PREFIX_PATH=/home/ruslan/ros2_ws/install/webcam_publisher:/home/ruslan/ros2_ws/install/hand_tracker:/home/ruslan/ros2_ws/install/dobot_controller:/opt/ros/humble /usr/bin/cmake --build /home/ruslan/ros2_ws/build/dobot_driver -- -j16 -l16
[1.032s] Built target ament_cmake_python_copy_dobot_driver
[1.179s] running egg_info
[1.179s] creating dobot_driver.egg-info
[1.179s] writing dobot_driver.egg-info/PKG-INFO
[1.179s] writing dependency_links to dobot_driver.egg-info/dependency_links.txt
[1.179s] writing top-level names to dobot_driver.egg-info/top_level.txt
[1.179s] writing manifest file 'dobot_driver.egg-info/SOURCES.txt'
[1.181s] reading manifest file 'dobot_driver.egg-info/SOURCES.txt'
[1.181s] writing manifest file 'dobot_driver.egg-info/SOURCES.txt'
[1.204s] Built target ament_cmake_python_build_dobot_driver_egg
[1.211s] Invoked command in '/home/ruslan/ros2_ws/build/dobot_driver' returned '0': CMAKE_PREFIX_PATH=/home/ruslan/ros2_ws/install/webcam_publisher:/home/ruslan/ros2_ws/install/hand_tracker:/home/ruslan/ros2_ws/install/dobot_controller:/opt/ros/humble /usr/bin/cmake --build /home/ruslan/ros2_ws/build/dobot_driver -- -j16 -l16
[1.213s] Invoking command in '/home/ruslan/ros2_ws/build/dobot_driver': CMAKE_PREFIX_PATH=/home/ruslan/ros2_ws/install/webcam_publisher:/home/ruslan/ros2_ws/install/hand_tracker:/home/ruslan/ros2_ws/install/dobot_controller:/opt/ros/humble /usr/bin/cmake --install /home/ruslan/ros2_ws/build/dobot_driver
[1.220s] -- Install configuration: ""
[1.220s] -- Installing: /home/ruslan/ros2_ws/install/dobot_driver/share/dobot_driver/environment/pythonpath.sh
[1.220s] -- Installing: /home/ruslan/ros2_ws/install/dobot_driver/share/dobot_driver/environment/pythonpath.dsv
[1.221s] -- Installing: /home/ruslan/ros2_ws/install/dobot_driver/local/lib/python3.10/dist-packages/dobot_driver-1.0.0-py3.10.egg-info
[1.221s] -- Installing: /home/ruslan/ros2_ws/install/dobot_driver/local/lib/python3.10/dist-packages/dobot_driver-1.0.0-py3.10.egg-info/dependency_links.txt
[1.221s] -- Installing: /home/ruslan/ros2_ws/install/dobot_driver/local/lib/python3.10/dist-packages/dobot_driver-1.0.0-py3.10.egg-info/SOURCES.txt
[1.221s] -- Installing: /home/ruslan/ros2_ws/install/dobot_driver/local/lib/python3.10/dist-packages/dobot_driver-1.0.0-py3.10.egg-info/PKG-INFO
[1.221s] -- Installing: /home/ruslan/ros2_ws/install/dobot_driver/local/lib/python3.10/dist-packages/dobot_driver-1.0.0-py3.10.egg-info/top_level.txt
[1.221s] -- Installing: /home/ruslan/ros2_ws/install/dobot_driver/local/lib/python3.10/dist-packages/dobot_driver
[1.221s] -- Installing: /home/ruslan/ros2_ws/install/dobot_driver/local/lib/python3.10/dist-packages/dobot_driver/dobot_handle.py
[1.221s] -- Installing: /home/ruslan/ros2_ws/install/dobot_driver/local/lib/python3.10/dist-packages/dobot_driver/__init__.py
[1.221s] -- Installing: /home/ruslan/ros2_ws/install/dobot_driver/local/lib/python3.10/dist-packages/dobot_driver/message.py
[1.221s] -- Installing: /home/ruslan/ros2_ws/install/dobot_driver/local/lib/python3.10/dist-packages/dobot_driver/parsers.py
[1.221s] -- Installing: /home/ruslan/ros2_ws/install/dobot_driver/local/lib/python3.10/dist-packages/dobot_driver/interface.py
[1.258s] Listing '/home/ruslan/ros2_ws/install/dobot_driver/local/lib/python3.10/dist-packages/dobot_driver'...
[1.258s] Compiling '/home/ruslan/ros2_ws/install/dobot_driver/local/lib/python3.10/dist-packages/dobot_driver/__init__.py'...
[1.258s] Compiling '/home/ruslan/ros2_ws/install/dobot_driver/local/lib/python3.10/dist-packages/dobot_driver/dobot_handle.py'...
[1.258s] Compiling '/home/ruslan/ros2_ws/install/dobot_driver/local/lib/python3.10/dist-packages/dobot_driver/interface.py'...
[1.258s] Compiling '/home/ruslan/ros2_ws/install/dobot_driver/local/lib/python3.10/dist-packages/dobot_driver/message.py'...
[1.258s] Compiling '/home/ruslan/ros2_ws/install/dobot_driver/local/lib/python3.10/dist-packages/dobot_driver/parsers.py'...
[1.263s] -- Installing: /home/ruslan/ros2_ws/install/dobot_driver/share/ament_index/resource_index/package_run_dependencies/dobot_driver
[1.263s] -- Installing: /home/ruslan/ros2_ws/install/dobot_driver/share/ament_index/resource_index/parent_prefix_path/dobot_driver
[1.263s] -- Installing: /home/ruslan/ros2_ws/install/dobot_driver/share/dobot_driver/environment/ament_prefix_path.sh
[1.263s] -- Installing: /home/ruslan/ros2_ws/install/dobot_driver/share/dobot_driver/environment/ament_prefix_path.dsv
[1.263s] -- Installing: /home/ruslan/ros2_ws/install/dobot_driver/share/dobot_driver/environment/path.sh
[1.263s] -- Installing: /home/ruslan/ros2_ws/install/dobot_driver/share/dobot_driver/environment/path.dsv
[1.263s] -- Installing: /home/ruslan/ros2_ws/install/dobot_driver/share/dobot_driver/local_setup.bash
[1.264s] -- Installing: /home/ruslan/ros2_ws/install/dobot_driver/share/dobot_driver/local_setup.sh
[1.264s] -- Installing: /home/ruslan/ros2_ws/install/dobot_driver/share/dobot_driver/local_setup.zsh
[1.264s] -- Installing: /home/ruslan/ros2_ws/install/dobot_driver/share/dobot_driver/local_setup.dsv
[1.264s] -- Installing: /home/ruslan/ros2_ws/install/dobot_driver/share/dobot_driver/package.dsv
[1.264s] -- Installing: /home/ruslan/ros2_ws/install/dobot_driver/share/ament_index/resource_index/packages/dobot_driver
[1.264s] -- Installing: /home/ruslan/ros2_ws/install/dobot_driver/share/dobot_driver/cmake/dobot_driverConfig.cmake
[1.264s] -- Installing: /home/ruslan/ros2_ws/install/dobot_driver/share/dobot_driver/cmake/dobot_driverConfig-version.cmake
[1.264s] -- Installing: /home/ruslan/ros2_ws/install/dobot_driver/share/dobot_driver/package.xml
[1.267s] Invoked command in '/home/ruslan/ros2_ws/build/dobot_driver' returned '0': CMAKE_PREFIX_PATH=/home/ruslan/ros2_ws/install/webcam_publisher:/home/ruslan/ros2_ws/install/hand_tracker:/home/ruslan/ros2_ws/install/dobot_controller:/opt/ros/humble /usr/bin/cmake --install /home/ruslan/ros2_ws/build/dobot_driver
