[2.332s] Invoking command in '/home/ruslan/ros2_ws/src/magician_ros2/dobot_control_panel': PYTHONPATH=/home/ruslan/ros2_ws/build/dobot_control_panel/prefix_override:/usr/lib/python3/dist-packages/colcon_core/task/python/colcon_distutils_commands:/home/ruslan/ros2_ws/install/dobot_control_panel/lib/python3.10/site-packages:${PYTHONPATH} /usr/bin/python3 -W ignore:setup.py install is deprecated -W ignore:easy_install command is deprecated setup.py egg_info --egg-base ../../../build/dobot_control_panel build --build-base /home/ruslan/ros2_ws/build/dobot_control_panel/build install --record /home/ruslan/ros2_ws/build/dobot_control_panel/install.log --single-version-externally-managed install_data
[2.582s] running egg_info
[2.583s] writing ../../../build/dobot_control_panel/dobot_control_panel.egg-info/PKG-INFO
[2.583s] writing dependency_links to ../../../build/dobot_control_panel/dobot_control_panel.egg-info/dependency_links.txt
[2.583s] writing entry points to ../../../build/dobot_control_panel/dobot_control_panel.egg-info/entry_points.txt
[2.583s] writing requirements to ../../../build/dobot_control_panel/dobot_control_panel.egg-info/requires.txt
[2.583s] writing top-level names to ../../../build/dobot_control_panel/dobot_control_panel.egg-info/top_level.txt
[2.584s] reading manifest file '../../../build/dobot_control_panel/dobot_control_panel.egg-info/SOURCES.txt'
[2.585s] writing manifest file '../../../build/dobot_control_panel/dobot_control_panel.egg-info/SOURCES.txt'
[2.585s] running build
[2.585s] running build_py
[2.585s] running install
[2.585s] running install_lib
[2.589s] running install_data
[2.589s] running install_egg_info
[2.589s] removing '/home/ruslan/ros2_ws/install/dobot_control_panel/lib/python3.10/site-packages/dobot_control_panel-1.0.0-py3.10.egg-info' (and everything under it)
[2.589s] Copying ../../../build/dobot_control_panel/dobot_control_panel.egg-info to /home/ruslan/ros2_ws/install/dobot_control_panel/lib/python3.10/site-packages/dobot_control_panel-1.0.0-py3.10.egg-info
[2.589s] running install_scripts
[2.602s] Installing dobot_control_panel script to /home/ruslan/ros2_ws/install/dobot_control_panel/lib/dobot_control_panel
[2.602s] writing list of installed files to '/home/ruslan/ros2_ws/build/dobot_control_panel/install.log'
[2.628s] Invoked command in '/home/ruslan/ros2_ws/src/magician_ros2/dobot_control_panel' returned '0': PYTHONPATH=/home/ruslan/ros2_ws/build/dobot_control_panel/prefix_override:/usr/lib/python3/dist-packages/colcon_core/task/python/colcon_distutils_commands:/home/ruslan/ros2_ws/install/dobot_control_panel/lib/python3.10/site-packages:${PYTHONPATH} /usr/bin/python3 -W ignore:setup.py install is deprecated -W ignore:easy_install command is deprecated setup.py egg_info --egg-base ../../../build/dobot_control_panel build --build-base /home/ruslan/ros2_ws/build/dobot_control_panel/build install --record /home/ruslan/ros2_ws/build/dobot_control_panel/install.log --single-version-externally-managed install_data
