[1.636s] Invoking command in '/home/ruslan/ros2_ws/src/magician_ros2/dobot_diagnostics': PYTHONPATH=/home/ruslan/ros2_ws/build/dobot_diagnostics/prefix_override:/usr/lib/python3/dist-packages/colcon_core/task/python/colcon_distutils_commands:/home/ruslan/ros2_ws/install/dobot_diagnostics/lib/python3.10/site-packages:${PYTHONPATH} /usr/bin/python3 -W ignore:setup.py install is deprecated -W ignore:easy_install command is deprecated setup.py egg_info --egg-base ../../../build/dobot_diagnostics build --build-base /home/ruslan/ros2_ws/build/dobot_diagnostics/build install --record /home/ruslan/ros2_ws/build/dobot_diagnostics/install.log --single-version-externally-managed install_data
[1.797s] running egg_info
[1.797s] writing ../../../build/dobot_diagnostics/dobot_diagnostics.egg-info/PKG-INFO
[1.797s] writing dependency_links to ../../../build/dobot_diagnostics/dobot_diagnostics.egg-info/dependency_links.txt
[1.797s] writing entry points to ../../../build/dobot_diagnostics/dobot_diagnostics.egg-info/entry_points.txt
[1.797s] writing requirements to ../../../build/dobot_diagnostics/dobot_diagnostics.egg-info/requires.txt
[1.797s] writing top-level names to ../../../build/dobot_diagnostics/dobot_diagnostics.egg-info/top_level.txt
[1.798s] reading manifest file '../../../build/dobot_diagnostics/dobot_diagnostics.egg-info/SOURCES.txt'
[1.799s] writing manifest file '../../../build/dobot_diagnostics/dobot_diagnostics.egg-info/SOURCES.txt'
[1.799s] running build
[1.799s] running build_py
[1.799s] running install
[1.799s] running install_lib
[1.800s] running install_data
[1.800s] running install_egg_info
[1.801s] removing '/home/ruslan/ros2_ws/install/dobot_diagnostics/lib/python3.10/site-packages/dobot_diagnostics-1.0.0-py3.10.egg-info' (and everything under it)
[1.801s] Copying ../../../build/dobot_diagnostics/dobot_diagnostics.egg-info to /home/ruslan/ros2_ws/install/dobot_diagnostics/lib/python3.10/site-packages/dobot_diagnostics-1.0.0-py3.10.egg-info
[1.801s] running install_scripts
[1.814s] Installing alarms_parser script to /home/ruslan/ros2_ws/install/dobot_diagnostics/lib/dobot_diagnostics
[1.814s] writing list of installed files to '/home/ruslan/ros2_ws/build/dobot_diagnostics/install.log'
[1.836s] Invoked command in '/home/ruslan/ros2_ws/src/magician_ros2/dobot_diagnostics' returned '0': PYTHONPATH=/home/ruslan/ros2_ws/build/dobot_diagnostics/prefix_override:/usr/lib/python3/dist-packages/colcon_core/task/python/colcon_distutils_commands:/home/ruslan/ros2_ws/install/dobot_diagnostics/lib/python3.10/site-packages:${PYTHONPATH} /usr/bin/python3 -W ignore:setup.py install is deprecated -W ignore:easy_install command is deprecated setup.py egg_info --egg-base ../../../build/dobot_diagnostics build --build-base /home/ruslan/ros2_ws/build/dobot_diagnostics/build install --record /home/ruslan/ros2_ws/build/dobot_diagnostics/install.log --single-version-externally-managed install_data
