[1.478s] Invoking command in '/home/ruslan/ros2_ws/src/magician_ros2/dobot_end_effector': AMENT_PREFIX_PATH=/home/ruslan/ros2_ws/install/dobot_msgs:${AMENT_PREFIX_PATH} CMAKE_PREFIX_PATH=/home/ruslan/ros2_ws/install/dobot_msgs LD_LIBRARY_PATH=/home/ruslan/ros2_ws/install/dobot_msgs/lib:${LD_LIBRARY_PATH} PYTHONPATH=/home/ruslan/ros2_ws/build/dobot_end_effector/prefix_override:/usr/lib/python3/dist-packages/colcon_core/task/python/colcon_distutils_commands:/home/ruslan/ros2_ws/install/dobot_end_effector/lib/python3.10/site-packages:/home/ruslan/ros2_ws/install/dobot_msgs/local/lib/python3.10/dist-packages:${PYTHONPATH} /usr/bin/python3 -W ignore:setup.py install is deprecated -W ignore:easy_install command is deprecated setup.py egg_info --egg-base ../../../build/dobot_end_effector build --build-base /home/ruslan/ros2_ws/build/dobot_end_effector/build install --record /home/ruslan/ros2_ws/build/dobot_end_effector/install.log --single-version-externally-managed install_data
[1.675s] running egg_info
[1.675s] writing ../../../build/dobot_end_effector/dobot_end_effector.egg-info/PKG-INFO
[1.675s] writing dependency_links to ../../../build/dobot_end_effector/dobot_end_effector.egg-info/dependency_links.txt
[1.675s] writing entry points to ../../../build/dobot_end_effector/dobot_end_effector.egg-info/entry_points.txt
[1.675s] writing requirements to ../../../build/dobot_end_effector/dobot_end_effector.egg-info/requires.txt
[1.675s] writing top-level names to ../../../build/dobot_end_effector/dobot_end_effector.egg-info/top_level.txt
[1.676s] reading manifest file '../../../build/dobot_end_effector/dobot_end_effector.egg-info/SOURCES.txt'
[1.677s] writing manifest file '../../../build/dobot_end_effector/dobot_end_effector.egg-info/SOURCES.txt'
[1.677s] running build
[1.677s] running build_py
[1.677s] running install
[1.677s] running install_lib
[1.677s] running install_data
[1.678s] running install_egg_info
[1.679s] removing '/home/ruslan/ros2_ws/install/dobot_end_effector/lib/python3.10/site-packages/dobot_end_effector-1.0.0-py3.10.egg-info' (and everything under it)
[1.679s] Copying ../../../build/dobot_end_effector/dobot_end_effector.egg-info to /home/ruslan/ros2_ws/install/dobot_end_effector/lib/python3.10/site-packages/dobot_end_effector-1.0.0-py3.10.egg-info
[1.679s] running install_scripts
[1.692s] Installing gripper_server script to /home/ruslan/ros2_ws/install/dobot_end_effector/lib/dobot_end_effector
[1.692s] Installing suction_cup_server script to /home/ruslan/ros2_ws/install/dobot_end_effector/lib/dobot_end_effector
[1.692s] writing list of installed files to '/home/ruslan/ros2_ws/build/dobot_end_effector/install.log'
[1.711s] Invoked command in '/home/ruslan/ros2_ws/src/magician_ros2/dobot_end_effector' returned '0': AMENT_PREFIX_PATH=/home/ruslan/ros2_ws/install/dobot_msgs:${AMENT_PREFIX_PATH} CMAKE_PREFIX_PATH=/home/ruslan/ros2_ws/install/dobot_msgs LD_LIBRARY_PATH=/home/ruslan/ros2_ws/install/dobot_msgs/lib:${LD_LIBRARY_PATH} PYTHONPATH=/home/ruslan/ros2_ws/build/dobot_end_effector/prefix_override:/usr/lib/python3/dist-packages/colcon_core/task/python/colcon_distutils_commands:/home/ruslan/ros2_ws/install/dobot_end_effector/lib/python3.10/site-packages:/home/ruslan/ros2_ws/install/dobot_msgs/local/lib/python3.10/dist-packages:${PYTHONPATH} /usr/bin/python3 -W ignore:setup.py install is deprecated -W ignore:easy_install command is deprecated setup.py egg_info --egg-base ../../../build/dobot_end_effector build --build-base /home/ruslan/ros2_ws/build/dobot_end_effector/build install --record /home/ruslan/ros2_ws/build/dobot_end_effector/install.log --single-version-externally-managed install_data
