[  1%] Built target dobot_msgs__cpp
[ 12%] Built target dobot_msgs__rosidl_generator_c
[ 12%] Built target ament_cmake_python_copy_dobot_msgs
[ 35%] Built target dobot_msgs__rosidl_typesupport_introspection_cpp
[ 35%] Built target dobot_msgs__rosidl_typesupport_introspection_c
[ 47%] Built target dobot_msgs__rosidl_typesupport_fastrtps_cpp
[ 58%] Built target dobot_msgs__rosidl_typesupport_c
[ 70%] Built target dobot_msgs__rosidl_typesupport_cpp
[ 81%] Built target dobot_msgs__rosidl_typesupport_fastrtps_c
[ 81%] Built target dobot_msgs
[ 82%] Built target dobot_msgs__py
[ 93%] Built target dobot_msgs__rosidl_generator_py
[ 95%] Built target dobot_msgs__rosidl_typesupport_fastrtps_c__pyext
[ 97%] Built target dobot_msgs__rosidl_typesupport_c__pyext
[100%] Built target dobot_msgs__rosidl_typesupport_introspection_c__pyext
running egg_info
writing dobot_msgs.egg-info/PKG-INFO
writing dependency_links to dobot_msgs.egg-info/dependency_links.txt
writing top-level names to dobot_msgs.egg-info/top_level.txt
reading manifest file 'dobot_msgs.egg-info/SOURCES.txt'
writing manifest file 'dobot_msgs.egg-info/SOURCES.txt'
[100%] Built target ament_cmake_python_build_dobot_msgs_egg
-- Install configuration: ""
-- Up-to-date: /home/ruslan/ros2_ws/install/dobot_msgs/share/ament_index/resource_index/rosidl_interfaces/dobot_msgs
-- Up-to-date: /home/ruslan/ros2_ws/install/dobot_msgs/include/dobot_msgs/dobot_msgs
-- Up-to-date: /home/ruslan/ros2_ws/install/dobot_msgs/include/dobot_msgs/dobot_msgs/srv
-- Up-to-date: /home/ruslan/ros2_ws/install/dobot_msgs/include/dobot_msgs/dobot_msgs/srv/gripper_control.h
-- Up-to-date: /home/ruslan/ros2_ws/install/dobot_msgs/include/dobot_msgs/dobot_msgs/srv/detail
-- Up-to-date: /home/ruslan/ros2_ws/install/dobot_msgs/include/dobot_msgs/dobot_msgs/srv/detail/execute_homing_procedure__struct.h
-- Up-to-date: /home/ruslan/ros2_ws/install/dobot_msgs/include/dobot_msgs/dobot_msgs/srv/detail/suction_cup_control__struct.h
-- Up-to-date: /home/ruslan/ros2_ws/install/dobot_msgs/include/dobot_msgs/dobot_msgs/srv/detail/evaluate_ptp_trajectory__type_support.h
-- Up-to-date: /home/ruslan/ros2_ws/install/dobot_msgs/include/dobot_msgs/dobot_msgs/srv/detail/suction_cup_control__functions.c
-- Up-to-date: /home/ruslan/ros2_ws/install/dobot_msgs/include/dobot_msgs/dobot_msgs/srv/detail/gripper_control__type_support.h
-- Up-to-date: /home/ruslan/ros2_ws/install/dobot_msgs/include/dobot_msgs/dobot_msgs/srv/detail/suction_cup_control__type_support.h
-- Up-to-date: /home/ruslan/ros2_ws/install/dobot_msgs/include/dobot_msgs/dobot_msgs/srv/detail/execute_homing_procedure__functions.h
-- Up-to-date: /home/ruslan/ros2_ws/install/dobot_msgs/include/dobot_msgs/dobot_msgs/srv/detail/evaluate_ptp_trajectory__functions.c
-- Up-to-date: /home/ruslan/ros2_ws/install/dobot_msgs/include/dobot_msgs/dobot_msgs/srv/detail/evaluate_ptp_trajectory__struct.h
-- Up-to-date: /home/ruslan/ros2_ws/install/dobot_msgs/include/dobot_msgs/dobot_msgs/srv/detail/evaluate_ptp_trajectory__functions.h
-- Up-to-date: /home/ruslan/ros2_ws/install/dobot_msgs/include/dobot_msgs/dobot_msgs/srv/detail/suction_cup_control__functions.h
-- Up-to-date: /home/ruslan/ros2_ws/install/dobot_msgs/include/dobot_msgs/dobot_msgs/srv/detail/gripper_control__struct.h
-- Up-to-date: /home/ruslan/ros2_ws/install/dobot_msgs/include/dobot_msgs/dobot_msgs/srv/detail/gripper_control__functions.h
-- Up-to-date: /home/ruslan/ros2_ws/install/dobot_msgs/include/dobot_msgs/dobot_msgs/srv/detail/execute_homing_procedure__type_support.h
-- Up-to-date: /home/ruslan/ros2_ws/install/dobot_msgs/include/dobot_msgs/dobot_msgs/srv/detail/gripper_control__functions.c
-- Up-to-date: /home/ruslan/ros2_ws/install/dobot_msgs/include/dobot_msgs/dobot_msgs/srv/detail/execute_homing_procedure__functions.c
-- Up-to-date: /home/ruslan/ros2_ws/install/dobot_msgs/include/dobot_msgs/dobot_msgs/srv/execute_homing_procedure.h
-- Up-to-date: /home/ruslan/ros2_ws/install/dobot_msgs/include/dobot_msgs/dobot_msgs/srv/evaluate_ptp_trajectory.h
-- Up-to-date: /home/ruslan/ros2_ws/install/dobot_msgs/include/dobot_msgs/dobot_msgs/srv/suction_cup_control.h
-- Up-to-date: /home/ruslan/ros2_ws/install/dobot_msgs/include/dobot_msgs/dobot_msgs/action
-- Up-to-date: /home/ruslan/ros2_ws/install/dobot_msgs/include/dobot_msgs/dobot_msgs/action/detail
-- Up-to-date: /home/ruslan/ros2_ws/install/dobot_msgs/include/dobot_msgs/dobot_msgs/action/detail/sliding_rail__struct.h
-- Up-to-date: /home/ruslan/ros2_ws/install/dobot_msgs/include/dobot_msgs/dobot_msgs/action/detail/point_to_point__functions.c
-- Up-to-date: /home/ruslan/ros2_ws/install/dobot_msgs/include/dobot_msgs/dobot_msgs/action/detail/sliding_rail__type_support.h
-- Up-to-date: /home/ruslan/ros2_ws/install/dobot_msgs/include/dobot_msgs/dobot_msgs/action/detail/sliding_rail__functions.h
-- Up-to-date: /home/ruslan/ros2_ws/install/dobot_msgs/include/dobot_msgs/dobot_msgs/action/detail/point_to_point__struct.h
-- Up-to-date: /home/ruslan/ros2_ws/install/dobot_msgs/include/dobot_msgs/dobot_msgs/action/detail/point_to_point__functions.h
-- Up-to-date: /home/ruslan/ros2_ws/install/dobot_msgs/include/dobot_msgs/dobot_msgs/action/detail/sliding_rail__functions.c
-- Up-to-date: /home/ruslan/ros2_ws/install/dobot_msgs/include/dobot_msgs/dobot_msgs/action/detail/point_to_point__type_support.h
-- Up-to-date: /home/ruslan/ros2_ws/install/dobot_msgs/include/dobot_msgs/dobot_msgs/action/point_to_point.h
-- Up-to-date: /home/ruslan/ros2_ws/install/dobot_msgs/include/dobot_msgs/dobot_msgs/action/sliding_rail.h
-- Up-to-date: /home/ruslan/ros2_ws/install/dobot_msgs/include/dobot_msgs/dobot_msgs/msg
-- Up-to-date: /home/ruslan/ros2_ws/install/dobot_msgs/include/dobot_msgs/dobot_msgs/msg/gripper_status.h
-- Up-to-date: /home/ruslan/ros2_ws/install/dobot_msgs/include/dobot_msgs/dobot_msgs/msg/rosidl_generator_c__visibility_control.h
-- Up-to-date: /home/ruslan/ros2_ws/install/dobot_msgs/include/dobot_msgs/dobot_msgs/msg/detail
-- Up-to-date: /home/ruslan/ros2_ws/install/dobot_msgs/include/dobot_msgs/dobot_msgs/msg/detail/gripper_status__type_support.h
-- Up-to-date: /home/ruslan/ros2_ws/install/dobot_msgs/include/dobot_msgs/dobot_msgs/msg/detail/dobot_alarm_codes__struct.h
-- Up-to-date: /home/ruslan/ros2_ws/install/dobot_msgs/include/dobot_msgs/dobot_msgs/msg/detail/gripper_status__functions.h
-- Up-to-date: /home/ruslan/ros2_ws/install/dobot_msgs/include/dobot_msgs/dobot_msgs/msg/detail/gripper_status__functions.c
-- Up-to-date: /home/ruslan/ros2_ws/install/dobot_msgs/include/dobot_msgs/dobot_msgs/msg/detail/dobot_alarm_codes__type_support.h
-- Up-to-date: /home/ruslan/ros2_ws/install/dobot_msgs/include/dobot_msgs/dobot_msgs/msg/detail/dobot_alarm_codes__functions.c
-- Up-to-date: /home/ruslan/ros2_ws/install/dobot_msgs/include/dobot_msgs/dobot_msgs/msg/detail/dobot_alarm_codes__functions.h
-- Up-to-date: /home/ruslan/ros2_ws/install/dobot_msgs/include/dobot_msgs/dobot_msgs/msg/detail/gripper_status__struct.h
-- Up-to-date: /home/ruslan/ros2_ws/install/dobot_msgs/include/dobot_msgs/dobot_msgs/msg/dobot_alarm_codes.h
-- Up-to-date: /home/ruslan/ros2_ws/install/dobot_msgs/share/dobot_msgs/environment/library_path.sh
-- Up-to-date: /home/ruslan/ros2_ws/install/dobot_msgs/share/dobot_msgs/environment/library_path.dsv
-- Up-to-date: /home/ruslan/ros2_ws/install/dobot_msgs/lib/libdobot_msgs__rosidl_generator_c.so
-- Up-to-date: /home/ruslan/ros2_ws/install/dobot_msgs/include/dobot_msgs/dobot_msgs
-- Up-to-date: /home/ruslan/ros2_ws/install/dobot_msgs/include/dobot_msgs/dobot_msgs/srv
-- Up-to-date: /home/ruslan/ros2_ws/install/dobot_msgs/include/dobot_msgs/dobot_msgs/srv/detail
-- Up-to-date: /home/ruslan/ros2_ws/install/dobot_msgs/include/dobot_msgs/dobot_msgs/srv/detail/evaluate_ptp_trajectory__rosidl_typesupport_fastrtps_c.h
-- Up-to-date: /home/ruslan/ros2_ws/install/dobot_msgs/include/dobot_msgs/dobot_msgs/srv/detail/execute_homing_procedure__rosidl_typesupport_fastrtps_c.h
-- Up-to-date: /home/ruslan/ros2_ws/install/dobot_msgs/include/dobot_msgs/dobot_msgs/srv/detail/gripper_control__rosidl_typesupport_fastrtps_c.h
-- Up-to-date: /home/ruslan/ros2_ws/install/dobot_msgs/include/dobot_msgs/dobot_msgs/srv/detail/suction_cup_control__rosidl_typesupport_fastrtps_c.h
-- Up-to-date: /home/ruslan/ros2_ws/install/dobot_msgs/include/dobot_msgs/dobot_msgs/action
-- Up-to-date: /home/ruslan/ros2_ws/install/dobot_msgs/include/dobot_msgs/dobot_msgs/action/detail
-- Up-to-date: /home/ruslan/ros2_ws/install/dobot_msgs/include/dobot_msgs/dobot_msgs/action/detail/point_to_point__rosidl_typesupport_fastrtps_c.h
-- Up-to-date: /home/ruslan/ros2_ws/install/dobot_msgs/include/dobot_msgs/dobot_msgs/action/detail/sliding_rail__rosidl_typesupport_fastrtps_c.h
-- Up-to-date: /home/ruslan/ros2_ws/install/dobot_msgs/include/dobot_msgs/dobot_msgs/msg
-- Up-to-date: /home/ruslan/ros2_ws/install/dobot_msgs/include/dobot_msgs/dobot_msgs/msg/detail
-- Up-to-date: /home/ruslan/ros2_ws/install/dobot_msgs/include/dobot_msgs/dobot_msgs/msg/detail/gripper_status__rosidl_typesupport_fastrtps_c.h
-- Up-to-date: /home/ruslan/ros2_ws/install/dobot_msgs/include/dobot_msgs/dobot_msgs/msg/detail/dobot_alarm_codes__rosidl_typesupport_fastrtps_c.h
-- Up-to-date: /home/ruslan/ros2_ws/install/dobot_msgs/include/dobot_msgs/dobot_msgs/msg/rosidl_typesupport_fastrtps_c__visibility_control.h
-- Up-to-date: /home/ruslan/ros2_ws/install/dobot_msgs/lib/libdobot_msgs__rosidl_typesupport_fastrtps_c.so
-- Up-to-date: /home/ruslan/ros2_ws/install/dobot_msgs/include/dobot_msgs/dobot_msgs
-- Up-to-date: /home/ruslan/ros2_ws/install/dobot_msgs/include/dobot_msgs/dobot_msgs/srv
-- Up-to-date: /home/ruslan/ros2_ws/install/dobot_msgs/include/dobot_msgs/dobot_msgs/srv/detail
-- Up-to-date: /home/ruslan/ros2_ws/install/dobot_msgs/include/dobot_msgs/dobot_msgs/srv/detail/evaluate_ptp_trajectory__rosidl_typesupport_introspection_c.h
-- Up-to-date: /home/ruslan/ros2_ws/install/dobot_msgs/include/dobot_msgs/dobot_msgs/srv/detail/suction_cup_control__rosidl_typesupport_introspection_c.h
-- Up-to-date: /home/ruslan/ros2_ws/install/dobot_msgs/include/dobot_msgs/dobot_msgs/srv/detail/execute_homing_procedure__type_support.c
-- Up-to-date: /home/ruslan/ros2_ws/install/dobot_msgs/include/dobot_msgs/dobot_msgs/srv/detail/gripper_control__rosidl_typesupport_introspection_c.h
-- Up-to-date: /home/ruslan/ros2_ws/install/dobot_msgs/include/dobot_msgs/dobot_msgs/srv/detail/gripper_control__type_support.c
-- Up-to-date: /home/ruslan/ros2_ws/install/dobot_msgs/include/dobot_msgs/dobot_msgs/srv/detail/execute_homing_procedure__rosidl_typesupport_introspection_c.h
-- Up-to-date: /home/ruslan/ros2_ws/install/dobot_msgs/include/dobot_msgs/dobot_msgs/srv/detail/evaluate_ptp_trajectory__type_support.c
-- Up-to-date: /home/ruslan/ros2_ws/install/dobot_msgs/include/dobot_msgs/dobot_msgs/srv/detail/suction_cup_control__type_support.c
-- Up-to-date: /home/ruslan/ros2_ws/install/dobot_msgs/include/dobot_msgs/dobot_msgs/action
-- Up-to-date: /home/ruslan/ros2_ws/install/dobot_msgs/include/dobot_msgs/dobot_msgs/action/detail
-- Up-to-date: /home/ruslan/ros2_ws/install/dobot_msgs/include/dobot_msgs/dobot_msgs/action/detail/sliding_rail__rosidl_typesupport_introspection_c.h
-- Up-to-date: /home/ruslan/ros2_ws/install/dobot_msgs/include/dobot_msgs/dobot_msgs/action/detail/point_to_point__type_support.c
-- Up-to-date: /home/ruslan/ros2_ws/install/dobot_msgs/include/dobot_msgs/dobot_msgs/action/detail/point_to_point__rosidl_typesupport_introspection_c.h
-- Up-to-date: /home/ruslan/ros2_ws/install/dobot_msgs/include/dobot_msgs/dobot_msgs/action/detail/sliding_rail__type_support.c
-- Up-to-date: /home/ruslan/ros2_ws/install/dobot_msgs/include/dobot_msgs/dobot_msgs/msg
-- Up-to-date: /home/ruslan/ros2_ws/install/dobot_msgs/include/dobot_msgs/dobot_msgs/msg/detail
-- Up-to-date: /home/ruslan/ros2_ws/install/dobot_msgs/include/dobot_msgs/dobot_msgs/msg/detail/dobot_alarm_codes__type_support.c
-- Up-to-date: /home/ruslan/ros2_ws/install/dobot_msgs/include/dobot_msgs/dobot_msgs/msg/detail/gripper_status__type_support.c
-- Up-to-date: /home/ruslan/ros2_ws/install/dobot_msgs/include/dobot_msgs/dobot_msgs/msg/detail/dobot_alarm_codes__rosidl_typesupport_introspection_c.h
-- Up-to-date: /home/ruslan/ros2_ws/install/dobot_msgs/include/dobot_msgs/dobot_msgs/msg/detail/gripper_status__rosidl_typesupport_introspection_c.h
-- Up-to-date: /home/ruslan/ros2_ws/install/dobot_msgs/include/dobot_msgs/dobot_msgs/msg/rosidl_typesupport_introspection_c__visibility_control.h
-- Up-to-date: /home/ruslan/ros2_ws/install/dobot_msgs/lib/libdobot_msgs__rosidl_typesupport_introspection_c.so
-- Up-to-date: /home/ruslan/ros2_ws/install/dobot_msgs/lib/libdobot_msgs__rosidl_typesupport_c.so
-- Up-to-date: /home/ruslan/ros2_ws/install/dobot_msgs/include/dobot_msgs/dobot_msgs
-- Up-to-date: /home/ruslan/ros2_ws/install/dobot_msgs/include/dobot_msgs/dobot_msgs/srv
-- Up-to-date: /home/ruslan/ros2_ws/install/dobot_msgs/include/dobot_msgs/dobot_msgs/srv/detail
-- Up-to-date: /home/ruslan/ros2_ws/install/dobot_msgs/include/dobot_msgs/dobot_msgs/srv/detail/gripper_control__struct.hpp
-- Up-to-date: /home/ruslan/ros2_ws/install/dobot_msgs/include/dobot_msgs/dobot_msgs/srv/detail/suction_cup_control__traits.hpp
-- Up-to-date: /home/ruslan/ros2_ws/install/dobot_msgs/include/dobot_msgs/dobot_msgs/srv/detail/evaluate_ptp_trajectory__traits.hpp
-- Up-to-date: /home/ruslan/ros2_ws/install/dobot_msgs/include/dobot_msgs/dobot_msgs/srv/detail/gripper_control__traits.hpp
-- Up-to-date: /home/ruslan/ros2_ws/install/dobot_msgs/include/dobot_msgs/dobot_msgs/srv/detail/evaluate_ptp_trajectory__builder.hpp
-- Up-to-date: /home/ruslan/ros2_ws/install/dobot_msgs/include/dobot_msgs/dobot_msgs/srv/detail/suction_cup_control__struct.hpp
-- Up-to-date: /home/ruslan/ros2_ws/install/dobot_msgs/include/dobot_msgs/dobot_msgs/srv/detail/evaluate_ptp_trajectory__type_support.hpp
-- Up-to-date: /home/ruslan/ros2_ws/install/dobot_msgs/include/dobot_msgs/dobot_msgs/srv/detail/execute_homing_procedure__traits.hpp
-- Up-to-date: /home/ruslan/ros2_ws/install/dobot_msgs/include/dobot_msgs/dobot_msgs/srv/detail/gripper_control__builder.hpp
-- Up-to-date: /home/ruslan/ros2_ws/install/dobot_msgs/include/dobot_msgs/dobot_msgs/srv/detail/evaluate_ptp_trajectory__struct.hpp
-- Up-to-date: /home/ruslan/ros2_ws/install/dobot_msgs/include/dobot_msgs/dobot_msgs/srv/detail/suction_cup_control__builder.hpp
-- Up-to-date: /home/ruslan/ros2_ws/install/dobot_msgs/include/dobot_msgs/dobot_msgs/srv/detail/execute_homing_procedure__type_support.hpp
-- Up-to-date: /home/ruslan/ros2_ws/install/dobot_msgs/include/dobot_msgs/dobot_msgs/srv/detail/suction_cup_control__type_support.hpp
-- Up-to-date: /home/ruslan/ros2_ws/install/dobot_msgs/include/dobot_msgs/dobot_msgs/srv/detail/execute_homing_procedure__struct.hpp
-- Up-to-date: /home/ruslan/ros2_ws/install/dobot_msgs/include/dobot_msgs/dobot_msgs/srv/detail/execute_homing_procedure__builder.hpp
-- Up-to-date: /home/ruslan/ros2_ws/install/dobot_msgs/include/dobot_msgs/dobot_msgs/srv/detail/gripper_control__type_support.hpp
-- Up-to-date: /home/ruslan/ros2_ws/install/dobot_msgs/include/dobot_msgs/dobot_msgs/srv/execute_homing_procedure.hpp
-- Up-to-date: /home/ruslan/ros2_ws/install/dobot_msgs/include/dobot_msgs/dobot_msgs/srv/suction_cup_control.hpp
-- Up-to-date: /home/ruslan/ros2_ws/install/dobot_msgs/include/dobot_msgs/dobot_msgs/srv/evaluate_ptp_trajectory.hpp
-- Up-to-date: /home/ruslan/ros2_ws/install/dobot_msgs/include/dobot_msgs/dobot_msgs/srv/gripper_control.hpp
-- Up-to-date: /home/ruslan/ros2_ws/install/dobot_msgs/include/dobot_msgs/dobot_msgs/action
-- Up-to-date: /home/ruslan/ros2_ws/install/dobot_msgs/include/dobot_msgs/dobot_msgs/action/detail
-- Up-to-date: /home/ruslan/ros2_ws/install/dobot_msgs/include/dobot_msgs/dobot_msgs/action/detail/sliding_rail__type_support.hpp
-- Up-to-date: /home/ruslan/ros2_ws/install/dobot_msgs/include/dobot_msgs/dobot_msgs/action/detail/sliding_rail__struct.hpp
-- Up-to-date: /home/ruslan/ros2_ws/install/dobot_msgs/include/dobot_msgs/dobot_msgs/action/detail/sliding_rail__builder.hpp
-- Up-to-date: /home/ruslan/ros2_ws/install/dobot_msgs/include/dobot_msgs/dobot_msgs/action/detail/sliding_rail__traits.hpp
-- Up-to-date: /home/ruslan/ros2_ws/install/dobot_msgs/include/dobot_msgs/dobot_msgs/action/detail/point_to_point__traits.hpp
-- Up-to-date: /home/ruslan/ros2_ws/install/dobot_msgs/include/dobot_msgs/dobot_msgs/action/detail/point_to_point__struct.hpp
-- Up-to-date: /home/ruslan/ros2_ws/install/dobot_msgs/include/dobot_msgs/dobot_msgs/action/detail/point_to_point__type_support.hpp
-- Up-to-date: /home/ruslan/ros2_ws/install/dobot_msgs/include/dobot_msgs/dobot_msgs/action/detail/point_to_point__builder.hpp
-- Up-to-date: /home/ruslan/ros2_ws/install/dobot_msgs/include/dobot_msgs/dobot_msgs/action/point_to_point.hpp
-- Up-to-date: /home/ruslan/ros2_ws/install/dobot_msgs/include/dobot_msgs/dobot_msgs/action/sliding_rail.hpp
-- Up-to-date: /home/ruslan/ros2_ws/install/dobot_msgs/include/dobot_msgs/dobot_msgs/msg
-- Up-to-date: /home/ruslan/ros2_ws/install/dobot_msgs/include/dobot_msgs/dobot_msgs/msg/detail
-- Up-to-date: /home/ruslan/ros2_ws/install/dobot_msgs/include/dobot_msgs/dobot_msgs/msg/detail/gripper_status__builder.hpp
-- Up-to-date: /home/ruslan/ros2_ws/install/dobot_msgs/include/dobot_msgs/dobot_msgs/msg/detail/dobot_alarm_codes__type_support.hpp
-- Up-to-date: /home/ruslan/ros2_ws/install/dobot_msgs/include/dobot_msgs/dobot_msgs/msg/detail/dobot_alarm_codes__traits.hpp
-- Up-to-date: /home/ruslan/ros2_ws/install/dobot_msgs/include/dobot_msgs/dobot_msgs/msg/detail/dobot_alarm_codes__builder.hpp
-- Up-to-date: /home/ruslan/ros2_ws/install/dobot_msgs/include/dobot_msgs/dobot_msgs/msg/detail/gripper_status__traits.hpp
-- Up-to-date: /home/ruslan/ros2_ws/install/dobot_msgs/include/dobot_msgs/dobot_msgs/msg/detail/gripper_status__struct.hpp
-- Up-to-date: /home/ruslan/ros2_ws/install/dobot_msgs/include/dobot_msgs/dobot_msgs/msg/detail/gripper_status__type_support.hpp
-- Up-to-date: /home/ruslan/ros2_ws/install/dobot_msgs/include/dobot_msgs/dobot_msgs/msg/detail/dobot_alarm_codes__struct.hpp
-- Up-to-date: /home/ruslan/ros2_ws/install/dobot_msgs/include/dobot_msgs/dobot_msgs/msg/gripper_status.hpp
-- Up-to-date: /home/ruslan/ros2_ws/install/dobot_msgs/include/dobot_msgs/dobot_msgs/msg/rosidl_generator_cpp__visibility_control.hpp
-- Up-to-date: /home/ruslan/ros2_ws/install/dobot_msgs/include/dobot_msgs/dobot_msgs/msg/dobot_alarm_codes.hpp
-- Up-to-date: /home/ruslan/ros2_ws/install/dobot_msgs/include/dobot_msgs/dobot_msgs
-- Up-to-date: /home/ruslan/ros2_ws/install/dobot_msgs/include/dobot_msgs/dobot_msgs/srv
-- Up-to-date: /home/ruslan/ros2_ws/install/dobot_msgs/include/dobot_msgs/dobot_msgs/srv/detail
-- Up-to-date: /home/ruslan/ros2_ws/install/dobot_msgs/include/dobot_msgs/dobot_msgs/srv/detail/execute_homing_procedure__rosidl_typesupport_fastrtps_cpp.hpp
-- Up-to-date: /home/ruslan/ros2_ws/install/dobot_msgs/include/dobot_msgs/dobot_msgs/srv/detail/evaluate_ptp_trajectory__rosidl_typesupport_fastrtps_cpp.hpp
-- Up-to-date: /home/ruslan/ros2_ws/install/dobot_msgs/include/dobot_msgs/dobot_msgs/srv/detail/dds_fastrtps
-- Up-to-date: /home/ruslan/ros2_ws/install/dobot_msgs/include/dobot_msgs/dobot_msgs/srv/detail/gripper_control__rosidl_typesupport_fastrtps_cpp.hpp
-- Up-to-date: /home/ruslan/ros2_ws/install/dobot_msgs/include/dobot_msgs/dobot_msgs/srv/detail/suction_cup_control__rosidl_typesupport_fastrtps_cpp.hpp
-- Up-to-date: /home/ruslan/ros2_ws/install/dobot_msgs/include/dobot_msgs/dobot_msgs/action
-- Up-to-date: /home/ruslan/ros2_ws/install/dobot_msgs/include/dobot_msgs/dobot_msgs/action/detail
-- Up-to-date: /home/ruslan/ros2_ws/install/dobot_msgs/include/dobot_msgs/dobot_msgs/action/detail/sliding_rail__rosidl_typesupport_fastrtps_cpp.hpp
-- Up-to-date: /home/ruslan/ros2_ws/install/dobot_msgs/include/dobot_msgs/dobot_msgs/action/detail/dds_fastrtps
-- Up-to-date: /home/ruslan/ros2_ws/install/dobot_msgs/include/dobot_msgs/dobot_msgs/action/detail/point_to_point__rosidl_typesupport_fastrtps_cpp.hpp
-- Up-to-date: /home/ruslan/ros2_ws/install/dobot_msgs/include/dobot_msgs/dobot_msgs/msg
-- Up-to-date: /home/ruslan/ros2_ws/install/dobot_msgs/include/dobot_msgs/dobot_msgs/msg/detail
-- Up-to-date: /home/ruslan/ros2_ws/install/dobot_msgs/include/dobot_msgs/dobot_msgs/msg/detail/dds_fastrtps
-- Up-to-date: /home/ruslan/ros2_ws/install/dobot_msgs/include/dobot_msgs/dobot_msgs/msg/detail/dobot_alarm_codes__rosidl_typesupport_fastrtps_cpp.hpp
-- Up-to-date: /home/ruslan/ros2_ws/install/dobot_msgs/include/dobot_msgs/dobot_msgs/msg/detail/gripper_status__rosidl_typesupport_fastrtps_cpp.hpp
-- Up-to-date: /home/ruslan/ros2_ws/install/dobot_msgs/include/dobot_msgs/dobot_msgs/msg/rosidl_typesupport_fastrtps_cpp__visibility_control.h
-- Up-to-date: /home/ruslan/ros2_ws/install/dobot_msgs/lib/libdobot_msgs__rosidl_typesupport_fastrtps_cpp.so
-- Up-to-date: /home/ruslan/ros2_ws/install/dobot_msgs/include/dobot_msgs/dobot_msgs
-- Up-to-date: /home/ruslan/ros2_ws/install/dobot_msgs/include/dobot_msgs/dobot_msgs/srv
-- Up-to-date: /home/ruslan/ros2_ws/install/dobot_msgs/include/dobot_msgs/dobot_msgs/srv/detail
-- Up-to-date: /home/ruslan/ros2_ws/install/dobot_msgs/include/dobot_msgs/dobot_msgs/srv/detail/suction_cup_control__rosidl_typesupport_introspection_cpp.hpp
-- Up-to-date: /home/ruslan/ros2_ws/install/dobot_msgs/include/dobot_msgs/dobot_msgs/srv/detail/evaluate_ptp_trajectory__type_support.cpp
-- Up-to-date: /home/ruslan/ros2_ws/install/dobot_msgs/include/dobot_msgs/dobot_msgs/srv/detail/execute_homing_procedure__rosidl_typesupport_introspection_cpp.hpp
-- Up-to-date: /home/ruslan/ros2_ws/install/dobot_msgs/include/dobot_msgs/dobot_msgs/srv/detail/gripper_control__type_support.cpp
-- Up-to-date: /home/ruslan/ros2_ws/install/dobot_msgs/include/dobot_msgs/dobot_msgs/srv/detail/suction_cup_control__type_support.cpp
-- Up-to-date: /home/ruslan/ros2_ws/install/dobot_msgs/include/dobot_msgs/dobot_msgs/srv/detail/gripper_control__rosidl_typesupport_introspection_cpp.hpp
-- Up-to-date: /home/ruslan/ros2_ws/install/dobot_msgs/include/dobot_msgs/dobot_msgs/srv/detail/evaluate_ptp_trajectory__rosidl_typesupport_introspection_cpp.hpp
-- Up-to-date: /home/ruslan/ros2_ws/install/dobot_msgs/include/dobot_msgs/dobot_msgs/srv/detail/execute_homing_procedure__type_support.cpp
-- Up-to-date: /home/ruslan/ros2_ws/install/dobot_msgs/include/dobot_msgs/dobot_msgs/action
-- Up-to-date: /home/ruslan/ros2_ws/install/dobot_msgs/include/dobot_msgs/dobot_msgs/action/detail
-- Up-to-date: /home/ruslan/ros2_ws/install/dobot_msgs/include/dobot_msgs/dobot_msgs/action/detail/point_to_point__rosidl_typesupport_introspection_cpp.hpp
-- Up-to-date: /home/ruslan/ros2_ws/install/dobot_msgs/include/dobot_msgs/dobot_msgs/action/detail/sliding_rail__rosidl_typesupport_introspection_cpp.hpp
-- Up-to-date: /home/ruslan/ros2_ws/install/dobot_msgs/include/dobot_msgs/dobot_msgs/action/detail/point_to_point__type_support.cpp
-- Up-to-date: /home/ruslan/ros2_ws/install/dobot_msgs/include/dobot_msgs/dobot_msgs/action/detail/sliding_rail__type_support.cpp
-- Up-to-date: /home/ruslan/ros2_ws/install/dobot_msgs/include/dobot_msgs/dobot_msgs/msg
-- Up-to-date: /home/ruslan/ros2_ws/install/dobot_msgs/include/dobot_msgs/dobot_msgs/msg/detail
-- Up-to-date: /home/ruslan/ros2_ws/install/dobot_msgs/include/dobot_msgs/dobot_msgs/msg/detail/dobot_alarm_codes__type_support.cpp
-- Up-to-date: /home/ruslan/ros2_ws/install/dobot_msgs/include/dobot_msgs/dobot_msgs/msg/detail/dobot_alarm_codes__rosidl_typesupport_introspection_cpp.hpp
-- Up-to-date: /home/ruslan/ros2_ws/install/dobot_msgs/include/dobot_msgs/dobot_msgs/msg/detail/gripper_status__rosidl_typesupport_introspection_cpp.hpp
-- Up-to-date: /home/ruslan/ros2_ws/install/dobot_msgs/include/dobot_msgs/dobot_msgs/msg/detail/gripper_status__type_support.cpp
-- Up-to-date: /home/ruslan/ros2_ws/install/dobot_msgs/lib/libdobot_msgs__rosidl_typesupport_introspection_cpp.so
-- Up-to-date: /home/ruslan/ros2_ws/install/dobot_msgs/lib/libdobot_msgs__rosidl_typesupport_cpp.so
-- Up-to-date: /home/ruslan/ros2_ws/install/dobot_msgs/share/dobot_msgs/environment/pythonpath.sh
-- Up-to-date: /home/ruslan/ros2_ws/install/dobot_msgs/share/dobot_msgs/environment/pythonpath.dsv
-- Up-to-date: /home/ruslan/ros2_ws/install/dobot_msgs/local/lib/python3.10/dist-packages/dobot_msgs-1.0.0-py3.10.egg-info
-- Installing: /home/ruslan/ros2_ws/install/dobot_msgs/local/lib/python3.10/dist-packages/dobot_msgs-1.0.0-py3.10.egg-info/dependency_links.txt
-- Installing: /home/ruslan/ros2_ws/install/dobot_msgs/local/lib/python3.10/dist-packages/dobot_msgs-1.0.0-py3.10.egg-info/SOURCES.txt
-- Installing: /home/ruslan/ros2_ws/install/dobot_msgs/local/lib/python3.10/dist-packages/dobot_msgs-1.0.0-py3.10.egg-info/PKG-INFO
-- Installing: /home/ruslan/ros2_ws/install/dobot_msgs/local/lib/python3.10/dist-packages/dobot_msgs-1.0.0-py3.10.egg-info/top_level.txt
-- Up-to-date: /home/ruslan/ros2_ws/install/dobot_msgs/local/lib/python3.10/dist-packages/dobot_msgs
-- Up-to-date: /home/ruslan/ros2_ws/install/dobot_msgs/local/lib/python3.10/dist-packages/dobot_msgs/_dobot_msgs_s.ep.rosidl_typesupport_introspection_c.c
-- Up-to-date: /home/ruslan/ros2_ws/install/dobot_msgs/local/lib/python3.10/dist-packages/dobot_msgs/dobot_msgs_s__rosidl_typesupport_c.cpython-310-x86_64-linux-gnu.so
-- Up-to-date: /home/ruslan/ros2_ws/install/dobot_msgs/local/lib/python3.10/dist-packages/dobot_msgs/srv
-- Up-to-date: /home/ruslan/ros2_ws/install/dobot_msgs/local/lib/python3.10/dist-packages/dobot_msgs/srv/_gripper_control.py
-- Up-to-date: /home/ruslan/ros2_ws/install/dobot_msgs/local/lib/python3.10/dist-packages/dobot_msgs/srv/_gripper_control_s.c
-- Up-to-date: /home/ruslan/ros2_ws/install/dobot_msgs/local/lib/python3.10/dist-packages/dobot_msgs/srv/__init__.py
-- Up-to-date: /home/ruslan/ros2_ws/install/dobot_msgs/local/lib/python3.10/dist-packages/dobot_msgs/srv/_execute_homing_procedure_s.c
-- Up-to-date: /home/ruslan/ros2_ws/install/dobot_msgs/local/lib/python3.10/dist-packages/dobot_msgs/srv/_execute_homing_procedure.py
-- Up-to-date: /home/ruslan/ros2_ws/install/dobot_msgs/local/lib/python3.10/dist-packages/dobot_msgs/srv/_suction_cup_control.py
-- Up-to-date: /home/ruslan/ros2_ws/install/dobot_msgs/local/lib/python3.10/dist-packages/dobot_msgs/srv/_evaluate_ptp_trajectory_s.c
-- Up-to-date: /home/ruslan/ros2_ws/install/dobot_msgs/local/lib/python3.10/dist-packages/dobot_msgs/srv/_evaluate_ptp_trajectory.py
-- Up-to-date: /home/ruslan/ros2_ws/install/dobot_msgs/local/lib/python3.10/dist-packages/dobot_msgs/srv/_suction_cup_control_s.c
-- Up-to-date: /home/ruslan/ros2_ws/install/dobot_msgs/local/lib/python3.10/dist-packages/dobot_msgs/action
-- Up-to-date: /home/ruslan/ros2_ws/install/dobot_msgs/local/lib/python3.10/dist-packages/dobot_msgs/action/__init__.py
-- Up-to-date: /home/ruslan/ros2_ws/install/dobot_msgs/local/lib/python3.10/dist-packages/dobot_msgs/action/_sliding_rail_s.c
-- Up-to-date: /home/ruslan/ros2_ws/install/dobot_msgs/local/lib/python3.10/dist-packages/dobot_msgs/action/_sliding_rail.py
-- Up-to-date: /home/ruslan/ros2_ws/install/dobot_msgs/local/lib/python3.10/dist-packages/dobot_msgs/action/_point_to_point.py
-- Up-to-date: /home/ruslan/ros2_ws/install/dobot_msgs/local/lib/python3.10/dist-packages/dobot_msgs/action/_point_to_point_s.c
-- Up-to-date: /home/ruslan/ros2_ws/install/dobot_msgs/local/lib/python3.10/dist-packages/dobot_msgs/__init__.py
-- Up-to-date: /home/ruslan/ros2_ws/install/dobot_msgs/local/lib/python3.10/dist-packages/dobot_msgs/dobot_msgs_s__rosidl_typesupport_fastrtps_c.cpython-310-x86_64-linux-gnu.so
-- Up-to-date: /home/ruslan/ros2_ws/install/dobot_msgs/local/lib/python3.10/dist-packages/dobot_msgs/_dobot_msgs_s.ep.rosidl_typesupport_c.c
-- Up-to-date: /home/ruslan/ros2_ws/install/dobot_msgs/local/lib/python3.10/dist-packages/dobot_msgs/dobot_msgs_s__rosidl_typesupport_introspection_c.cpython-310-x86_64-linux-gnu.so
-- Up-to-date: /home/ruslan/ros2_ws/install/dobot_msgs/local/lib/python3.10/dist-packages/dobot_msgs/msg
-- Up-to-date: /home/ruslan/ros2_ws/install/dobot_msgs/local/lib/python3.10/dist-packages/dobot_msgs/msg/__init__.py
-- Up-to-date: /home/ruslan/ros2_ws/install/dobot_msgs/local/lib/python3.10/dist-packages/dobot_msgs/msg/_dobot_alarm_codes_s.c
-- Up-to-date: /home/ruslan/ros2_ws/install/dobot_msgs/local/lib/python3.10/dist-packages/dobot_msgs/msg/_dobot_alarm_codes.py
-- Up-to-date: /home/ruslan/ros2_ws/install/dobot_msgs/local/lib/python3.10/dist-packages/dobot_msgs/msg/_gripper_status.py
-- Up-to-date: /home/ruslan/ros2_ws/install/dobot_msgs/local/lib/python3.10/dist-packages/dobot_msgs/msg/_gripper_status_s.c
-- Up-to-date: /home/ruslan/ros2_ws/install/dobot_msgs/local/lib/python3.10/dist-packages/dobot_msgs/libdobot_msgs__rosidl_generator_py.so
-- Up-to-date: /home/ruslan/ros2_ws/install/dobot_msgs/local/lib/python3.10/dist-packages/dobot_msgs/_dobot_msgs_s.ep.rosidl_typesupport_fastrtps_c.c
Listing '/home/ruslan/ros2_ws/install/dobot_msgs/local/lib/python3.10/dist-packages/dobot_msgs'...
Listing '/home/ruslan/ros2_ws/install/dobot_msgs/local/lib/python3.10/dist-packages/dobot_msgs/action'...
Listing '/home/ruslan/ros2_ws/install/dobot_msgs/local/lib/python3.10/dist-packages/dobot_msgs/msg'...
Listing '/home/ruslan/ros2_ws/install/dobot_msgs/local/lib/python3.10/dist-packages/dobot_msgs/srv'...
-- Up-to-date: /home/ruslan/ros2_ws/install/dobot_msgs/local/lib/python3.10/dist-packages/dobot_msgs/dobot_msgs_s__rosidl_typesupport_fastrtps_c.cpython-310-x86_64-linux-gnu.so
-- Up-to-date: /home/ruslan/ros2_ws/install/dobot_msgs/local/lib/python3.10/dist-packages/dobot_msgs/dobot_msgs_s__rosidl_typesupport_introspection_c.cpython-310-x86_64-linux-gnu.so
-- Up-to-date: /home/ruslan/ros2_ws/install/dobot_msgs/local/lib/python3.10/dist-packages/dobot_msgs/dobot_msgs_s__rosidl_typesupport_c.cpython-310-x86_64-linux-gnu.so
-- Up-to-date: /home/ruslan/ros2_ws/install/dobot_msgs/lib/libdobot_msgs__rosidl_generator_py.so
-- Up-to-date: /home/ruslan/ros2_ws/install/dobot_msgs/share/dobot_msgs/action/PointToPoint.idl
-- Up-to-date: /home/ruslan/ros2_ws/install/dobot_msgs/share/dobot_msgs/action/SlidingRail.idl
-- Up-to-date: /home/ruslan/ros2_ws/install/dobot_msgs/share/dobot_msgs/msg/DobotAlarmCodes.idl
-- Up-to-date: /home/ruslan/ros2_ws/install/dobot_msgs/share/dobot_msgs/msg/GripperStatus.idl
-- Up-to-date: /home/ruslan/ros2_ws/install/dobot_msgs/share/dobot_msgs/srv/EvaluatePTPTrajectory.idl
-- Up-to-date: /home/ruslan/ros2_ws/install/dobot_msgs/share/dobot_msgs/srv/ExecuteHomingProcedure.idl
-- Up-to-date: /home/ruslan/ros2_ws/install/dobot_msgs/share/dobot_msgs/srv/GripperControl.idl
-- Up-to-date: /home/ruslan/ros2_ws/install/dobot_msgs/share/dobot_msgs/srv/SuctionCupControl.idl
-- Up-to-date: /home/ruslan/ros2_ws/install/dobot_msgs/share/dobot_msgs/action/PointToPoint.action
-- Up-to-date: /home/ruslan/ros2_ws/install/dobot_msgs/share/dobot_msgs/action/SlidingRail.action
-- Up-to-date: /home/ruslan/ros2_ws/install/dobot_msgs/share/dobot_msgs/msg/DobotAlarmCodes.msg
-- Up-to-date: /home/ruslan/ros2_ws/install/dobot_msgs/share/dobot_msgs/msg/GripperStatus.msg
-- Up-to-date: /home/ruslan/ros2_ws/install/dobot_msgs/share/dobot_msgs/srv/EvaluatePTPTrajectory.srv
-- Up-to-date: /home/ruslan/ros2_ws/install/dobot_msgs/share/dobot_msgs/srv/EvaluatePTPTrajectory_Request.msg
-- Up-to-date: /home/ruslan/ros2_ws/install/dobot_msgs/share/dobot_msgs/srv/EvaluatePTPTrajectory_Response.msg
-- Up-to-date: /home/ruslan/ros2_ws/install/dobot_msgs/share/dobot_msgs/srv/ExecuteHomingProcedure.srv
-- Up-to-date: /home/ruslan/ros2_ws/install/dobot_msgs/share/dobot_msgs/srv/ExecuteHomingProcedure_Request.msg
-- Up-to-date: /home/ruslan/ros2_ws/install/dobot_msgs/share/dobot_msgs/srv/ExecuteHomingProcedure_Response.msg
-- Up-to-date: /home/ruslan/ros2_ws/install/dobot_msgs/share/dobot_msgs/srv/GripperControl.srv
-- Up-to-date: /home/ruslan/ros2_ws/install/dobot_msgs/share/dobot_msgs/srv/GripperControl_Request.msg
-- Up-to-date: /home/ruslan/ros2_ws/install/dobot_msgs/share/dobot_msgs/srv/GripperControl_Response.msg
-- Up-to-date: /home/ruslan/ros2_ws/install/dobot_msgs/share/dobot_msgs/srv/SuctionCupControl.srv
-- Up-to-date: /home/ruslan/ros2_ws/install/dobot_msgs/share/dobot_msgs/srv/SuctionCupControl_Request.msg
-- Up-to-date: /home/ruslan/ros2_ws/install/dobot_msgs/share/dobot_msgs/srv/SuctionCupControl_Response.msg
-- Up-to-date: /home/ruslan/ros2_ws/install/dobot_msgs/share/ament_index/resource_index/package_run_dependencies/dobot_msgs
-- Up-to-date: /home/ruslan/ros2_ws/install/dobot_msgs/share/ament_index/resource_index/parent_prefix_path/dobot_msgs
-- Up-to-date: /home/ruslan/ros2_ws/install/dobot_msgs/share/dobot_msgs/environment/ament_prefix_path.sh
-- Up-to-date: /home/ruslan/ros2_ws/install/dobot_msgs/share/dobot_msgs/environment/ament_prefix_path.dsv
-- Up-to-date: /home/ruslan/ros2_ws/install/dobot_msgs/share/dobot_msgs/environment/path.sh
-- Up-to-date: /home/ruslan/ros2_ws/install/dobot_msgs/share/dobot_msgs/environment/path.dsv
-- Up-to-date: /home/ruslan/ros2_ws/install/dobot_msgs/share/dobot_msgs/local_setup.bash
-- Up-to-date: /home/ruslan/ros2_ws/install/dobot_msgs/share/dobot_msgs/local_setup.sh
-- Up-to-date: /home/ruslan/ros2_ws/install/dobot_msgs/share/dobot_msgs/local_setup.zsh
-- Up-to-date: /home/ruslan/ros2_ws/install/dobot_msgs/share/dobot_msgs/local_setup.dsv
-- Installing: /home/ruslan/ros2_ws/install/dobot_msgs/share/dobot_msgs/package.dsv
-- Up-to-date: /home/ruslan/ros2_ws/install/dobot_msgs/share/ament_index/resource_index/packages/dobot_msgs
-- Up-to-date: /home/ruslan/ros2_ws/install/dobot_msgs/share/dobot_msgs/cmake/export_dobot_msgs__rosidl_generator_cExport.cmake
-- Up-to-date: /home/ruslan/ros2_ws/install/dobot_msgs/share/dobot_msgs/cmake/export_dobot_msgs__rosidl_generator_cExport-noconfig.cmake
-- Up-to-date: /home/ruslan/ros2_ws/install/dobot_msgs/share/dobot_msgs/cmake/export_dobot_msgs__rosidl_typesupport_fastrtps_cExport.cmake
-- Up-to-date: /home/ruslan/ros2_ws/install/dobot_msgs/share/dobot_msgs/cmake/export_dobot_msgs__rosidl_typesupport_fastrtps_cExport-noconfig.cmake
-- Up-to-date: /home/ruslan/ros2_ws/install/dobot_msgs/share/dobot_msgs/cmake/dobot_msgs__rosidl_typesupport_introspection_cExport.cmake
-- Up-to-date: /home/ruslan/ros2_ws/install/dobot_msgs/share/dobot_msgs/cmake/dobot_msgs__rosidl_typesupport_introspection_cExport-noconfig.cmake
-- Up-to-date: /home/ruslan/ros2_ws/install/dobot_msgs/share/dobot_msgs/cmake/dobot_msgs__rosidl_typesupport_cExport.cmake
-- Up-to-date: /home/ruslan/ros2_ws/install/dobot_msgs/share/dobot_msgs/cmake/dobot_msgs__rosidl_typesupport_cExport-noconfig.cmake
-- Up-to-date: /home/ruslan/ros2_ws/install/dobot_msgs/share/dobot_msgs/cmake/export_dobot_msgs__rosidl_generator_cppExport.cmake
-- Up-to-date: /home/ruslan/ros2_ws/install/dobot_msgs/share/dobot_msgs/cmake/export_dobot_msgs__rosidl_typesupport_fastrtps_cppExport.cmake
-- Up-to-date: /home/ruslan/ros2_ws/install/dobot_msgs/share/dobot_msgs/cmake/export_dobot_msgs__rosidl_typesupport_fastrtps_cppExport-noconfig.cmake
-- Up-to-date: /home/ruslan/ros2_ws/install/dobot_msgs/share/dobot_msgs/cmake/dobot_msgs__rosidl_typesupport_introspection_cppExport.cmake
-- Up-to-date: /home/ruslan/ros2_ws/install/dobot_msgs/share/dobot_msgs/cmake/dobot_msgs__rosidl_typesupport_introspection_cppExport-noconfig.cmake
-- Up-to-date: /home/ruslan/ros2_ws/install/dobot_msgs/share/dobot_msgs/cmake/dobot_msgs__rosidl_typesupport_cppExport.cmake
-- Up-to-date: /home/ruslan/ros2_ws/install/dobot_msgs/share/dobot_msgs/cmake/dobot_msgs__rosidl_typesupport_cppExport-noconfig.cmake
-- Up-to-date: /home/ruslan/ros2_ws/install/dobot_msgs/share/dobot_msgs/cmake/export_dobot_msgs__rosidl_generator_pyExport.cmake
-- Up-to-date: /home/ruslan/ros2_ws/install/dobot_msgs/share/dobot_msgs/cmake/export_dobot_msgs__rosidl_generator_pyExport-noconfig.cmake
-- Up-to-date: /home/ruslan/ros2_ws/install/dobot_msgs/share/dobot_msgs/cmake/rosidl_cmake-extras.cmake
-- Up-to-date: /home/ruslan/ros2_ws/install/dobot_msgs/share/dobot_msgs/cmake/ament_cmake_export_dependencies-extras.cmake
-- Up-to-date: /home/ruslan/ros2_ws/install/dobot_msgs/share/dobot_msgs/cmake/ament_cmake_export_include_directories-extras.cmake
-- Up-to-date: /home/ruslan/ros2_ws/install/dobot_msgs/share/dobot_msgs/cmake/ament_cmake_export_libraries-extras.cmake
-- Up-to-date: /home/ruslan/ros2_ws/install/dobot_msgs/share/dobot_msgs/cmake/ament_cmake_export_targets-extras.cmake
-- Up-to-date: /home/ruslan/ros2_ws/install/dobot_msgs/share/dobot_msgs/cmake/rosidl_cmake_export_typesupport_targets-extras.cmake
-- Up-to-date: /home/ruslan/ros2_ws/install/dobot_msgs/share/dobot_msgs/cmake/rosidl_cmake_export_typesupport_libraries-extras.cmake
-- Up-to-date: /home/ruslan/ros2_ws/install/dobot_msgs/share/dobot_msgs/cmake/dobot_msgsConfig.cmake
-- Up-to-date: /home/ruslan/ros2_ws/install/dobot_msgs/share/dobot_msgs/cmake/dobot_msgsConfig-version.cmake
-- Up-to-date: /home/ruslan/ros2_ws/install/dobot_msgs/share/dobot_msgs/package.xml
