[0.501s] Invoking command in '/home/ruslan/ros2_ws/build/dobot_driver': CMAKE_PREFIX_PATH=/home/ruslan/ros2_ws/install/webcam_publisher:/home/ruslan/ros2_ws/install/hand_tracker:/home/ruslan/ros2_ws/install/dobot_controller:/opt/ros/humble /usr/bin/cmake --build /home/ruslan/ros2_ws/build/dobot_driver -- -j16 -l16
[0.816s] Built target ament_cmake_python_copy_dobot_driver
[0.817s] running egg_info
[0.817s] writing dobot_driver.egg-info/PKG-INFO
[0.817s] writing dependency_links to dobot_driver.egg-info/dependency_links.txt
[0.817s] writing top-level names to dobot_driver.egg-info/top_level.txt
[0.817s] reading manifest file 'dobot_driver.egg-info/SOURCES.txt'
[0.817s] writing manifest file 'dobot_driver.egg-info/SOURCES.txt'
[0.817s] Built target ament_cmake_python_build_dobot_driver_egg
[0.980s] Invoked command in '/home/ruslan/ros2_ws/build/dobot_driver' returned '0': CMAKE_PREFIX_PATH=/home/ruslan/ros2_ws/install/webcam_publisher:/home/ruslan/ros2_ws/install/hand_tracker:/home/ruslan/ros2_ws/install/dobot_controller:/opt/ros/humble /usr/bin/cmake --build /home/ruslan/ros2_ws/build/dobot_driver -- -j16 -l16
[0.980s] Invoking command in '/home/ruslan/ros2_ws/build/dobot_driver': CMAKE_PREFIX_PATH=/home/ruslan/ros2_ws/install/webcam_publisher:/home/ruslan/ros2_ws/install/hand_tracker:/home/ruslan/ros2_ws/install/dobot_controller:/opt/ros/humble /usr/bin/cmake --install /home/ruslan/ros2_ws/build/dobot_driver
[1.016s] -- Install configuration: ""
[1.016s] -- Up-to-date: /home/ruslan/ros2_ws/install/dobot_driver/share/dobot_driver/environment/pythonpath.sh
[1.016s] -- Up-to-date: /home/ruslan/ros2_ws/install/dobot_driver/share/dobot_driver/environment/pythonpath.dsv
[1.016s] -- Up-to-date: /home/ruslan/ros2_ws/install/dobot_driver/local/lib/python3.10/dist-packages/dobot_driver-1.0.0-py3.10.egg-info
[1.016s] -- Installing: /home/ruslan/ros2_ws/install/dobot_driver/local/lib/python3.10/dist-packages/dobot_driver-1.0.0-py3.10.egg-info/dependency_links.txt
[1.016s] -- Installing: /home/ruslan/ros2_ws/install/dobot_driver/local/lib/python3.10/dist-packages/dobot_driver-1.0.0-py3.10.egg-info/SOURCES.txt
[1.016s] -- Installing: /home/ruslan/ros2_ws/install/dobot_driver/local/lib/python3.10/dist-packages/dobot_driver-1.0.0-py3.10.egg-info/PKG-INFO
[1.016s] -- Installing: /home/ruslan/ros2_ws/install/dobot_driver/local/lib/python3.10/dist-packages/dobot_driver-1.0.0-py3.10.egg-info/top_level.txt
[1.016s] -- Up-to-date: /home/ruslan/ros2_ws/install/dobot_driver/local/lib/python3.10/dist-packages/dobot_driver
[1.016s] -- Up-to-date: /home/ruslan/ros2_ws/install/dobot_driver/local/lib/python3.10/dist-packages/dobot_driver/dobot_handle.py
[1.016s] -- Up-to-date: /home/ruslan/ros2_ws/install/dobot_driver/local/lib/python3.10/dist-packages/dobot_driver/__init__.py
[1.016s] -- Up-to-date: /home/ruslan/ros2_ws/install/dobot_driver/local/lib/python3.10/dist-packages/dobot_driver/message.py
[1.016s] -- Up-to-date: /home/ruslan/ros2_ws/install/dobot_driver/local/lib/python3.10/dist-packages/dobot_driver/parsers.py
[1.016s] -- Up-to-date: /home/ruslan/ros2_ws/install/dobot_driver/local/lib/python3.10/dist-packages/dobot_driver/interface.py
[1.016s] Listing '/home/ruslan/ros2_ws/install/dobot_driver/local/lib/python3.10/dist-packages/dobot_driver'...
[1.021s] -- Up-to-date: /home/ruslan/ros2_ws/install/dobot_driver/share/ament_index/resource_index/package_run_dependencies/dobot_driver
[1.021s] -- Up-to-date: /home/ruslan/ros2_ws/install/dobot_driver/share/ament_index/resource_index/parent_prefix_path/dobot_driver
[1.021s] -- Up-to-date: /home/ruslan/ros2_ws/install/dobot_driver/share/dobot_driver/environment/ament_prefix_path.sh
[1.021s] -- Up-to-date: /home/ruslan/ros2_ws/install/dobot_driver/share/dobot_driver/environment/ament_prefix_path.dsv
[1.021s] -- Up-to-date: /home/ruslan/ros2_ws/install/dobot_driver/share/dobot_driver/environment/path.sh
[1.021s] -- Up-to-date: /home/ruslan/ros2_ws/install/dobot_driver/share/dobot_driver/environment/path.dsv
[1.021s] -- Up-to-date: /home/ruslan/ros2_ws/install/dobot_driver/share/dobot_driver/local_setup.bash
[1.022s] -- Up-to-date: /home/ruslan/ros2_ws/install/dobot_driver/share/dobot_driver/local_setup.sh
[1.022s] -- Up-to-date: /home/ruslan/ros2_ws/install/dobot_driver/share/dobot_driver/local_setup.zsh
[1.022s] -- Up-to-date: /home/ruslan/ros2_ws/install/dobot_driver/share/dobot_driver/local_setup.dsv
[1.022s] -- Up-to-date: /home/ruslan/ros2_ws/install/dobot_driver/share/dobot_driver/package.dsv
[1.022s] -- Up-to-date: /home/ruslan/ros2_ws/install/dobot_driver/share/ament_index/resource_index/packages/dobot_driver
[1.022s] -- Up-to-date: /home/ruslan/ros2_ws/install/dobot_driver/share/dobot_driver/cmake/dobot_driverConfig.cmake
[1.022s] -- Up-to-date: /home/ruslan/ros2_ws/install/dobot_driver/share/dobot_driver/cmake/dobot_driverConfig-version.cmake
[1.022s] -- Up-to-date: /home/ruslan/ros2_ws/install/dobot_driver/share/dobot_driver/package.xml
[1.035s] Invoked command in '/home/ruslan/ros2_ws/build/dobot_driver' returned '0': CMAKE_PREFIX_PATH=/home/ruslan/ros2_ws/install/webcam_publisher:/home/ruslan/ros2_ws/install/hand_tracker:/home/ruslan/ros2_ws/install/dobot_controller:/opt/ros/humble /usr/bin/cmake --install /home/ruslan/ros2_ws/build/dobot_driver
