[1.184s] Invoking command in '/home/ruslan/ros2_ws/src/dobot_controller': PYTHONPATH=/home/ruslan/ros2_ws/build/dobot_controller/prefix_override:/usr/lib/python3/dist-packages/colcon_core/task/python/colcon_distutils_commands:/home/ruslan/ros2_ws/install/dobot_controller/lib/python3.10/site-packages:${PYTHONPATH} /usr/bin/python3 -W ignore:setup.py install is deprecated -W ignore:easy_install command is deprecated setup.py egg_info --egg-base ../../build/dobot_controller build --build-base /home/ruslan/ros2_ws/build/dobot_controller/build install --record /home/ruslan/ros2_ws/build/dobot_controller/install.log --single-version-externally-managed install_data
[1.462s] running egg_info
[1.463s] writing ../../build/dobot_controller/dobot_controller.egg-info/PKG-INFO
[1.463s] writing dependency_links to ../../build/dobot_controller/dobot_controller.egg-info/dependency_links.txt
[1.463s] writing entry points to ../../build/dobot_controller/dobot_controller.egg-info/entry_points.txt
[1.463s] writing requirements to ../../build/dobot_controller/dobot_controller.egg-info/requires.txt
[1.463s] writing top-level names to ../../build/dobot_controller/dobot_controller.egg-info/top_level.txt
[1.465s] reading manifest file '../../build/dobot_controller/dobot_controller.egg-info/SOURCES.txt'
[1.466s] writing manifest file '../../build/dobot_controller/dobot_controller.egg-info/SOURCES.txt'
[1.466s] running build
[1.466s] running build_py
[1.466s] running install
[1.466s] running install_lib
[1.467s] running install_data
[1.467s] running install_egg_info
[1.469s] removing '/home/ruslan/ros2_ws/install/dobot_controller/lib/python3.10/site-packages/dobot_controller-0.0.0-py3.10.egg-info' (and everything under it)
[1.469s] Copying ../../build/dobot_controller/dobot_controller.egg-info to /home/ruslan/ros2_ws/install/dobot_controller/lib/python3.10/site-packages/dobot_controller-0.0.0-py3.10.egg-info
[1.469s] running install_scripts
[1.482s] Installing dobot_controller_node script to /home/ruslan/ros2_ws/install/dobot_controller/lib/dobot_controller
[1.482s] Installing hand_tracker_node script to /home/ruslan/ros2_ws/install/dobot_controller/lib/dobot_controller
[1.482s] writing list of installed files to '/home/ruslan/ros2_ws/build/dobot_controller/install.log'
[1.503s] Invoked command in '/home/ruslan/ros2_ws/src/dobot_controller' returned '0': PYTHONPATH=/home/ruslan/ros2_ws/build/dobot_controller/prefix_override:/usr/lib/python3/dist-packages/colcon_core/task/python/colcon_distutils_commands:/home/ruslan/ros2_ws/install/dobot_controller/lib/python3.10/site-packages:${PYTHONPATH} /usr/bin/python3 -W ignore:setup.py install is deprecated -W ignore:easy_install command is deprecated setup.py egg_info --egg-base ../../build/dobot_controller build --build-base /home/ruslan/ros2_ws/build/dobot_controller/build install --record /home/ruslan/ros2_ws/build/dobot_controller/install.log --single-version-externally-managed install_data
