[0.514s] Invoking command in '/home/ruslan/ros2_ws/build/dobot_description': CMAKE_PREFIX_PATH=${CMAKE_PREFIX_PATH}:/home/ruslan/ros2_ws/install/dobot_visualization_tools:/home/ruslan/ros2_ws/install/dobot_state_updater:/home/ruslan/ros2_ws/install/dobot_motion:/home/ruslan/ros2_ws/install/dobot_kinematics:/home/ruslan/ros2_ws/install/dobot_homing:/home/ruslan/ros2_ws/install/dobot_end_effector:/home/ruslan/ros2_ws/install/dobot_diagnostics:/home/ruslan/ros2_ws/install/dobot_demos:/home/ruslan/ros2_ws/install/dobot_control_panel:/home/ruslan/ros2_ws/install/dobot_bringup:/home/ruslan/ros2_ws/install/webcam_publisher:/home/ruslan/ros2_ws/install/hand_tracker:/home/ruslan/ros2_ws/install/dobot_controller:/opt/ros/humble /usr/bin/cmake --build /home/ruslan/ros2_ws/build/dobot_description -- -j16 -l16
[1.008s] Invoked command in '/home/ruslan/ros2_ws/build/dobot_description' returned '0': CMAKE_PREFIX_PATH=${CMAKE_PREFIX_PATH}:/home/ruslan/ros2_ws/install/dobot_visualization_tools:/home/ruslan/ros2_ws/install/dobot_state_updater:/home/ruslan/ros2_ws/install/dobot_motion:/home/ruslan/ros2_ws/install/dobot_kinematics:/home/ruslan/ros2_ws/install/dobot_homing:/home/ruslan/ros2_ws/install/dobot_end_effector:/home/ruslan/ros2_ws/install/dobot_diagnostics:/home/ruslan/ros2_ws/install/dobot_demos:/home/ruslan/ros2_ws/install/dobot_control_panel:/home/ruslan/ros2_ws/install/dobot_bringup:/home/ruslan/ros2_ws/install/webcam_publisher:/home/ruslan/ros2_ws/install/hand_tracker:/home/ruslan/ros2_ws/install/dobot_controller:/opt/ros/humble /usr/bin/cmake --build /home/ruslan/ros2_ws/build/dobot_description -- -j16 -l16
[1.009s] Invoking command in '/home/ruslan/ros2_ws/build/dobot_description': CMAKE_PREFIX_PATH=${CMAKE_PREFIX_PATH}:/home/ruslan/ros2_ws/install/dobot_visualization_tools:/home/ruslan/ros2_ws/install/dobot_state_updater:/home/ruslan/ros2_ws/install/dobot_motion:/home/ruslan/ros2_ws/install/dobot_kinematics:/home/ruslan/ros2_ws/install/dobot_homing:/home/ruslan/ros2_ws/install/dobot_end_effector:/home/ruslan/ros2_ws/install/dobot_diagnostics:/home/ruslan/ros2_ws/install/dobot_demos:/home/ruslan/ros2_ws/install/dobot_control_panel:/home/ruslan/ros2_ws/install/dobot_bringup:/home/ruslan/ros2_ws/install/webcam_publisher:/home/ruslan/ros2_ws/install/hand_tracker:/home/ruslan/ros2_ws/install/dobot_controller:/opt/ros/humble /usr/bin/cmake --install /home/ruslan/ros2_ws/build/dobot_description
[1.039s] -- Install configuration: ""
[1.039s] -- Up-to-date: /home/ruslan/ros2_ws/install/dobot_description/share/dobot_description/launch
[1.039s] -- Up-to-date: /home/ruslan/ros2_ws/install/dobot_description/share/dobot_description/launch/display.launch.py
[1.039s] -- Up-to-date: /home/ruslan/ros2_ws/install/dobot_description/share/dobot_description/meshes
[1.039s] -- Up-to-date: /home/ruslan/ros2_ws/install/dobot_description/share/dobot_description/meshes/dae
[1.039s] -- Up-to-date: /home/ruslan/ros2_ws/install/dobot_description/share/dobot_description/meshes/dae/camera.dae
[1.039s] -- Up-to-date: /home/ruslan/ros2_ws/install/dobot_description/share/dobot_description/meshes/dae/IntelRealSenseD435i.dae
[1.040s] -- Up-to-date: /home/ruslan/ros2_ws/install/dobot_description/share/dobot_description/meshes/dae/magicianGripper.dae
[1.040s] -- Up-to-date: /home/ruslan/ros2_ws/install/dobot_description/share/dobot_description/meshes/dae/jaw_right_extended.dae
[1.040s] -- Up-to-date: /home/ruslan/ros2_ws/install/dobot_description/share/dobot_description/meshes/dae/magicianLink3.dae
[1.040s] -- Up-to-date: /home/ruslan/ros2_ws/install/dobot_description/share/dobot_description/meshes/dae/magicianLink4.dae
[1.040s] -- Up-to-date: /home/ruslan/ros2_ws/install/dobot_description/share/dobot_description/meshes/dae/moving_gripper.dae
[1.040s] -- Up-to-date: /home/ruslan/ros2_ws/install/dobot_description/share/dobot_description/meshes/dae/magicianSuctionCup.dae
[1.040s] -- Up-to-date: /home/ruslan/ros2_ws/install/dobot_description/share/dobot_description/meshes/dae/magician_pen.dae
[1.040s] -- Up-to-date: /home/ruslan/ros2_ws/install/dobot_description/share/dobot_description/meshes/dae/jaw_left.dae
[1.040s] -- Up-to-date: /home/ruslan/ros2_ws/install/dobot_description/share/dobot_description/meshes/dae/suction_cup.dae
[1.040s] -- Up-to-date: /home/ruslan/ros2_ws/install/dobot_description/share/dobot_description/meshes/dae/magicianLink2.dae
[1.040s] -- Up-to-date: /home/ruslan/ros2_ws/install/dobot_description/share/dobot_description/meshes/dae/magicianBase.dae
[1.040s] -- Up-to-date: /home/ruslan/ros2_ws/install/dobot_description/share/dobot_description/meshes/dae/jaw_right.dae
[1.040s] -- Up-to-date: /home/ruslan/ros2_ws/install/dobot_description/share/dobot_description/meshes/dae/magicianLink4_default.dae
[1.041s] -- Up-to-date: /home/ruslan/ros2_ws/install/dobot_description/share/dobot_description/meshes/dae/jaw_left_extended.dae
[1.041s] -- Up-to-date: /home/ruslan/ros2_ws/install/dobot_description/share/dobot_description/meshes/dae/magicianLink1.dae
[1.041s] -- Up-to-date: /home/ruslan/ros2_ws/install/dobot_description/share/dobot_description/meshes/dae/stl
[1.041s] -- Up-to-date: /home/ruslan/ros2_ws/install/dobot_description/share/dobot_description/meshes/dae/stl/dobot_gripper_extender.stl
[1.041s] -- Up-to-date: /home/ruslan/ros2_ws/install/dobot_description/share/dobot_description/meshes/dae/stl/realsense_gripper.stl
[1.041s] -- Up-to-date: /home/ruslan/ros2_ws/install/dobot_description/share/dobot_description/meshes/dae/gripper_core.dae
[1.041s] -- Up-to-date: /home/ruslan/ros2_ws/install/dobot_description/share/dobot_description/meshes/collision
[1.041s] -- Up-to-date: /home/ruslan/ros2_ws/install/dobot_description/share/dobot_description/meshes/collision/urdf_models
[1.041s] -- Up-to-date: /home/ruslan/ros2_ws/install/dobot_description/share/dobot_description/meshes/collision/urdf_models/sliding_rail_draft.urdf
[1.041s] -- Up-to-date: /home/ruslan/ros2_ws/install/dobot_description/share/dobot_description/meshes/collision/urdf_models/pen.urdf
[1.041s] -- Up-to-date: /home/ruslan/ros2_ws/install/dobot_description/share/dobot_description/meshes/collision/urdf_models/3DOF.urdf
[1.041s] -- Up-to-date: /home/ruslan/ros2_ws/install/dobot_description/share/dobot_description/meshes/collision/urdf_models/suction_cup.urdf
[1.041s] -- Up-to-date: /home/ruslan/ros2_ws/install/dobot_description/share/dobot_description/meshes/collision/urdf_models/dobot_with_rail.urdf
[1.041s] -- Up-to-date: /home/ruslan/ros2_ws/install/dobot_description/share/dobot_description/meshes/collision/urdf_models/gripper.urdf
[1.042s] -- Up-to-date: /home/ruslan/ros2_ws/install/dobot_description/share/dobot_description/meshes/collision/urdf_models/extended_gripper.urdf
[1.042s] -- Up-to-date: /home/ruslan/ros2_ws/install/dobot_description/share/dobot_description/meshes/collision/core
[1.042s] -- Up-to-date: /home/ruslan/ros2_ws/install/dobot_description/share/dobot_description/meshes/collision/core/magicianLink3.dae
[1.042s] -- Up-to-date: /home/ruslan/ros2_ws/install/dobot_description/share/dobot_description/meshes/collision/core/magicianLink2.dae
[1.042s] -- Up-to-date: /home/ruslan/ros2_ws/install/dobot_description/share/dobot_description/meshes/collision/core/magicianBase.dae
[1.042s] -- Up-to-date: /home/ruslan/ros2_ws/install/dobot_description/share/dobot_description/meshes/collision/core/magicianLink1.dae
[1.042s] -- Up-to-date: /home/ruslan/ros2_ws/install/dobot_description/share/dobot_description/meshes/collision/end_tools
[1.042s] -- Up-to-date: /home/ruslan/ros2_ws/install/dobot_description/share/dobot_description/meshes/collision/end_tools/extended_gripper_collision_part1.dae
[1.042s] -- Up-to-date: /home/ruslan/ros2_ws/install/dobot_description/share/dobot_description/meshes/collision/end_tools/extended_gripper_collision_part2.dae
[1.042s] -- Up-to-date: /home/ruslan/ros2_ws/install/dobot_description/share/dobot_description/meshes/collision/end_tools/suction_cup_collision_part2.dae
[1.042s] -- Up-to-date: /home/ruslan/ros2_ws/install/dobot_description/share/dobot_description/meshes/collision/end_tools/pen_collision_part2.dae
[1.042s] -- Up-to-date: /home/ruslan/ros2_ws/install/dobot_description/share/dobot_description/meshes/collision/end_tools/pen_collision_part1.dae
[1.043s] -- Up-to-date: /home/ruslan/ros2_ws/install/dobot_description/share/dobot_description/meshes/collision/end_tools/gripper_collision_part1.dae
[1.043s] -- Up-to-date: /home/ruslan/ros2_ws/install/dobot_description/share/dobot_description/meshes/collision/end_tools/gripper_collision_part2.dae
[1.043s] -- Up-to-date: /home/ruslan/ros2_ws/install/dobot_description/share/dobot_description/meshes/collision/end_tools/suction_cup_collision_part1.dae
[1.043s] -- Up-to-date: /home/ruslan/ros2_ws/install/dobot_description/share/dobot_description/meshes/collision/end_tools/link4_collision.dae
[1.043s] -- Up-to-date: /home/ruslan/ros2_ws/install/dobot_description/share/dobot_description/meshes/collision/additional_elements
[1.043s] -- Up-to-date: /home/ruslan/ros2_ws/install/dobot_description/share/dobot_description/meshes/collision/additional_elements/sliding_rail.dae
[1.043s] -- Up-to-date: /home/ruslan/ros2_ws/install/dobot_description/share/dobot_description/rviz
[1.043s] -- Up-to-date: /home/ruslan/ros2_ws/install/dobot_description/share/dobot_description/rviz/urdf_full.rviz
[1.043s] -- Up-to-date: /home/ruslan/ros2_ws/install/dobot_description/share/dobot_description/rviz/urdf.rviz
[1.043s] -- Up-to-date: /home/ruslan/ros2_ws/install/dobot_description/share/dobot_description/model
[1.043s] -- Up-to-date: /home/ruslan/ros2_ws/install/dobot_description/share/dobot_description/model/magician.urdf.xacro
[1.043s] -- Up-to-date: /home/ruslan/ros2_ws/install/dobot_description/share/dobot_description/model/magician_standalone.urdf.xacro
[1.043s] -- Up-to-date: /home/ruslan/ros2_ws/install/dobot_description/share/dobot_description/model/clean_model_no_macros.urdf
[1.043s] -- Up-to-date: /home/ruslan/ros2_ws/install/dobot_description/share/dobot_description/model/dobot_common.urdf.xacro
[1.044s] -- Up-to-date: /home/ruslan/ros2_ws/install/dobot_description/share/ament_index/resource_index/package_run_dependencies/dobot_description
[1.044s] -- Up-to-date: /home/ruslan/ros2_ws/install/dobot_description/share/ament_index/resource_index/parent_prefix_path/dobot_description
[1.044s] -- Up-to-date: /home/ruslan/ros2_ws/install/dobot_description/share/dobot_description/environment/ament_prefix_path.sh
[1.044s] -- Up-to-date: /home/ruslan/ros2_ws/install/dobot_description/share/dobot_description/environment/ament_prefix_path.dsv
[1.044s] -- Up-to-date: /home/ruslan/ros2_ws/install/dobot_description/share/dobot_description/environment/path.sh
[1.044s] -- Up-to-date: /home/ruslan/ros2_ws/install/dobot_description/share/dobot_description/environment/path.dsv
[1.044s] -- Up-to-date: /home/ruslan/ros2_ws/install/dobot_description/share/dobot_description/local_setup.bash
[1.044s] -- Up-to-date: /home/ruslan/ros2_ws/install/dobot_description/share/dobot_description/local_setup.sh
[1.044s] -- Up-to-date: /home/ruslan/ros2_ws/install/dobot_description/share/dobot_description/local_setup.zsh
[1.044s] -- Up-to-date: /home/ruslan/ros2_ws/install/dobot_description/share/dobot_description/local_setup.dsv
[1.045s] -- Installing: /home/ruslan/ros2_ws/install/dobot_description/share/dobot_description/package.dsv
[1.045s] -- Up-to-date: /home/ruslan/ros2_ws/install/dobot_description/share/ament_index/resource_index/packages/dobot_description
[1.045s] -- Up-to-date: /home/ruslan/ros2_ws/install/dobot_description/share/dobot_description/cmake/dobot_descriptionConfig.cmake
[1.045s] -- Up-to-date: /home/ruslan/ros2_ws/install/dobot_description/share/dobot_description/cmake/dobot_descriptionConfig-version.cmake
[1.045s] -- Up-to-date: /home/ruslan/ros2_ws/install/dobot_description/share/dobot_description/package.xml
[1.045s] Invoked command in '/home/ruslan/ros2_ws/build/dobot_description' returned '0': CMAKE_PREFIX_PATH=${CMAKE_PREFIX_PATH}:/home/ruslan/ros2_ws/install/dobot_visualization_tools:/home/ruslan/ros2_ws/install/dobot_state_updater:/home/ruslan/ros2_ws/install/dobot_motion:/home/ruslan/ros2_ws/install/dobot_kinematics:/home/ruslan/ros2_ws/install/dobot_homing:/home/ruslan/ros2_ws/install/dobot_end_effector:/home/ruslan/ros2_ws/install/dobot_diagnostics:/home/ruslan/ros2_ws/install/dobot_demos:/home/ruslan/ros2_ws/install/dobot_control_panel:/home/ruslan/ros2_ws/install/dobot_bringup:/home/ruslan/ros2_ws/install/webcam_publisher:/home/ruslan/ros2_ws/install/hand_tracker:/home/ruslan/ros2_ws/install/dobot_controller:/opt/ros/humble /usr/bin/cmake --install /home/ruslan/ros2_ws/build/dobot_description
