[1.489s] Invoking command in '/home/ruslan/ros2_ws/src/magician_ros2/dobot_homing': AMENT_PREFIX_PATH=/home/ruslan/ros2_ws/install/dobot_msgs:${AMENT_PREFIX_PATH} CMAKE_PREFIX_PATH=/home/ruslan/ros2_ws/install/dobot_msgs LD_LIBRARY_PATH=/home/ruslan/ros2_ws/install/dobot_msgs/lib:${LD_LIBRARY_PATH} PYTHONPATH=/home/ruslan/ros2_ws/build/dobot_homing/prefix_override:/usr/lib/python3/dist-packages/colcon_core/task/python/colcon_distutils_commands:/home/ruslan/ros2_ws/install/dobot_homing/lib/python3.10/site-packages:/home/ruslan/ros2_ws/install/dobot_msgs/local/lib/python3.10/dist-packages:${PYTHONPATH} /usr/bin/python3 -W ignore:setup.py install is deprecated -W ignore:easy_install command is deprecated setup.py egg_info --egg-base ../../../build/dobot_homing build --build-base /home/ruslan/ros2_ws/build/dobot_homing/build install --record /home/ruslan/ros2_ws/build/dobot_homing/install.log --single-version-externally-managed install_data
[1.635s] running egg_info
[1.635s] writing ../../../build/dobot_homing/dobot_homing.egg-info/PKG-INFO
[1.635s] writing dependency_links to ../../../build/dobot_homing/dobot_homing.egg-info/dependency_links.txt
[1.636s] writing entry points to ../../../build/dobot_homing/dobot_homing.egg-info/entry_points.txt
[1.636s] writing requirements to ../../../build/dobot_homing/dobot_homing.egg-info/requires.txt
[1.636s] writing top-level names to ../../../build/dobot_homing/dobot_homing.egg-info/top_level.txt
[1.636s] reading manifest file '../../../build/dobot_homing/dobot_homing.egg-info/SOURCES.txt'
[1.637s] writing manifest file '../../../build/dobot_homing/dobot_homing.egg-info/SOURCES.txt'
[1.637s] running build
[1.637s] running build_py
[1.637s] running install
[1.637s] running install_lib
[1.638s] running install_data
[1.638s] running install_egg_info
[1.639s] removing '/home/ruslan/ros2_ws/install/dobot_homing/lib/python3.10/site-packages/dobot_homing-1.0.0-py3.10.egg-info' (and everything under it)
[1.639s] Copying ../../../build/dobot_homing/dobot_homing.egg-info to /home/ruslan/ros2_ws/install/dobot_homing/lib/python3.10/site-packages/dobot_homing-1.0.0-py3.10.egg-info
[1.640s] running install_scripts
[1.652s] Installing homing_server script to /home/ruslan/ros2_ws/install/dobot_homing/lib/dobot_homing
[1.652s] writing list of installed files to '/home/ruslan/ros2_ws/build/dobot_homing/install.log'
[1.668s] Invoked command in '/home/ruslan/ros2_ws/src/magician_ros2/dobot_homing' returned '0': AMENT_PREFIX_PATH=/home/ruslan/ros2_ws/install/dobot_msgs:${AMENT_PREFIX_PATH} CMAKE_PREFIX_PATH=/home/ruslan/ros2_ws/install/dobot_msgs LD_LIBRARY_PATH=/home/ruslan/ros2_ws/install/dobot_msgs/lib:${LD_LIBRARY_PATH} PYTHONPATH=/home/ruslan/ros2_ws/build/dobot_homing/prefix_override:/usr/lib/python3/dist-packages/colcon_core/task/python/colcon_distutils_commands:/home/ruslan/ros2_ws/install/dobot_homing/lib/python3.10/site-packages:/home/ruslan/ros2_ws/install/dobot_msgs/local/lib/python3.10/dist-packages:${PYTHONPATH} /usr/bin/python3 -W ignore:setup.py install is deprecated -W ignore:easy_install command is deprecated setup.py egg_info --egg-base ../../../build/dobot_homing build --build-base /home/ruslan/ros2_ws/build/dobot_homing/build install --record /home/ruslan/ros2_ws/build/dobot_homing/install.log --single-version-externally-managed install_data
