[0.673s] Invoking command in '/home/ruslan/ros2_ws/src/hand_tracker': PYTHONPATH=/home/ruslan/ros2_ws/build/hand_tracker/prefix_override:/usr/lib/python3/dist-packages/colcon_core/task/python/colcon_distutils_commands:/home/ruslan/ros2_ws/install/hand_tracker/lib/python3.10/site-packages:${PYTHONPATH} /usr/bin/python3 -W ignore:setup.py install is deprecated -W ignore:easy_install command is deprecated setup.py egg_info --egg-base ../../build/hand_tracker build --build-base /home/ruslan/ros2_ws/build/hand_tracker/build install --record /home/ruslan/ros2_ws/build/hand_tracker/install.log --single-version-externally-managed install_data
[0.820s] running egg_info
[0.821s] writing ../../build/hand_tracker/hand_tracker.egg-info/PKG-INFO
[0.821s] writing dependency_links to ../../build/hand_tracker/hand_tracker.egg-info/dependency_links.txt
[0.821s] writing entry points to ../../build/hand_tracker/hand_tracker.egg-info/entry_points.txt
[0.821s] writing requirements to ../../build/hand_tracker/hand_tracker.egg-info/requires.txt
[0.821s] writing top-level names to ../../build/hand_tracker/hand_tracker.egg-info/top_level.txt
[0.822s] reading manifest file '../../build/hand_tracker/hand_tracker.egg-info/SOURCES.txt'
[0.822s] writing manifest file '../../build/hand_tracker/hand_tracker.egg-info/SOURCES.txt'
[0.822s] running build
[0.822s] running build_py
[0.823s] copying hand_tracker/hand_tracker_node.py -> /home/ruslan/ros2_ws/build/hand_tracker/build/lib/hand_tracker
[0.823s] running install
[0.823s] running install_lib
[0.823s] copying /home/ruslan/ros2_ws/build/hand_tracker/build/lib/hand_tracker/hand_tracker_node.py -> /home/ruslan/ros2_ws/install/hand_tracker/lib/python3.10/site-packages/hand_tracker
[0.823s] byte-compiling /home/ruslan/ros2_ws/install/hand_tracker/lib/python3.10/site-packages/hand_tracker/hand_tracker_node.py to hand_tracker_node.cpython-310.pyc
[0.824s] running install_data
[0.824s] running install_egg_info
[0.825s] removing '/home/ruslan/ros2_ws/install/hand_tracker/lib/python3.10/site-packages/hand_tracker-0.0.0-py3.10.egg-info' (and everything under it)
[0.825s] Copying ../../build/hand_tracker/hand_tracker.egg-info to /home/ruslan/ros2_ws/install/hand_tracker/lib/python3.10/site-packages/hand_tracker-0.0.0-py3.10.egg-info
[0.825s] running install_scripts
[0.838s] Installing dobot_controller_node script to /home/ruslan/ros2_ws/install/hand_tracker/lib/hand_tracker
[0.838s] Installing hand_tracker_node script to /home/ruslan/ros2_ws/install/hand_tracker/lib/hand_tracker
[0.838s] writing list of installed files to '/home/ruslan/ros2_ws/build/hand_tracker/install.log'
[0.857s] Invoked command in '/home/ruslan/ros2_ws/src/hand_tracker' returned '0': PYTHONPATH=/home/ruslan/ros2_ws/build/hand_tracker/prefix_override:/usr/lib/python3/dist-packages/colcon_core/task/python/colcon_distutils_commands:/home/ruslan/ros2_ws/install/hand_tracker/lib/python3.10/site-packages:${PYTHONPATH} /usr/bin/python3 -W ignore:setup.py install is deprecated -W ignore:easy_install command is deprecated setup.py egg_info --egg-base ../../build/hand_tracker build --build-base /home/ruslan/ros2_ws/build/hand_tracker/build install --record /home/ruslan/ros2_ws/build/hand_tracker/install.log --single-version-externally-managed install_data
