running egg_info
writing ../../../build/dobot_end_effector/dobot_end_effector.egg-info/PKG-INFO
writing dependency_links to ../../../build/dobot_end_effector/dobot_end_effector.egg-info/dependency_links.txt
writing entry points to ../../../build/dobot_end_effector/dobot_end_effector.egg-info/entry_points.txt
writing requirements to ../../../build/dobot_end_effector/dobot_end_effector.egg-info/requires.txt
writing top-level names to ../../../build/dobot_end_effector/dobot_end_effector.egg-info/top_level.txt
reading manifest file '../../../build/dobot_end_effector/dobot_end_effector.egg-info/SOURCES.txt'
writing manifest file '../../../build/dobot_end_effector/dobot_end_effector.egg-info/SOURCES.txt'
running build
running build_py
running install
running install_lib
running install_data
running install_egg_info
removing '/home/ruslan/ros2_ws/install/dobot_end_effector/lib/python3.10/site-packages/dobot_end_effector-1.0.0-py3.10.egg-info' (and everything under it)
Copying ../../../build/dobot_end_effector/dobot_end_effector.egg-info to /home/ruslan/ros2_ws/install/dobot_end_effector/lib/python3.10/site-packages/dobot_end_effector-1.0.0-py3.10.egg-info
running install_scripts
Installing gripper_server script to /home/ruslan/ros2_ws/install/dobot_end_effector/lib/dobot_end_effector
Installing suction_cup_server script to /home/ruslan/ros2_ws/install/dobot_end_effector/lib/dobot_end_effector
writing list of installed files to '/home/ruslan/ros2_ws/build/dobot_end_effector/install.log'
