[1.624s] Invoking command in '/home/ruslan/ros2_ws/src/magician_ros2/dobot_end_effector': PYTHONPATH=/home/ruslan/ros2_ws/build/dobot_end_effector/prefix_override:/usr/lib/python3/dist-packages/colcon_core/task/python/colcon_distutils_commands:/home/ruslan/ros2_ws/install/dobot_end_effector/lib/python3.10/site-packages:${PYTHONPATH} /usr/bin/python3 -W ignore:setup.py install is deprecated -W ignore:easy_install command is deprecated setup.py egg_info --egg-base ../../../build/dobot_end_effector build --build-base /home/ruslan/ros2_ws/build/dobot_end_effector/build install --record /home/ruslan/ros2_ws/build/dobot_end_effector/install.log --single-version-externally-managed install_data
[1.819s] running egg_info
[1.820s] writing ../../../build/dobot_end_effector/dobot_end_effector.egg-info/PKG-INFO
[1.820s] writing dependency_links to ../../../build/dobot_end_effector/dobot_end_effector.egg-info/dependency_links.txt
[1.820s] writing entry points to ../../../build/dobot_end_effector/dobot_end_effector.egg-info/entry_points.txt
[1.820s] writing requirements to ../../../build/dobot_end_effector/dobot_end_effector.egg-info/requires.txt
[1.820s] writing top-level names to ../../../build/dobot_end_effector/dobot_end_effector.egg-info/top_level.txt
[1.821s] reading manifest file '../../../build/dobot_end_effector/dobot_end_effector.egg-info/SOURCES.txt'
[1.822s] writing manifest file '../../../build/dobot_end_effector/dobot_end_effector.egg-info/SOURCES.txt'
[1.822s] running build
[1.822s] running build_py
[1.822s] running install
[1.822s] running install_lib
[1.823s] running install_data
[1.823s] running install_egg_info
[1.825s] removing '/home/ruslan/ros2_ws/install/dobot_end_effector/lib/python3.10/site-packages/dobot_end_effector-1.0.0-py3.10.egg-info' (and everything under it)
[1.825s] Copying ../../../build/dobot_end_effector/dobot_end_effector.egg-info to /home/ruslan/ros2_ws/install/dobot_end_effector/lib/python3.10/site-packages/dobot_end_effector-1.0.0-py3.10.egg-info
[1.825s] running install_scripts
[1.838s] Installing gripper_server script to /home/ruslan/ros2_ws/install/dobot_end_effector/lib/dobot_end_effector
[1.839s] Installing suction_cup_server script to /home/ruslan/ros2_ws/install/dobot_end_effector/lib/dobot_end_effector
[1.839s] writing list of installed files to '/home/ruslan/ros2_ws/build/dobot_end_effector/install.log'
[1.855s] Invoked command in '/home/ruslan/ros2_ws/src/magician_ros2/dobot_end_effector' returned '0': PYTHONPATH=/home/ruslan/ros2_ws/build/dobot_end_effector/prefix_override:/usr/lib/python3/dist-packages/colcon_core/task/python/colcon_distutils_commands:/home/ruslan/ros2_ws/install/dobot_end_effector/lib/python3.10/site-packages:${PYTHONPATH} /usr/bin/python3 -W ignore:setup.py install is deprecated -W ignore:easy_install command is deprecated setup.py egg_info --egg-base ../../../build/dobot_end_effector build --build-base /home/ruslan/ros2_ws/build/dobot_end_effector/build install --record /home/ruslan/ros2_ws/build/dobot_end_effector/install.log --single-version-externally-managed install_data
