running egg_info
creating ../../../build/dobot_end_effector/dobot_end_effector.egg-info
writing ../../../build/dobot_end_effector/dobot_end_effector.egg-info/PKG-INFO
writing dependency_links to ../../../build/dobot_end_effector/dobot_end_effector.egg-info/dependency_links.txt
writing entry points to ../../../build/dobot_end_effector/dobot_end_effector.egg-info/entry_points.txt
writing requirements to ../../../build/dobot_end_effector/dobot_end_effector.egg-info/requires.txt
writing top-level names to ../../../build/dobot_end_effector/dobot_end_effector.egg-info/top_level.txt
writing manifest file '../../../build/dobot_end_effector/dobot_end_effector.egg-info/SOURCES.txt'
reading manifest file '../../../build/dobot_end_effector/dobot_end_effector.egg-info/SOURCES.txt'
writing manifest file '../../../build/dobot_end_effector/dobot_end_effector.egg-info/SOURCES.txt'
running build
running build_py
creating /home/ruslan/ros2_ws/build/dobot_end_effector/build
creating /home/ruslan/ros2_ws/build/dobot_end_effector/build/lib
creating /home/ruslan/ros2_ws/build/dobot_end_effector/build/lib/dobot_end_effector
copying dobot_end_effector/__init__.py -> /home/ruslan/ros2_ws/build/dobot_end_effector/build/lib/dobot_end_effector
copying dobot_end_effector/suction_cup_server.py -> /home/ruslan/ros2_ws/build/dobot_end_effector/build/lib/dobot_end_effector
copying dobot_end_effector/gripper_server.py -> /home/ruslan/ros2_ws/build/dobot_end_effector/build/lib/dobot_end_effector
running install
running install_lib
creating /home/ruslan/ros2_ws/install/dobot_end_effector/lib/python3.10/site-packages/dobot_end_effector
copying /home/ruslan/ros2_ws/build/dobot_end_effector/build/lib/dobot_end_effector/__init__.py -> /home/ruslan/ros2_ws/install/dobot_end_effector/lib/python3.10/site-packages/dobot_end_effector
copying /home/ruslan/ros2_ws/build/dobot_end_effector/build/lib/dobot_end_effector/suction_cup_server.py -> /home/ruslan/ros2_ws/install/dobot_end_effector/lib/python3.10/site-packages/dobot_end_effector
copying /home/ruslan/ros2_ws/build/dobot_end_effector/build/lib/dobot_end_effector/gripper_server.py -> /home/ruslan/ros2_ws/install/dobot_end_effector/lib/python3.10/site-packages/dobot_end_effector
byte-compiling /home/ruslan/ros2_ws/install/dobot_end_effector/lib/python3.10/site-packages/dobot_end_effector/__init__.py to __init__.cpython-310.pyc
byte-compiling /home/ruslan/ros2_ws/install/dobot_end_effector/lib/python3.10/site-packages/dobot_end_effector/suction_cup_server.py to suction_cup_server.cpython-310.pyc
byte-compiling /home/ruslan/ros2_ws/install/dobot_end_effector/lib/python3.10/site-packages/dobot_end_effector/gripper_server.py to gripper_server.cpython-310.pyc
running install_data
creating /home/ruslan/ros2_ws/install/dobot_end_effector/share/ament_index
creating /home/ruslan/ros2_ws/install/dobot_end_effector/share/ament_index/resource_index
creating /home/ruslan/ros2_ws/install/dobot_end_effector/share/ament_index/resource_index/packages
copying resource/dobot_end_effector -> /home/ruslan/ros2_ws/install/dobot_end_effector/share/ament_index/resource_index/packages
copying package.xml -> /home/ruslan/ros2_ws/install/dobot_end_effector/share/dobot_end_effector
running install_egg_info
Copying ../../../build/dobot_end_effector/dobot_end_effector.egg-info to /home/ruslan/ros2_ws/install/dobot_end_effector/lib/python3.10/site-packages/dobot_end_effector-1.0.0-py3.10.egg-info
running install_scripts
Installing gripper_server script to /home/ruslan/ros2_ws/install/dobot_end_effector/lib/dobot_end_effector
Installing suction_cup_server script to /home/ruslan/ros2_ws/install/dobot_end_effector/lib/dobot_end_effector
writing list of installed files to '/home/ruslan/ros2_ws/build/dobot_end_effector/install.log'
