[1.333s] Invoking command in '/home/ruslan/ros2_ws/src/magician_ros2/dobot_end_effector': AMENT_PREFIX_PATH=/home/ruslan/ros2_ws/install/dobot_msgs:${AMENT_PREFIX_PATH} CMAKE_PREFIX_PATH=/home/ruslan/ros2_ws/install/dobot_msgs LD_LIBRARY_PATH=/home/ruslan/ros2_ws/install/dobot_msgs/lib:${LD_LIBRARY_PATH} PYTHONPATH=/home/ruslan/ros2_ws/build/dobot_end_effector/prefix_override:/usr/lib/python3/dist-packages/colcon_core/task/python/colcon_distutils_commands:/home/ruslan/ros2_ws/install/dobot_end_effector/lib/python3.10/site-packages:/home/ruslan/ros2_ws/install/dobot_msgs/local/lib/python3.10/dist-packages:${PYTHONPATH} /usr/bin/python3 -W ignore:setup.py install is deprecated -W ignore:easy_install command is deprecated setup.py egg_info --egg-base ../../../build/dobot_end_effector build --build-base /home/ruslan/ros2_ws/build/dobot_end_effector/build install --record /home/ruslan/ros2_ws/build/dobot_end_effector/install.log --single-version-externally-managed install_data
[1.492s] running egg_info
[1.493s] creating ../../../build/dobot_end_effector/dobot_end_effector.egg-info
[1.493s] writing ../../../build/dobot_end_effector/dobot_end_effector.egg-info/PKG-INFO
[1.493s] writing dependency_links to ../../../build/dobot_end_effector/dobot_end_effector.egg-info/dependency_links.txt
[1.493s] writing entry points to ../../../build/dobot_end_effector/dobot_end_effector.egg-info/entry_points.txt
[1.493s] writing requirements to ../../../build/dobot_end_effector/dobot_end_effector.egg-info/requires.txt
[1.493s] writing top-level names to ../../../build/dobot_end_effector/dobot_end_effector.egg-info/top_level.txt
[1.493s] writing manifest file '../../../build/dobot_end_effector/dobot_end_effector.egg-info/SOURCES.txt'
[1.494s] reading manifest file '../../../build/dobot_end_effector/dobot_end_effector.egg-info/SOURCES.txt'
[1.494s] writing manifest file '../../../build/dobot_end_effector/dobot_end_effector.egg-info/SOURCES.txt'
[1.494s] running build
[1.494s] running build_py
[1.495s] creating /home/ruslan/ros2_ws/build/dobot_end_effector/build
[1.495s] creating /home/ruslan/ros2_ws/build/dobot_end_effector/build/lib
[1.495s] creating /home/ruslan/ros2_ws/build/dobot_end_effector/build/lib/dobot_end_effector
[1.495s] copying dobot_end_effector/__init__.py -> /home/ruslan/ros2_ws/build/dobot_end_effector/build/lib/dobot_end_effector
[1.495s] copying dobot_end_effector/suction_cup_server.py -> /home/ruslan/ros2_ws/build/dobot_end_effector/build/lib/dobot_end_effector
[1.495s] copying dobot_end_effector/gripper_server.py -> /home/ruslan/ros2_ws/build/dobot_end_effector/build/lib/dobot_end_effector
[1.495s] running install
[1.495s] running install_lib
[1.495s] creating /home/ruslan/ros2_ws/install/dobot_end_effector/lib/python3.10/site-packages/dobot_end_effector
[1.495s] copying /home/ruslan/ros2_ws/build/dobot_end_effector/build/lib/dobot_end_effector/__init__.py -> /home/ruslan/ros2_ws/install/dobot_end_effector/lib/python3.10/site-packages/dobot_end_effector
[1.495s] copying /home/ruslan/ros2_ws/build/dobot_end_effector/build/lib/dobot_end_effector/suction_cup_server.py -> /home/ruslan/ros2_ws/install/dobot_end_effector/lib/python3.10/site-packages/dobot_end_effector
[1.495s] copying /home/ruslan/ros2_ws/build/dobot_end_effector/build/lib/dobot_end_effector/gripper_server.py -> /home/ruslan/ros2_ws/install/dobot_end_effector/lib/python3.10/site-packages/dobot_end_effector
[1.496s] byte-compiling /home/ruslan/ros2_ws/install/dobot_end_effector/lib/python3.10/site-packages/dobot_end_effector/__init__.py to __init__.cpython-310.pyc
[1.496s] byte-compiling /home/ruslan/ros2_ws/install/dobot_end_effector/lib/python3.10/site-packages/dobot_end_effector/suction_cup_server.py to suction_cup_server.cpython-310.pyc
[1.496s] byte-compiling /home/ruslan/ros2_ws/install/dobot_end_effector/lib/python3.10/site-packages/dobot_end_effector/gripper_server.py to gripper_server.cpython-310.pyc
[1.496s] running install_data
[1.497s] creating /home/ruslan/ros2_ws/install/dobot_end_effector/share/ament_index
[1.497s] creating /home/ruslan/ros2_ws/install/dobot_end_effector/share/ament_index/resource_index
[1.497s] creating /home/ruslan/ros2_ws/install/dobot_end_effector/share/ament_index/resource_index/packages
[1.497s] copying resource/dobot_end_effector -> /home/ruslan/ros2_ws/install/dobot_end_effector/share/ament_index/resource_index/packages
[1.497s] copying package.xml -> /home/ruslan/ros2_ws/install/dobot_end_effector/share/dobot_end_effector
[1.497s] running install_egg_info
[1.498s] Copying ../../../build/dobot_end_effector/dobot_end_effector.egg-info to /home/ruslan/ros2_ws/install/dobot_end_effector/lib/python3.10/site-packages/dobot_end_effector-1.0.0-py3.10.egg-info
[1.498s] running install_scripts
[1.511s] Installing gripper_server script to /home/ruslan/ros2_ws/install/dobot_end_effector/lib/dobot_end_effector
[1.511s] Installing suction_cup_server script to /home/ruslan/ros2_ws/install/dobot_end_effector/lib/dobot_end_effector
[1.511s] writing list of installed files to '/home/ruslan/ros2_ws/build/dobot_end_effector/install.log'
[1.530s] Invoked command in '/home/ruslan/ros2_ws/src/magician_ros2/dobot_end_effector' returned '0': AMENT_PREFIX_PATH=/home/ruslan/ros2_ws/install/dobot_msgs:${AMENT_PREFIX_PATH} CMAKE_PREFIX_PATH=/home/ruslan/ros2_ws/install/dobot_msgs LD_LIBRARY_PATH=/home/ruslan/ros2_ws/install/dobot_msgs/lib:${LD_LIBRARY_PATH} PYTHONPATH=/home/ruslan/ros2_ws/build/dobot_end_effector/prefix_override:/usr/lib/python3/dist-packages/colcon_core/task/python/colcon_distutils_commands:/home/ruslan/ros2_ws/install/dobot_end_effector/lib/python3.10/site-packages:/home/ruslan/ros2_ws/install/dobot_msgs/local/lib/python3.10/dist-packages:${PYTHONPATH} /usr/bin/python3 -W ignore:setup.py install is deprecated -W ignore:easy_install command is deprecated setup.py egg_info --egg-base ../../../build/dobot_end_effector build --build-base /home/ruslan/ros2_ws/build/dobot_end_effector/build install --record /home/ruslan/ros2_ws/build/dobot_end_effector/install.log --single-version-externally-managed install_data
