running egg_info
writing ../../build/dobot_controller/dobot_controller.egg-info/PKG-INFO
writing dependency_links to ../../build/dobot_controller/dobot_controller.egg-info/dependency_links.txt
writing entry points to ../../build/dobot_controller/dobot_controller.egg-info/entry_points.txt
writing requirements to ../../build/dobot_controller/dobot_controller.egg-info/requires.txt
writing top-level names to ../../build/dobot_controller/dobot_controller.egg-info/top_level.txt
reading manifest file '../../build/dobot_controller/dobot_controller.egg-info/SOURCES.txt'
writing manifest file '../../build/dobot_controller/dobot_controller.egg-info/SOURCES.txt'
running build
running build_py
running install
running install_lib
running install_data
running install_egg_info
removing '/home/ruslan/ros2_ws/install/dobot_controller/lib/python3.10/site-packages/dobot_controller-0.0.0-py3.10.egg-info' (and everything under it)
Copying ../../build/dobot_controller/dobot_controller.egg-info to /home/ruslan/ros2_ws/install/dobot_controller/lib/python3.10/site-packages/dobot_controller-0.0.0-py3.10.egg-info
running install_scripts
Installing dobot_controller_node script to /home/ruslan/ros2_ws/install/dobot_controller/lib/dobot_controller
Installing hand_tracker_node script to /home/ruslan/ros2_ws/install/dobot_controller/lib/dobot_controller
writing list of installed files to '/home/ruslan/ros2_ws/build/dobot_controller/install.log'
