[1.424s] Invoking command in '/home/ruslan/ros2_ws/src/magician_ros2/dobot_demos': AMENT_PREFIX_PATH=/home/ruslan/ros2_ws/install/dobot_msgs:${AMENT_PREFIX_PATH} CMAKE_PREFIX_PATH=/home/ruslan/ros2_ws/install/dobot_msgs LD_LIBRARY_PATH=/home/ruslan/ros2_ws/install/dobot_msgs/lib:${LD_LIBRARY_PATH} PYTHONPATH=/home/ruslan/ros2_ws/build/dobot_demos/prefix_override:/usr/lib/python3/dist-packages/colcon_core/task/python/colcon_distutils_commands:/home/ruslan/ros2_ws/install/dobot_demos/lib/python3.10/site-packages:/home/ruslan/ros2_ws/install/dobot_msgs/local/lib/python3.10/dist-packages:${PYTHONPATH} /usr/bin/python3 -W ignore:setup.py install is deprecated -W ignore:easy_install command is deprecated setup.py egg_info --egg-base ../../../build/dobot_demos build --build-base /home/ruslan/ros2_ws/build/dobot_demos/build install --record /home/ruslan/ros2_ws/build/dobot_demos/install.log --single-version-externally-managed install_data
[1.575s] running egg_info
[1.576s] creating ../../../build/dobot_demos/dobot_demos.egg-info
[1.576s] writing ../../../build/dobot_demos/dobot_demos.egg-info/PKG-INFO
[1.576s] writing dependency_links to ../../../build/dobot_demos/dobot_demos.egg-info/dependency_links.txt
[1.576s] writing entry points to ../../../build/dobot_demos/dobot_demos.egg-info/entry_points.txt
[1.576s] writing requirements to ../../../build/dobot_demos/dobot_demos.egg-info/requires.txt
[1.576s] writing top-level names to ../../../build/dobot_demos/dobot_demos.egg-info/top_level.txt
[1.576s] writing manifest file '../../../build/dobot_demos/dobot_demos.egg-info/SOURCES.txt'
[1.577s] reading manifest file '../../../build/dobot_demos/dobot_demos.egg-info/SOURCES.txt'
[1.578s] writing manifest file '../../../build/dobot_demos/dobot_demos.egg-info/SOURCES.txt'
[1.578s] running build
[1.578s] running build_py
[1.578s] creating /home/ruslan/ros2_ws/build/dobot_demos/build
[1.578s] creating /home/ruslan/ros2_ws/build/dobot_demos/build/lib
[1.578s] creating /home/ruslan/ros2_ws/build/dobot_demos/build/lib/dobot_demos
[1.578s] copying dobot_demos/PTP_client.py -> /home/ruslan/ros2_ws/build/dobot_demos/build/lib/dobot_demos
[1.578s] copying dobot_demos/gripper_client.py -> /home/ruslan/ros2_ws/build/dobot_demos/build/lib/dobot_demos
[1.578s] copying dobot_demos/pick_and_place.py -> /home/ruslan/ros2_ws/build/dobot_demos/build/lib/dobot_demos
[1.578s] copying dobot_demos/__init__.py -> /home/ruslan/ros2_ws/build/dobot_demos/build/lib/dobot_demos
[1.578s] copying dobot_demos/homing_client.py -> /home/ruslan/ros2_ws/build/dobot_demos/build/lib/dobot_demos
[1.578s] copying dobot_demos/suction_cup_client.py -> /home/ruslan/ros2_ws/build/dobot_demos/build/lib/dobot_demos
[1.578s] running install
[1.578s] running install_lib
[1.579s] creating /home/ruslan/ros2_ws/install/dobot_demos/lib/python3.10/site-packages/dobot_demos
[1.579s] copying /home/ruslan/ros2_ws/build/dobot_demos/build/lib/dobot_demos/PTP_client.py -> /home/ruslan/ros2_ws/install/dobot_demos/lib/python3.10/site-packages/dobot_demos
[1.579s] copying /home/ruslan/ros2_ws/build/dobot_demos/build/lib/dobot_demos/gripper_client.py -> /home/ruslan/ros2_ws/install/dobot_demos/lib/python3.10/site-packages/dobot_demos
[1.579s] copying /home/ruslan/ros2_ws/build/dobot_demos/build/lib/dobot_demos/pick_and_place.py -> /home/ruslan/ros2_ws/install/dobot_demos/lib/python3.10/site-packages/dobot_demos
[1.579s] copying /home/ruslan/ros2_ws/build/dobot_demos/build/lib/dobot_demos/__init__.py -> /home/ruslan/ros2_ws/install/dobot_demos/lib/python3.10/site-packages/dobot_demos
[1.579s] copying /home/ruslan/ros2_ws/build/dobot_demos/build/lib/dobot_demos/homing_client.py -> /home/ruslan/ros2_ws/install/dobot_demos/lib/python3.10/site-packages/dobot_demos
[1.579s] copying /home/ruslan/ros2_ws/build/dobot_demos/build/lib/dobot_demos/suction_cup_client.py -> /home/ruslan/ros2_ws/install/dobot_demos/lib/python3.10/site-packages/dobot_demos
[1.579s] byte-compiling /home/ruslan/ros2_ws/install/dobot_demos/lib/python3.10/site-packages/dobot_demos/PTP_client.py to PTP_client.cpython-310.pyc
[1.580s] byte-compiling /home/ruslan/ros2_ws/install/dobot_demos/lib/python3.10/site-packages/dobot_demos/gripper_client.py to gripper_client.cpython-310.pyc
[1.580s] byte-compiling /home/ruslan/ros2_ws/install/dobot_demos/lib/python3.10/site-packages/dobot_demos/pick_and_place.py to pick_and_place.cpython-310.pyc
[1.581s] byte-compiling /home/ruslan/ros2_ws/install/dobot_demos/lib/python3.10/site-packages/dobot_demos/__init__.py to __init__.cpython-310.pyc
[1.581s] byte-compiling /home/ruslan/ros2_ws/install/dobot_demos/lib/python3.10/site-packages/dobot_demos/homing_client.py to homing_client.cpython-310.pyc
[1.581s] byte-compiling /home/ruslan/ros2_ws/install/dobot_demos/lib/python3.10/site-packages/dobot_demos/suction_cup_client.py to suction_cup_client.cpython-310.pyc
[1.581s] running install_data
[1.581s] creating /home/ruslan/ros2_ws/install/dobot_demos/share/ament_index
[1.582s] creating /home/ruslan/ros2_ws/install/dobot_demos/share/ament_index/resource_index
[1.582s] creating /home/ruslan/ros2_ws/install/dobot_demos/share/ament_index/resource_index/packages
[1.582s] copying resource/dobot_demos -> /home/ruslan/ros2_ws/install/dobot_demos/share/ament_index/resource_index/packages
[1.582s] copying package.xml -> /home/ruslan/ros2_ws/install/dobot_demos/share/dobot_demos
[1.582s] running install_egg_info
[1.583s] Copying ../../../build/dobot_demos/dobot_demos.egg-info to /home/ruslan/ros2_ws/install/dobot_demos/lib/python3.10/site-packages/dobot_demos-1.0.0-py3.10.egg-info
[1.583s] running install_scripts
[1.596s] Installing test_gripper script to /home/ruslan/ros2_ws/install/dobot_demos/lib/dobot_demos
[1.596s] Installing test_homing script to /home/ruslan/ros2_ws/install/dobot_demos/lib/dobot_demos
[1.597s] Installing test_pick_and_place script to /home/ruslan/ros2_ws/install/dobot_demos/lib/dobot_demos
[1.597s] Installing test_point_to_point script to /home/ruslan/ros2_ws/install/dobot_demos/lib/dobot_demos
[1.597s] Installing test_suction_cup script to /home/ruslan/ros2_ws/install/dobot_demos/lib/dobot_demos
[1.597s] writing list of installed files to '/home/ruslan/ros2_ws/build/dobot_demos/install.log'
[1.616s] Invoked command in '/home/ruslan/ros2_ws/src/magician_ros2/dobot_demos' returned '0': AMENT_PREFIX_PATH=/home/ruslan/ros2_ws/install/dobot_msgs:${AMENT_PREFIX_PATH} CMAKE_PREFIX_PATH=/home/ruslan/ros2_ws/install/dobot_msgs LD_LIBRARY_PATH=/home/ruslan/ros2_ws/install/dobot_msgs/lib:${LD_LIBRARY_PATH} PYTHONPATH=/home/ruslan/ros2_ws/build/dobot_demos/prefix_override:/usr/lib/python3/dist-packages/colcon_core/task/python/colcon_distutils_commands:/home/ruslan/ros2_ws/install/dobot_demos/lib/python3.10/site-packages:/home/ruslan/ros2_ws/install/dobot_msgs/local/lib/python3.10/dist-packages:${PYTHONPATH} /usr/bin/python3 -W ignore:setup.py install is deprecated -W ignore:easy_install command is deprecated setup.py egg_info --egg-base ../../../build/dobot_demos build --build-base /home/ruslan/ros2_ws/build/dobot_demos/build install --record /home/ruslan/ros2_ws/build/dobot_demos/install.log --single-version-externally-managed install_data
