[1.324s] Invoking command in '/home/ruslan/ros2_ws/src/magician_ros2/dobot_kinematics': AMENT_PREFIX_PATH=/home/ruslan/ros2_ws/install/dobot_msgs:${AMENT_PREFIX_PATH} CMAKE_PREFIX_PATH=/home/ruslan/ros2_ws/install/dobot_msgs LD_LIBRARY_PATH=/home/ruslan/ros2_ws/install/dobot_msgs/lib:${LD_LIBRARY_PATH} PYTHONPATH=/home/ruslan/ros2_ws/build/dobot_kinematics/prefix_override:/usr/lib/python3/dist-packages/colcon_core/task/python/colcon_distutils_commands:/home/ruslan/ros2_ws/install/dobot_kinematics/lib/python3.10/site-packages:/home/ruslan/ros2_ws/install/dobot_msgs/local/lib/python3.10/dist-packages:${PYTHONPATH} /usr/bin/python3 -W ignore:setup.py install is deprecated -W ignore:easy_install command is deprecated setup.py egg_info --egg-base ../../../build/dobot_kinematics build --build-base /home/ruslan/ros2_ws/build/dobot_kinematics/build install --record /home/ruslan/ros2_ws/build/dobot_kinematics/install.log --single-version-externally-managed install_data
[1.604s] running egg_info
[1.605s] creating ../../../build/dobot_kinematics/dobot_kinematics.egg-info
[1.605s] writing ../../../build/dobot_kinematics/dobot_kinematics.egg-info/PKG-INFO
[1.605s] writing dependency_links to ../../../build/dobot_kinematics/dobot_kinematics.egg-info/dependency_links.txt
[1.606s] writing entry points to ../../../build/dobot_kinematics/dobot_kinematics.egg-info/entry_points.txt
[1.606s] writing requirements to ../../../build/dobot_kinematics/dobot_kinematics.egg-info/requires.txt
[1.606s] writing top-level names to ../../../build/dobot_kinematics/dobot_kinematics.egg-info/top_level.txt
[1.606s] writing manifest file '../../../build/dobot_kinematics/dobot_kinematics.egg-info/SOURCES.txt'
[1.607s] reading manifest file '../../../build/dobot_kinematics/dobot_kinematics.egg-info/SOURCES.txt'
[1.607s] writing manifest file '../../../build/dobot_kinematics/dobot_kinematics.egg-info/SOURCES.txt'
[1.608s] running build
[1.608s] running build_py
[1.608s] creating /home/ruslan/ros2_ws/build/dobot_kinematics/build
[1.608s] creating /home/ruslan/ros2_ws/build/dobot_kinematics/build/lib
[1.608s] creating /home/ruslan/ros2_ws/build/dobot_kinematics/build/lib/dobot_kinematics
[1.609s] copying dobot_kinematics/__init__.py -> /home/ruslan/ros2_ws/build/dobot_kinematics/build/lib/dobot_kinematics
[1.609s] copying dobot_kinematics/collision_utils.py -> /home/ruslan/ros2_ws/build/dobot_kinematics/build/lib/dobot_kinematics
[1.609s] copying dobot_kinematics/dobot_inv_kin.py -> /home/ruslan/ros2_ws/build/dobot_kinematics/build/lib/dobot_kinematics
[1.609s] copying dobot_kinematics/collision_detection_server.py -> /home/ruslan/ros2_ws/build/dobot_kinematics/build/lib/dobot_kinematics
[1.609s] copying dobot_kinematics/dobot_forward_kin.py -> /home/ruslan/ros2_ws/build/dobot_kinematics/build/lib/dobot_kinematics
[1.609s] copying dobot_kinematics/trajectory_validator_client.py -> /home/ruslan/ros2_ws/build/dobot_kinematics/build/lib/dobot_kinematics
[1.609s] copying dobot_kinematics/trajectory_validator_server.py -> /home/ruslan/ros2_ws/build/dobot_kinematics/build/lib/dobot_kinematics
[1.609s] running install
[1.609s] running install_lib
[1.610s] creating /home/ruslan/ros2_ws/install/dobot_kinematics/lib/python3.10/site-packages/dobot_kinematics
[1.610s] copying /home/ruslan/ros2_ws/build/dobot_kinematics/build/lib/dobot_kinematics/__init__.py -> /home/ruslan/ros2_ws/install/dobot_kinematics/lib/python3.10/site-packages/dobot_kinematics
[1.610s] copying /home/ruslan/ros2_ws/build/dobot_kinematics/build/lib/dobot_kinematics/collision_utils.py -> /home/ruslan/ros2_ws/install/dobot_kinematics/lib/python3.10/site-packages/dobot_kinematics
[1.610s] copying /home/ruslan/ros2_ws/build/dobot_kinematics/build/lib/dobot_kinematics/dobot_inv_kin.py -> /home/ruslan/ros2_ws/install/dobot_kinematics/lib/python3.10/site-packages/dobot_kinematics
[1.610s] copying /home/ruslan/ros2_ws/build/dobot_kinematics/build/lib/dobot_kinematics/collision_detection_server.py -> /home/ruslan/ros2_ws/install/dobot_kinematics/lib/python3.10/site-packages/dobot_kinematics
[1.610s] copying /home/ruslan/ros2_ws/build/dobot_kinematics/build/lib/dobot_kinematics/dobot_forward_kin.py -> /home/ruslan/ros2_ws/install/dobot_kinematics/lib/python3.10/site-packages/dobot_kinematics
[1.610s] copying /home/ruslan/ros2_ws/build/dobot_kinematics/build/lib/dobot_kinematics/trajectory_validator_client.py -> /home/ruslan/ros2_ws/install/dobot_kinematics/lib/python3.10/site-packages/dobot_kinematics
[1.610s] copying /home/ruslan/ros2_ws/build/dobot_kinematics/build/lib/dobot_kinematics/trajectory_validator_server.py -> /home/ruslan/ros2_ws/install/dobot_kinematics/lib/python3.10/site-packages/dobot_kinematics
[1.610s] byte-compiling /home/ruslan/ros2_ws/install/dobot_kinematics/lib/python3.10/site-packages/dobot_kinematics/__init__.py to __init__.cpython-310.pyc
[1.610s] byte-compiling /home/ruslan/ros2_ws/install/dobot_kinematics/lib/python3.10/site-packages/dobot_kinematics/collision_utils.py to collision_utils.cpython-310.pyc
[1.611s] byte-compiling /home/ruslan/ros2_ws/install/dobot_kinematics/lib/python3.10/site-packages/dobot_kinematics/dobot_inv_kin.py to dobot_inv_kin.cpython-310.pyc
[1.611s] byte-compiling /home/ruslan/ros2_ws/install/dobot_kinematics/lib/python3.10/site-packages/dobot_kinematics/collision_detection_server.py to collision_detection_server.cpython-310.pyc
[1.611s] byte-compiling /home/ruslan/ros2_ws/install/dobot_kinematics/lib/python3.10/site-packages/dobot_kinematics/dobot_forward_kin.py to dobot_forward_kin.cpython-310.pyc
[1.611s] byte-compiling /home/ruslan/ros2_ws/install/dobot_kinematics/lib/python3.10/site-packages/dobot_kinematics/trajectory_validator_client.py to trajectory_validator_client.cpython-310.pyc
[1.612s] byte-compiling /home/ruslan/ros2_ws/install/dobot_kinematics/lib/python3.10/site-packages/dobot_kinematics/trajectory_validator_server.py to trajectory_validator_server.cpython-310.pyc
[1.612s] running install_data
[1.612s] creating /home/ruslan/ros2_ws/install/dobot_kinematics/share/ament_index
[1.612s] creating /home/ruslan/ros2_ws/install/dobot_kinematics/share/ament_index/resource_index
[1.613s] creating /home/ruslan/ros2_ws/install/dobot_kinematics/share/ament_index/resource_index/packages
[1.613s] copying resource/dobot_kinematics -> /home/ruslan/ros2_ws/install/dobot_kinematics/share/ament_index/resource_index/packages
[1.613s] copying package.xml -> /home/ruslan/ros2_ws/install/dobot_kinematics/share/dobot_kinematics
[1.613s] copying launch/dobot_validate_trajectory.launch.py -> /home/ruslan/ros2_ws/install/dobot_kinematics/share/dobot_kinematics
[1.613s] creating /home/ruslan/ros2_ws/install/dobot_kinematics/share/dobot_kinematics/config
[1.613s] copying config/axis_limits.yaml -> /home/ruslan/ros2_ws/install/dobot_kinematics/share/dobot_kinematics/config
[1.613s] running install_egg_info
[1.614s] Copying ../../../build/dobot_kinematics/dobot_kinematics.egg-info to /home/ruslan/ros2_ws/install/dobot_kinematics/lib/python3.10/site-packages/dobot_kinematics-1.0.0-py3.10.egg-info
[1.614s] running install_scripts
[1.626s] Installing trajectory_validator_client script to /home/ruslan/ros2_ws/install/dobot_kinematics/lib/dobot_kinematics
[1.626s] Installing trajectory_validator_server script to /home/ruslan/ros2_ws/install/dobot_kinematics/lib/dobot_kinematics
[1.627s] writing list of installed files to '/home/ruslan/ros2_ws/build/dobot_kinematics/install.log'
[1.644s] Invoked command in '/home/ruslan/ros2_ws/src/magician_ros2/dobot_kinematics' returned '0': AMENT_PREFIX_PATH=/home/ruslan/ros2_ws/install/dobot_msgs:${AMENT_PREFIX_PATH} CMAKE_PREFIX_PATH=/home/ruslan/ros2_ws/install/dobot_msgs LD_LIBRARY_PATH=/home/ruslan/ros2_ws/install/dobot_msgs/lib:${LD_LIBRARY_PATH} PYTHONPATH=/home/ruslan/ros2_ws/build/dobot_kinematics/prefix_override:/usr/lib/python3/dist-packages/colcon_core/task/python/colcon_distutils_commands:/home/ruslan/ros2_ws/install/dobot_kinematics/lib/python3.10/site-packages:/home/ruslan/ros2_ws/install/dobot_msgs/local/lib/python3.10/dist-packages:${PYTHONPATH} /usr/bin/python3 -W ignore:setup.py install is deprecated -W ignore:easy_install command is deprecated setup.py egg_info --egg-base ../../../build/dobot_kinematics build --build-base /home/ruslan/ros2_ws/build/dobot_kinematics/build install --record /home/ruslan/ros2_ws/build/dobot_kinematics/install.log --single-version-externally-managed install_data
