[1.474s] Invoking command in '/home/ruslan/ros2_ws/src/magician_ros2/dobot_diagnostics': AMENT_PREFIX_PATH=/home/ruslan/ros2_ws/install/dobot_msgs:${AMENT_PREFIX_PATH} CMAKE_PREFIX_PATH=/home/ruslan/ros2_ws/install/dobot_msgs LD_LIBRARY_PATH=/home/ruslan/ros2_ws/install/dobot_msgs/lib:${LD_LIBRARY_PATH} PYTHONPATH=/home/ruslan/ros2_ws/build/dobot_diagnostics/prefix_override:/usr/lib/python3/dist-packages/colcon_core/task/python/colcon_distutils_commands:/home/ruslan/ros2_ws/install/dobot_diagnostics/lib/python3.10/site-packages:/home/ruslan/ros2_ws/install/dobot_msgs/local/lib/python3.10/dist-packages:${PYTHONPATH} /usr/bin/python3 -W ignore:setup.py install is deprecated -W ignore:easy_install command is deprecated setup.py egg_info --egg-base ../../../build/dobot_diagnostics build --build-base /home/ruslan/ros2_ws/build/dobot_diagnostics/build install --record /home/ruslan/ros2_ws/build/dobot_diagnostics/install.log --single-version-externally-managed install_data
[1.641s] running egg_info
[1.641s] creating ../../../build/dobot_diagnostics/dobot_diagnostics.egg-info
[1.641s] writing ../../../build/dobot_diagnostics/dobot_diagnostics.egg-info/PKG-INFO
[1.642s] writing dependency_links to ../../../build/dobot_diagnostics/dobot_diagnostics.egg-info/dependency_links.txt
[1.642s] writing entry points to ../../../build/dobot_diagnostics/dobot_diagnostics.egg-info/entry_points.txt
[1.642s] writing requirements to ../../../build/dobot_diagnostics/dobot_diagnostics.egg-info/requires.txt
[1.642s] writing top-level names to ../../../build/dobot_diagnostics/dobot_diagnostics.egg-info/top_level.txt
[1.642s] writing manifest file '../../../build/dobot_diagnostics/dobot_diagnostics.egg-info/SOURCES.txt'
[1.643s] reading manifest file '../../../build/dobot_diagnostics/dobot_diagnostics.egg-info/SOURCES.txt'
[1.643s] writing manifest file '../../../build/dobot_diagnostics/dobot_diagnostics.egg-info/SOURCES.txt'
[1.643s] running build
[1.643s] running build_py
[1.643s] creating /home/ruslan/ros2_ws/build/dobot_diagnostics/build
[1.644s] creating /home/ruslan/ros2_ws/build/dobot_diagnostics/build/lib
[1.644s] creating /home/ruslan/ros2_ws/build/dobot_diagnostics/build/lib/dobot_diagnostics
[1.644s] copying dobot_diagnostics/diagnostics_utils.py -> /home/ruslan/ros2_ws/build/dobot_diagnostics/build/lib/dobot_diagnostics
[1.644s] copying dobot_diagnostics/__init__.py -> /home/ruslan/ros2_ws/build/dobot_diagnostics/build/lib/dobot_diagnostics
[1.644s] copying dobot_diagnostics/alarms_parser.py -> /home/ruslan/ros2_ws/build/dobot_diagnostics/build/lib/dobot_diagnostics
[1.644s] running install
[1.644s] running install_lib
[1.644s] creating /home/ruslan/ros2_ws/install/dobot_diagnostics/lib/python3.10/site-packages/dobot_diagnostics
[1.644s] copying /home/ruslan/ros2_ws/build/dobot_diagnostics/build/lib/dobot_diagnostics/diagnostics_utils.py -> /home/ruslan/ros2_ws/install/dobot_diagnostics/lib/python3.10/site-packages/dobot_diagnostics
[1.644s] copying /home/ruslan/ros2_ws/build/dobot_diagnostics/build/lib/dobot_diagnostics/__init__.py -> /home/ruslan/ros2_ws/install/dobot_diagnostics/lib/python3.10/site-packages/dobot_diagnostics
[1.644s] copying /home/ruslan/ros2_ws/build/dobot_diagnostics/build/lib/dobot_diagnostics/alarms_parser.py -> /home/ruslan/ros2_ws/install/dobot_diagnostics/lib/python3.10/site-packages/dobot_diagnostics
[1.645s] byte-compiling /home/ruslan/ros2_ws/install/dobot_diagnostics/lib/python3.10/site-packages/dobot_diagnostics/diagnostics_utils.py to diagnostics_utils.cpython-310.pyc
[1.646s] byte-compiling /home/ruslan/ros2_ws/install/dobot_diagnostics/lib/python3.10/site-packages/dobot_diagnostics/__init__.py to __init__.cpython-310.pyc
[1.646s] byte-compiling /home/ruslan/ros2_ws/install/dobot_diagnostics/lib/python3.10/site-packages/dobot_diagnostics/alarms_parser.py to alarms_parser.cpython-310.pyc
[1.646s] running install_data
[1.646s] creating /home/ruslan/ros2_ws/install/dobot_diagnostics/share/ament_index
[1.646s] creating /home/ruslan/ros2_ws/install/dobot_diagnostics/share/ament_index/resource_index
[1.646s] creating /home/ruslan/ros2_ws/install/dobot_diagnostics/share/ament_index/resource_index/packages
[1.646s] copying resource/dobot_diagnostics -> /home/ruslan/ros2_ws/install/dobot_diagnostics/share/ament_index/resource_index/packages
[1.647s] copying package.xml -> /home/ruslan/ros2_ws/install/dobot_diagnostics/share/dobot_diagnostics
[1.647s] creating /home/ruslan/ros2_ws/install/dobot_diagnostics/share/dobot_diagnostics/launch
[1.647s] copying launch/alarms_analyzer.launch.py -> /home/ruslan/ros2_ws/install/dobot_diagnostics/share/dobot_diagnostics/launch
[1.647s] creating /home/ruslan/ros2_ws/install/dobot_diagnostics/share/dobot_diagnostics/config
[1.647s] copying config/analyzer_params.yaml -> /home/ruslan/ros2_ws/install/dobot_diagnostics/share/dobot_diagnostics/config
[1.647s] running install_egg_info
[1.648s] Copying ../../../build/dobot_diagnostics/dobot_diagnostics.egg-info to /home/ruslan/ros2_ws/install/dobot_diagnostics/lib/python3.10/site-packages/dobot_diagnostics-1.0.0-py3.10.egg-info
[1.648s] running install_scripts
[1.661s] Installing alarms_parser script to /home/ruslan/ros2_ws/install/dobot_diagnostics/lib/dobot_diagnostics
[1.661s] writing list of installed files to '/home/ruslan/ros2_ws/build/dobot_diagnostics/install.log'
[1.679s] Invoked command in '/home/ruslan/ros2_ws/src/magician_ros2/dobot_diagnostics' returned '0': AMENT_PREFIX_PATH=/home/ruslan/ros2_ws/install/dobot_msgs:${AMENT_PREFIX_PATH} CMAKE_PREFIX_PATH=/home/ruslan/ros2_ws/install/dobot_msgs LD_LIBRARY_PATH=/home/ruslan/ros2_ws/install/dobot_msgs/lib:${LD_LIBRARY_PATH} PYTHONPATH=/home/ruslan/ros2_ws/build/dobot_diagnostics/prefix_override:/usr/lib/python3/dist-packages/colcon_core/task/python/colcon_distutils_commands:/home/ruslan/ros2_ws/install/dobot_diagnostics/lib/python3.10/site-packages:/home/ruslan/ros2_ws/install/dobot_msgs/local/lib/python3.10/dist-packages:${PYTHONPATH} /usr/bin/python3 -W ignore:setup.py install is deprecated -W ignore:easy_install command is deprecated setup.py egg_info --egg-base ../../../build/dobot_diagnostics build --build-base /home/ruslan/ros2_ws/build/dobot_diagnostics/build install --record /home/ruslan/ros2_ws/build/dobot_diagnostics/install.log --single-version-externally-managed install_data
