running egg_info
creating ../../../build/dobot_state_updater/dobot_state_updater.egg-info
writing ../../../build/dobot_state_updater/dobot_state_updater.egg-info/PKG-INFO
writing dependency_links to ../../../build/dobot_state_updater/dobot_state_updater.egg-info/dependency_links.txt
writing entry points to ../../../build/dobot_state_updater/dobot_state_updater.egg-info/entry_points.txt
writing requirements to ../../../build/dobot_state_updater/dobot_state_updater.egg-info/requires.txt
writing top-level names to ../../../build/dobot_state_updater/dobot_state_updater.egg-info/top_level.txt
writing manifest file '../../../build/dobot_state_updater/dobot_state_updater.egg-info/SOURCES.txt'
reading manifest file '../../../build/dobot_state_updater/dobot_state_updater.egg-info/SOURCES.txt'
writing manifest file '../../../build/dobot_state_updater/dobot_state_updater.egg-info/SOURCES.txt'
running build
running build_py
creating /home/ruslan/ros2_ws/build/dobot_state_updater/build
creating /home/ruslan/ros2_ws/build/dobot_state_updater/build/lib
creating /home/ruslan/ros2_ws/build/dobot_state_updater/build/lib/dobot_state_updater
copying dobot_state_updater/__init__.py -> /home/ruslan/ros2_ws/build/dobot_state_updater/build/lib/dobot_state_updater
copying dobot_state_updater/dobot_state_publ.py -> /home/ruslan/ros2_ws/build/dobot_state_updater/build/lib/dobot_state_updater
running install
running install_lib
creating /home/ruslan/ros2_ws/install/dobot_state_updater/lib/python3.10/site-packages/dobot_state_updater
copying /home/ruslan/ros2_ws/build/dobot_state_updater/build/lib/dobot_state_updater/__init__.py -> /home/ruslan/ros2_ws/install/dobot_state_updater/lib/python3.10/site-packages/dobot_state_updater
copying /home/ruslan/ros2_ws/build/dobot_state_updater/build/lib/dobot_state_updater/dobot_state_publ.py -> /home/ruslan/ros2_ws/install/dobot_state_updater/lib/python3.10/site-packages/dobot_state_updater
byte-compiling /home/ruslan/ros2_ws/install/dobot_state_updater/lib/python3.10/site-packages/dobot_state_updater/__init__.py to __init__.cpython-310.pyc
byte-compiling /home/ruslan/ros2_ws/install/dobot_state_updater/lib/python3.10/site-packages/dobot_state_updater/dobot_state_publ.py to dobot_state_publ.cpython-310.pyc
running install_data
creating /home/ruslan/ros2_ws/install/dobot_state_updater/share/ament_index
creating /home/ruslan/ros2_ws/install/dobot_state_updater/share/ament_index/resource_index
creating /home/ruslan/ros2_ws/install/dobot_state_updater/share/ament_index/resource_index/packages
copying resource/dobot_state_updater -> /home/ruslan/ros2_ws/install/dobot_state_updater/share/ament_index/resource_index/packages
copying package.xml -> /home/ruslan/ros2_ws/install/dobot_state_updater/share/dobot_state_updater
running install_egg_info
Copying ../../../build/dobot_state_updater/dobot_state_updater.egg-info to /home/ruslan/ros2_ws/install/dobot_state_updater/lib/python3.10/site-packages/dobot_state_updater-1.0.0-py3.10.egg-info
running install_scripts
Installing state_publisher script to /home/ruslan/ros2_ws/install/dobot_state_updater/lib/dobot_state_updater
writing list of installed files to '/home/ruslan/ros2_ws/build/dobot_state_updater/install.log'
