running egg_info
writing ../../../build/dobot_demos/dobot_demos.egg-info/PKG-INFO
writing dependency_links to ../../../build/dobot_demos/dobot_demos.egg-info/dependency_links.txt
writing entry points to ../../../build/dobot_demos/dobot_demos.egg-info/entry_points.txt
writing requirements to ../../../build/dobot_demos/dobot_demos.egg-info/requires.txt
writing top-level names to ../../../build/dobot_demos/dobot_demos.egg-info/top_level.txt
reading manifest file '../../../build/dobot_demos/dobot_demos.egg-info/SOURCES.txt'
writing manifest file '../../../build/dobot_demos/dobot_demos.egg-info/SOURCES.txt'
running build
running build_py
running install
running install_lib
running install_data
running install_egg_info
removing '/home/ruslan/ros2_ws/install/dobot_demos/lib/python3.10/site-packages/dobot_demos-1.0.0-py3.10.egg-info' (and everything under it)
Copying ../../../build/dobot_demos/dobot_demos.egg-info to /home/ruslan/ros2_ws/install/dobot_demos/lib/python3.10/site-packages/dobot_demos-1.0.0-py3.10.egg-info
running install_scripts
Installing test_gripper script to /home/ruslan/ros2_ws/install/dobot_demos/lib/dobot_demos
Installing test_homing script to /home/ruslan/ros2_ws/install/dobot_demos/lib/dobot_demos
Installing test_pick_and_place script to /home/ruslan/ros2_ws/install/dobot_demos/lib/dobot_demos
Installing test_point_to_point script to /home/ruslan/ros2_ws/install/dobot_demos/lib/dobot_demos
Installing test_suction_cup script to /home/ruslan/ros2_ws/install/dobot_demos/lib/dobot_demos
writing list of installed files to '/home/ruslan/ros2_ws/build/dobot_demos/install.log'
