[0.707s] Invoking command in '/home/ruslan/ros2_ws/src/dobot_controller': PYTHONPATH=/home/ruslan/ros2_ws/build/dobot_controller/prefix_override:/usr/lib/python3/dist-packages/colcon_core/task/python/colcon_distutils_commands:/home/ruslan/ros2_ws/install/dobot_controller/lib/python3.10/site-packages:${PYTHONPATH} /usr/bin/python3 -W ignore:setup.py install is deprecated -W ignore:easy_install command is deprecated setup.py egg_info --egg-base ../../build/dobot_controller build --build-base /home/ruslan/ros2_ws/build/dobot_controller/build install --record /home/ruslan/ros2_ws/build/dobot_controller/install.log --single-version-externally-managed install_data
[0.844s] running egg_info
[0.844s] creating ../../build/dobot_controller/dobot_controller.egg-info
[0.844s] writing ../../build/dobot_controller/dobot_controller.egg-info/PKG-INFO
[0.844s] writing dependency_links to ../../build/dobot_controller/dobot_controller.egg-info/dependency_links.txt
[0.844s] writing entry points to ../../build/dobot_controller/dobot_controller.egg-info/entry_points.txt
[0.845s] writing requirements to ../../build/dobot_controller/dobot_controller.egg-info/requires.txt
[0.845s] writing top-level names to ../../build/dobot_controller/dobot_controller.egg-info/top_level.txt
[0.845s] writing manifest file '../../build/dobot_controller/dobot_controller.egg-info/SOURCES.txt'
[0.845s] reading manifest file '../../build/dobot_controller/dobot_controller.egg-info/SOURCES.txt'
[0.846s] writing manifest file '../../build/dobot_controller/dobot_controller.egg-info/SOURCES.txt'
[0.846s] running build
[0.846s] running build_py
[0.846s] creating /home/ruslan/ros2_ws/build/dobot_controller/build
[0.846s] creating /home/ruslan/ros2_ws/build/dobot_controller/build/lib
[0.846s] creating /home/ruslan/ros2_ws/build/dobot_controller/build/lib/dobot_controller
[0.846s] copying dobot_controller/__init__.py -> /home/ruslan/ros2_ws/build/dobot_controller/build/lib/dobot_controller
[0.846s] copying dobot_controller/dobot_controller_node.py -> /home/ruslan/ros2_ws/build/dobot_controller/build/lib/dobot_controller
[0.846s] running install
[0.846s] running install_lib
[0.846s] creating /home/ruslan/ros2_ws/install/dobot_controller/lib/python3.10/site-packages/dobot_controller
[0.846s] copying /home/ruslan/ros2_ws/build/dobot_controller/build/lib/dobot_controller/__init__.py -> /home/ruslan/ros2_ws/install/dobot_controller/lib/python3.10/site-packages/dobot_controller
[0.847s] copying /home/ruslan/ros2_ws/build/dobot_controller/build/lib/dobot_controller/dobot_controller_node.py -> /home/ruslan/ros2_ws/install/dobot_controller/lib/python3.10/site-packages/dobot_controller
[0.847s] byte-compiling /home/ruslan/ros2_ws/install/dobot_controller/lib/python3.10/site-packages/dobot_controller/__init__.py to __init__.cpython-310.pyc
[0.847s] byte-compiling /home/ruslan/ros2_ws/install/dobot_controller/lib/python3.10/site-packages/dobot_controller/dobot_controller_node.py to dobot_controller_node.cpython-310.pyc
[0.847s] running install_data
[0.847s] creating /home/ruslan/ros2_ws/install/dobot_controller/share/ament_index
[0.847s] creating /home/ruslan/ros2_ws/install/dobot_controller/share/ament_index/resource_index
[0.847s] creating /home/ruslan/ros2_ws/install/dobot_controller/share/ament_index/resource_index/packages
[0.848s] copying resource/dobot_controller -> /home/ruslan/ros2_ws/install/dobot_controller/share/ament_index/resource_index/packages
[0.848s] copying package.xml -> /home/ruslan/ros2_ws/install/dobot_controller/share/dobot_controller
[0.848s] running install_egg_info
[0.848s] Copying ../../build/dobot_controller/dobot_controller.egg-info to /home/ruslan/ros2_ws/install/dobot_controller/lib/python3.10/site-packages/dobot_controller-0.0.0-py3.10.egg-info
[0.849s] running install_scripts
[0.861s] Installing dobot_controller_node script to /home/ruslan/ros2_ws/install/dobot_controller/lib/dobot_controller
[0.861s] Installing hand_tracker_node script to /home/ruslan/ros2_ws/install/dobot_controller/lib/dobot_controller
[0.861s] writing list of installed files to '/home/ruslan/ros2_ws/build/dobot_controller/install.log'
[0.878s] Invoked command in '/home/ruslan/ros2_ws/src/dobot_controller' returned '0': PYTHONPATH=/home/ruslan/ros2_ws/build/dobot_controller/prefix_override:/usr/lib/python3/dist-packages/colcon_core/task/python/colcon_distutils_commands:/home/ruslan/ros2_ws/install/dobot_controller/lib/python3.10/site-packages:${PYTHONPATH} /usr/bin/python3 -W ignore:setup.py install is deprecated -W ignore:easy_install command is deprecated setup.py egg_info --egg-base ../../build/dobot_controller build --build-base /home/ruslan/ros2_ws/build/dobot_controller/build install --record /home/ruslan/ros2_ws/build/dobot_controller/install.log --single-version-externally-managed install_data
