[1.420s] Invoking command in '/home/ruslan/ros2_ws/src/magician_ros2/dobot_state_updater': PYTHONPATH=/home/ruslan/ros2_ws/build/dobot_state_updater/prefix_override:/usr/lib/python3/dist-packages/colcon_core/task/python/colcon_distutils_commands:/home/ruslan/ros2_ws/install/dobot_state_updater/lib/python3.10/site-packages:${PYTHONPATH} /usr/bin/python3 -W ignore:setup.py install is deprecated -W ignore:easy_install command is deprecated setup.py egg_info --egg-base ../../../build/dobot_state_updater build --build-base /home/ruslan/ros2_ws/build/dobot_state_updater/build install --record /home/ruslan/ros2_ws/build/dobot_state_updater/install.log --single-version-externally-managed install_data
[1.596s] running egg_info
[1.597s] writing ../../../build/dobot_state_updater/dobot_state_updater.egg-info/PKG-INFO
[1.597s] writing dependency_links to ../../../build/dobot_state_updater/dobot_state_updater.egg-info/dependency_links.txt
[1.597s] writing entry points to ../../../build/dobot_state_updater/dobot_state_updater.egg-info/entry_points.txt
[1.597s] writing requirements to ../../../build/dobot_state_updater/dobot_state_updater.egg-info/requires.txt
[1.597s] writing top-level names to ../../../build/dobot_state_updater/dobot_state_updater.egg-info/top_level.txt
[1.601s] reading manifest file '../../../build/dobot_state_updater/dobot_state_updater.egg-info/SOURCES.txt'
[1.601s] writing manifest file '../../../build/dobot_state_updater/dobot_state_updater.egg-info/SOURCES.txt'
[1.601s] running build
[1.602s] running build_py
[1.602s] running install
[1.602s] running install_lib
[1.602s] running install_data
[1.602s] running install_egg_info
[1.602s] removing '/home/ruslan/ros2_ws/install/dobot_state_updater/lib/python3.10/site-packages/dobot_state_updater-1.0.0-py3.10.egg-info' (and everything under it)
[1.603s] Copying ../../../build/dobot_state_updater/dobot_state_updater.egg-info to /home/ruslan/ros2_ws/install/dobot_state_updater/lib/python3.10/site-packages/dobot_state_updater-1.0.0-py3.10.egg-info
[1.603s] running install_scripts
[1.615s] Installing state_publisher script to /home/ruslan/ros2_ws/install/dobot_state_updater/lib/dobot_state_updater
[1.615s] writing list of installed files to '/home/ruslan/ros2_ws/build/dobot_state_updater/install.log'
[1.633s] Invoked command in '/home/ruslan/ros2_ws/src/magician_ros2/dobot_state_updater' returned '0': PYTHONPATH=/home/ruslan/ros2_ws/build/dobot_state_updater/prefix_override:/usr/lib/python3/dist-packages/colcon_core/task/python/colcon_distutils_commands:/home/ruslan/ros2_ws/install/dobot_state_updater/lib/python3.10/site-packages:${PYTHONPATH} /usr/bin/python3 -W ignore:setup.py install is deprecated -W ignore:easy_install command is deprecated setup.py egg_info --egg-base ../../../build/dobot_state_updater build --build-base /home/ruslan/ros2_ws/build/dobot_state_updater/build install --record /home/ruslan/ros2_ws/build/dobot_state_updater/install.log --single-version-externally-managed install_data
