running egg_info
writing ../../../build/dobot_motion/dobot_motion.egg-info/PKG-INFO
writing dependency_links to ../../../build/dobot_motion/dobot_motion.egg-info/dependency_links.txt
writing entry points to ../../../build/dobot_motion/dobot_motion.egg-info/entry_points.txt
writing requirements to ../../../build/dobot_motion/dobot_motion.egg-info/requires.txt
writing top-level names to ../../../build/dobot_motion/dobot_motion.egg-info/top_level.txt
reading manifest file '../../../build/dobot_motion/dobot_motion.egg-info/SOURCES.txt'
writing manifest file '../../../build/dobot_motion/dobot_motion.egg-info/SOURCES.txt'
running build
running build_py
running install
running install_lib
running install_data
running install_egg_info
removing '/home/ruslan/ros2_ws/install/dobot_motion/lib/python3.10/site-packages/dobot_motion-1.0.0-py3.10.egg-info' (and everything under it)
Copying ../../../build/dobot_motion/dobot_motion.egg-info to /home/ruslan/ros2_ws/install/dobot_motion/lib/python3.10/site-packages/dobot_motion-1.0.0-py3.10.egg-info
running install_scripts
Installing PTP_server script to /home/ruslan/ros2_ws/install/dobot_motion/lib/dobot_motion
Installing sliding_rail_server script to /home/ruslan/ros2_ws/install/dobot_motion/lib/dobot_motion
writing list of installed files to '/home/ruslan/ros2_ws/build/dobot_motion/install.log'
